[0.005s] Invoking command in '/home/luke/git/CDPRX/cable_robot_ws/build/cdprx': CMAKE_PREFIX_PATH=${CMAKE_PREFIX_PATH}:/home/luke/ros2_ws/install/sjtu_drone_control:/home/luke/ros2_ws/install/sjtu_drone_bringup:/opt/ros/humble /usr/bin/cmake /home/luke/git/CDPRX/cable_robot_ws/src/cable_robot_control -DAMENT_CMAKE_SYMLINK_INSTALL=1 -DCMAKE_INSTALL_PREFIX=/home/luke/git/CDPRX/cable_robot_ws/install/cdprx
[0.047s] -- The C compiler identification is GNU 11.4.0
[0.097s] -- The CXX compiler identification is GNU 11.4.0
[0.101s] -- Detecting C compiler ABI info
[0.158s] -- Detecting C compiler ABI info - done
[0.167s] -- Check for working C compiler: /usr/bin/cc - skipped
[0.167s] -- Detecting C compile features
[0.167s] -- Detecting C compile features - done
[0.169s] -- Detecting CXX compiler ABI info
[0.227s] -- Detecting CXX compiler ABI info - done
[0.231s] -- Check for working CXX compiler: /usr/bin/c++ - skipped
[0.231s] -- Detecting CXX compile features
[0.231s] -- Detecting CXX compile features - done
[0.232s] -- Found ament_cmake: 1.3.11 (/opt/ros/humble/share/ament_cmake/cmake)
[0.322s] -- Found Python3: /usr/bin/python3 (found version "3.10.12") found components: Interpreter 
[0.355s] -- Override CMake install command with custom implementation using symlinks instead of copying resources
[0.372s] -- Found rclcpp: 16.0.11 (/opt/ros/humble/share/rclcpp/cmake)
[0.395s] -- Found rosidl_generator_c: 3.1.6 (/opt/ros/humble/share/rosidl_generator_c/cmake)
[0.398s] -- Found rosidl_adapter: 3.1.6 (/opt/ros/humble/share/rosidl_adapter/cmake)
[0.402s] -- Found rosidl_generator_cpp: 3.1.6 (/opt/ros/humble/share/rosidl_generator_cpp/cmake)
[0.409s] -- Using all available rosidl_typesupport_c: rosidl_typesupport_fastrtps_c;rosidl_typesupport_introspection_c
[0.418s] -- Using all available rosidl_typesupport_cpp: rosidl_typesupport_fastrtps_cpp;rosidl_typesupport_introspection_cpp
[0.442s] -- Found rmw_implementation_cmake: 6.1.2 (/opt/ros/humble/share/rmw_implementation_cmake/cmake)
[0.444s] -- Found rmw_fastrtps_cpp: 6.2.7 (/opt/ros/humble/share/rmw_fastrtps_cpp/cmake)
[0.499s] -- Found OpenSSL: /usr/lib/x86_64-linux-gnu/libcrypto.so (found version "3.0.2")  
[0.514s] -- Found FastRTPS: /opt/ros/humble/include  
[0.537s] -- Using RMW implementation 'rmw_fastrtps_cpp' as default
[0.542s] -- Looking for pthread.h
[0.594s] -- Looking for pthread.h - found
[0.594s] -- Performing Test CMAKE_HAVE_LIBC_PTHREAD
[0.685s] -- Performing Test CMAKE_HAVE_LIBC_PTHREAD - Success
[0.686s] -- Found Threads: TRUE  
[0.715s] -- Found rclpy: 3.3.15 (/opt/ros/humble/share/rclpy/cmake)
[0.716s] -- Found geometry_msgs: 4.2.4 (/opt/ros/humble/share/geometry_msgs/cmake)
[0.723s] -- Found sensor_msgs: 4.2.4 (/opt/ros/humble/share/sensor_msgs/cmake)
[0.732s] -- Found tf2: 0.25.9 (/opt/ros/humble/share/tf2/cmake)
[0.738s] -- Found tf2_ros: 0.25.9 (/opt/ros/humble/share/tf2_ros/cmake)
[0.785s] -- Found urdf: 2.6.1 (/opt/ros/humble/share/urdf/cmake)
[0.799s] -- Found xacro: 2.0.8 (/opt/ros/humble/share/xacro/cmake)
[0.844s] -- Configuring done
[0.846s] -- Generating done
[0.848s] -- Build files have been written to: /home/luke/git/CDPRX/cable_robot_ws/build/cdprx
[0.853s] Invoked command in '/home/luke/git/CDPRX/cable_robot_ws/build/cdprx' returned '0': CMAKE_PREFIX_PATH=${CMAKE_PREFIX_PATH}:/home/luke/ros2_ws/install/sjtu_drone_control:/home/luke/ros2_ws/install/sjtu_drone_bringup:/opt/ros/humble /usr/bin/cmake /home/luke/git/CDPRX/cable_robot_ws/src/cable_robot_control -DAMENT_CMAKE_SYMLINK_INSTALL=1 -DCMAKE_INSTALL_PREFIX=/home/luke/git/CDPRX/cable_robot_ws/install/cdprx
[0.854s] Invoking command in '/home/luke/git/CDPRX/cable_robot_ws/build/cdprx': CMAKE_PREFIX_PATH=${CMAKE_PREFIX_PATH}:/home/luke/ros2_ws/install/sjtu_drone_control:/home/luke/ros2_ws/install/sjtu_drone_bringup:/opt/ros/humble /usr/bin/cmake --build /home/luke/git/CDPRX/cable_robot_ws/build/cdprx -- -j24 -l24
[0.893s] Invoked command in '/home/luke/git/CDPRX/cable_robot_ws/build/cdprx' returned '0': CMAKE_PREFIX_PATH=${CMAKE_PREFIX_PATH}:/home/luke/ros2_ws/install/sjtu_drone_control:/home/luke/ros2_ws/install/sjtu_drone_bringup:/opt/ros/humble /usr/bin/cmake --build /home/luke/git/CDPRX/cable_robot_ws/build/cdprx -- -j24 -l24
[0.895s] Invoking command in '/home/luke/git/CDPRX/cable_robot_ws/build/cdprx': CMAKE_PREFIX_PATH=${CMAKE_PREFIX_PATH}:/home/luke/ros2_ws/install/sjtu_drone_control:/home/luke/ros2_ws/install/sjtu_drone_bringup:/opt/ros/humble /usr/bin/cmake --install /home/luke/git/CDPRX/cable_robot_ws/build/cdprx
[0.909s] -- Install configuration: ""
[0.911s] -- Execute custom install script
[0.912s] -- Symlinking: /home/luke/git/CDPRX/cable_robot_ws/install/cdprx/share/cdprx/launch/robot.launch.py
[0.929s] -- Symlinking: /home/luke/git/CDPRX/cable_robot_ws/install/cdprx/share/ament_index/resource_index/package_run_dependencies/cdprx
[0.944s] -- Symlinking: /home/luke/git/CDPRX/cable_robot_ws/install/cdprx/share/ament_index/resource_index/parent_prefix_path/cdprx
[0.962s] -- Symlinking: /home/luke/git/CDPRX/cable_robot_ws/install/cdprx/share/cdprx/environment/ament_prefix_path.sh
[0.978s] -- Symlinking: /home/luke/git/CDPRX/cable_robot_ws/install/cdprx/share/cdprx/environment/ament_prefix_path.dsv
[0.994s] -- Symlinking: /home/luke/git/CDPRX/cable_robot_ws/install/cdprx/share/cdprx/environment/path.sh
[1.009s] -- Symlinking: /home/luke/git/CDPRX/cable_robot_ws/install/cdprx/share/cdprx/environment/path.dsv
[1.028s] -- Symlinking: /home/luke/git/CDPRX/cable_robot_ws/install/cdprx/share/cdprx/local_setup.bash
[1.045s] -- Symlinking: /home/luke/git/CDPRX/cable_robot_ws/install/cdprx/share/cdprx/local_setup.sh
[1.060s] -- Symlinking: /home/luke/git/CDPRX/cable_robot_ws/install/cdprx/share/cdprx/local_setup.zsh
[1.074s] -- Symlinking: /home/luke/git/CDPRX/cable_robot_ws/install/cdprx/share/cdprx/local_setup.dsv
[1.086s] -- Symlinking: /home/luke/git/CDPRX/cable_robot_ws/install/cdprx/share/cdprx/package.dsv
[1.095s] -- Symlinking: /home/luke/git/CDPRX/cable_robot_ws/install/cdprx/share/ament_index/resource_index/packages/cdprx
[1.111s] -- Symlinking: /home/luke/git/CDPRX/cable_robot_ws/install/cdprx/share/cdprx/cmake/cdprxConfig.cmake
[1.124s] -- Symlinking: /home/luke/git/CDPRX/cable_robot_ws/install/cdprx/share/cdprx/cmake/cdprxConfig-version.cmake
[1.132s] -- Symlinking: /home/luke/git/CDPRX/cable_robot_ws/install/cdprx/share/cdprx/package.xml
[1.151s] Invoked command in '/home/luke/git/CDPRX/cable_robot_ws/build/cdprx' returned '0': CMAKE_PREFIX_PATH=${CMAKE_PREFIX_PATH}:/home/luke/ros2_ws/install/sjtu_drone_control:/home/luke/ros2_ws/install/sjtu_drone_bringup:/opt/ros/humble /usr/bin/cmake --install /home/luke/git/CDPRX/cable_robot_ws/build/cdprx
