[0.049s] DEBUG:colcon:Command line arguments: ['/usr/bin/colcon', 'build', '--symlink-install']
[0.049s] DEBUG:colcon:Parsed command line arguments: Namespace(log_base=None, log_level=None, verb_name='build', build_base='build', install_base='install', merge_install=False, symlink_install=True, test_result_base=None, continue_on_error=False, executor='parallel', parallel_workers=24, event_handlers=None, ignore_user_meta=False, metas=['./colcon.meta'], base_paths=['.'], packages_ignore=None, packages_ignore_regex=None, paths=None, packages_up_to=None, packages_up_to_regex=None, packages_above=None, packages_above_and_dependencies=None, packages_above_depth=None, packages_select_by_dep=None, packages_skip_by_dep=None, packages_skip_up_to=None, packages_select_build_failed=False, packages_skip_build_finished=False, packages_select_test_failures=False, packages_skip_test_passed=False, packages_select=None, packages_skip=None, packages_select_regex=None, packages_skip_regex=None, packages_start=None, packages_end=None, allow_overriding=[], cmake_args=None, cmake_target=None, cmake_target_skip_unavailable=False, cmake_clean_cache=False, cmake_clean_first=False, cmake_force_configure=False, ament_cmake_args=None, catkin_cmake_args=None, catkin_skip_building_tests=False, verb_parser=<colcon_defaults.argument_parser.defaults.DefaultArgumentsDecorator object at 0x7b8984d16080>, verb_extension=<colcon_core.verb.build.BuildVerb object at 0x7b8984d15b10>, main=<bound method BuildVerb.main of <colcon_core.verb.build.BuildVerb object at 0x7b8984d15b10>>)
[0.117s] Level 1:colcon.colcon_core.package_discovery:discover_packages(colcon_meta) check parameters
[0.117s] Level 1:colcon.colcon_core.package_discovery:discover_packages(recursive) check parameters
[0.117s] Level 1:colcon.colcon_core.package_discovery:discover_packages(ignore) check parameters
[0.117s] Level 1:colcon.colcon_core.package_discovery:discover_packages(path) check parameters
[0.117s] Level 1:colcon.colcon_core.package_discovery:discover_packages(colcon_meta) discover
[0.117s] Level 1:colcon.colcon_core.package_discovery:discover_packages(recursive) discover
[0.117s] INFO:colcon.colcon_core.package_discovery:Crawling recursively for packages in '/home/luke/git/CDPRX/cable_robot_ws'
[0.117s] Level 1:colcon.colcon_core.package_identification:_identify(.) by extensions ['ignore', 'ignore_ament_install']
[0.118s] Level 1:colcon.colcon_core.package_identification:_identify(.) by extension 'ignore'
[0.118s] Level 1:colcon.colcon_core.package_identification:_identify(.) by extension 'ignore_ament_install'
[0.118s] Level 1:colcon.colcon_core.package_identification:_identify(.) by extensions ['colcon_pkg']
[0.118s] Level 1:colcon.colcon_core.package_identification:_identify(.) by extension 'colcon_pkg'
[0.118s] Level 1:colcon.colcon_core.package_identification:_identify(.) by extensions ['colcon_meta']
[0.118s] Level 1:colcon.colcon_core.package_identification:_identify(.) by extension 'colcon_meta'
[0.118s] Level 1:colcon.colcon_core.package_identification:_identify(.) by extensions ['ros']
[0.118s] Level 1:colcon.colcon_core.package_identification:_identify(.) by extension 'ros'
[0.124s] Level 1:colcon.colcon_core.package_identification:_identify(.) by extensions ['cmake', 'python']
[0.124s] Level 1:colcon.colcon_core.package_identification:_identify(.) by extension 'cmake'
[0.124s] Level 1:colcon.colcon_core.package_identification:_identify(.) by extension 'python'
[0.124s] Level 1:colcon.colcon_core.package_identification:_identify(.) by extensions ['python_setup_py']
[0.124s] Level 1:colcon.colcon_core.package_identification:_identify(.) by extension 'python_setup_py'
[0.124s] Level 1:colcon.colcon_core.package_identification:_identify(build) by extensions ['ignore', 'ignore_ament_install']
[0.124s] Level 1:colcon.colcon_core.package_identification:_identify(build) by extension 'ignore'
[0.124s] Level 1:colcon.colcon_core.package_identification:_identify(build) ignored
[0.124s] Level 1:colcon.colcon_core.package_identification:_identify(install) by extensions ['ignore', 'ignore_ament_install']
[0.124s] Level 1:colcon.colcon_core.package_identification:_identify(install) by extension 'ignore'
[0.124s] Level 1:colcon.colcon_core.package_identification:_identify(install) ignored
[0.124s] Level 1:colcon.colcon_core.package_identification:_identify(log) by extensions ['ignore', 'ignore_ament_install']
[0.124s] Level 1:colcon.colcon_core.package_identification:_identify(log) by extension 'ignore'
[0.124s] Level 1:colcon.colcon_core.package_identification:_identify(log) ignored
[0.124s] Level 1:colcon.colcon_core.package_identification:_identify(scripts) by extensions ['ignore', 'ignore_ament_install']
[0.124s] Level 1:colcon.colcon_core.package_identification:_identify(scripts) by extension 'ignore'
[0.124s] Level 1:colcon.colcon_core.package_identification:_identify(scripts) by extension 'ignore_ament_install'
[0.124s] Level 1:colcon.colcon_core.package_identification:_identify(scripts) by extensions ['colcon_pkg']
[0.124s] Level 1:colcon.colcon_core.package_identification:_identify(scripts) by extension 'colcon_pkg'
[0.124s] Level 1:colcon.colcon_core.package_identification:_identify(scripts) by extensions ['colcon_meta']
[0.124s] Level 1:colcon.colcon_core.package_identification:_identify(scripts) by extension 'colcon_meta'
[0.124s] Level 1:colcon.colcon_core.package_identification:_identify(scripts) by extensions ['ros']
[0.124s] Level 1:colcon.colcon_core.package_identification:_identify(scripts) by extension 'ros'
[0.124s] Level 1:colcon.colcon_core.package_identification:_identify(scripts) by extensions ['cmake', 'python']
[0.124s] Level 1:colcon.colcon_core.package_identification:_identify(scripts) by extension 'cmake'
[0.124s] Level 1:colcon.colcon_core.package_identification:_identify(scripts) by extension 'python'
[0.124s] Level 1:colcon.colcon_core.package_identification:_identify(scripts) by extensions ['python_setup_py']
[0.124s] Level 1:colcon.colcon_core.package_identification:_identify(scripts) by extension 'python_setup_py'
[0.124s] Level 1:colcon.colcon_core.package_identification:_identify(src) by extensions ['ignore', 'ignore_ament_install']
[0.124s] Level 1:colcon.colcon_core.package_identification:_identify(src) by extension 'ignore'
[0.124s] Level 1:colcon.colcon_core.package_identification:_identify(src) by extension 'ignore_ament_install'
[0.124s] Level 1:colcon.colcon_core.package_identification:_identify(src) by extensions ['colcon_pkg']
[0.124s] Level 1:colcon.colcon_core.package_identification:_identify(src) by extension 'colcon_pkg'
[0.124s] Level 1:colcon.colcon_core.package_identification:_identify(src) by extensions ['colcon_meta']
[0.124s] Level 1:colcon.colcon_core.package_identification:_identify(src) by extension 'colcon_meta'
[0.124s] Level 1:colcon.colcon_core.package_identification:_identify(src) by extensions ['ros']
[0.124s] Level 1:colcon.colcon_core.package_identification:_identify(src) by extension 'ros'
[0.124s] Level 1:colcon.colcon_core.package_identification:_identify(src) by extensions ['cmake', 'python']
[0.124s] Level 1:colcon.colcon_core.package_identification:_identify(src) by extension 'cmake'
[0.124s] Level 1:colcon.colcon_core.package_identification:_identify(src) by extension 'python'
[0.124s] Level 1:colcon.colcon_core.package_identification:_identify(src) by extensions ['python_setup_py']
[0.124s] Level 1:colcon.colcon_core.package_identification:_identify(src) by extension 'python_setup_py'
[0.124s] Level 1:colcon.colcon_core.package_identification:_identify(src/cable_robot_control) by extensions ['ignore', 'ignore_ament_install']
[0.125s] Level 1:colcon.colcon_core.package_identification:_identify(src/cable_robot_control) by extension 'ignore'
[0.125s] Level 1:colcon.colcon_core.package_identification:_identify(src/cable_robot_control) by extension 'ignore_ament_install'
[0.125s] Level 1:colcon.colcon_core.package_identification:_identify(src/cable_robot_control) by extensions ['colcon_pkg']
[0.125s] Level 1:colcon.colcon_core.package_identification:_identify(src/cable_robot_control) by extension 'colcon_pkg'
[0.125s] Level 1:colcon.colcon_core.package_identification:_identify(src/cable_robot_control) by extensions ['colcon_meta']
[0.125s] Level 1:colcon.colcon_core.package_identification:_identify(src/cable_robot_control) by extension 'colcon_meta'
[0.125s] Level 1:colcon.colcon_core.package_identification:_identify(src/cable_robot_control) by extensions ['ros']
[0.125s] Level 1:colcon.colcon_core.package_identification:_identify(src/cable_robot_control) by extension 'ros'
[0.127s] DEBUG:colcon.colcon_core.package_identification:Package 'src/cable_robot_control' with type 'ros.ament_cmake' and name 'cdprx'
[0.127s] Level 1:colcon.colcon_core.package_identification:_identify(src/cable_robot_description) by extensions ['ignore', 'ignore_ament_install']
[0.127s] Level 1:colcon.colcon_core.package_identification:_identify(src/cable_robot_description) by extension 'ignore'
[0.127s] Level 1:colcon.colcon_core.package_identification:_identify(src/cable_robot_description) by extension 'ignore_ament_install'
[0.127s] Level 1:colcon.colcon_core.package_identification:_identify(src/cable_robot_description) by extensions ['colcon_pkg']
[0.127s] Level 1:colcon.colcon_core.package_identification:_identify(src/cable_robot_description) by extension 'colcon_pkg'
[0.127s] Level 1:colcon.colcon_core.package_identification:_identify(src/cable_robot_description) by extensions ['colcon_meta']
[0.127s] Level 1:colcon.colcon_core.package_identification:_identify(src/cable_robot_description) by extension 'colcon_meta'
[0.127s] Level 1:colcon.colcon_core.package_identification:_identify(src/cable_robot_description) by extensions ['ros']
[0.127s] Level 1:colcon.colcon_core.package_identification:_identify(src/cable_robot_description) by extension 'ros'
[0.127s] DEBUG:colcon.colcon_core.package_identification:Package 'src/cable_robot_description' with type 'ros.ament_cmake' and name 'cable_robot_description'
[0.127s] Level 1:colcon.colcon_core.package_identification:_identify(src/cable_robot_firmware) by extensions ['ignore', 'ignore_ament_install']
[0.127s] Level 1:colcon.colcon_core.package_identification:_identify(src/cable_robot_firmware) by extension 'ignore'
[0.127s] Level 1:colcon.colcon_core.package_identification:_identify(src/cable_robot_firmware) by extension 'ignore_ament_install'
[0.127s] Level 1:colcon.colcon_core.package_identification:_identify(src/cable_robot_firmware) by extensions ['colcon_pkg']
[0.127s] Level 1:colcon.colcon_core.package_identification:_identify(src/cable_robot_firmware) by extension 'colcon_pkg'
[0.127s] Level 1:colcon.colcon_core.package_identification:_identify(src/cable_robot_firmware) by extensions ['colcon_meta']
[0.127s] Level 1:colcon.colcon_core.package_identification:_identify(src/cable_robot_firmware) by extension 'colcon_meta'
[0.127s] Level 1:colcon.colcon_core.package_identification:_identify(src/cable_robot_firmware) by extensions ['ros']
[0.127s] Level 1:colcon.colcon_core.package_identification:_identify(src/cable_robot_firmware) by extension 'ros'
[0.127s] Level 1:colcon.colcon_core.package_identification:_identify(src/cable_robot_firmware) by extensions ['cmake', 'python']
[0.127s] Level 1:colcon.colcon_core.package_identification:_identify(src/cable_robot_firmware) by extension 'cmake'
[0.127s] Level 1:colcon.colcon_core.package_identification:_identify(src/cable_robot_firmware) by extension 'python'
[0.127s] Level 1:colcon.colcon_core.package_identification:_identify(src/cable_robot_firmware) by extensions ['python_setup_py']
[0.127s] Level 1:colcon.colcon_core.package_identification:_identify(src/cable_robot_firmware) by extension 'python_setup_py'
[0.127s] Level 1:colcon.colcon_core.package_identification:_identify(src/cable_robot_firmware/include) by extensions ['ignore', 'ignore_ament_install']
[0.128s] Level 1:colcon.colcon_core.package_identification:_identify(src/cable_robot_firmware/include) by extension 'ignore'
[0.128s] Level 1:colcon.colcon_core.package_identification:_identify(src/cable_robot_firmware/include) by extension 'ignore_ament_install'
[0.128s] Level 1:colcon.colcon_core.package_identification:_identify(src/cable_robot_firmware/include) by extensions ['colcon_pkg']
[0.128s] Level 1:colcon.colcon_core.package_identification:_identify(src/cable_robot_firmware/include) by extension 'colcon_pkg'
[0.128s] Level 1:colcon.colcon_core.package_identification:_identify(src/cable_robot_firmware/include) by extensions ['colcon_meta']
[0.128s] Level 1:colcon.colcon_core.package_identification:_identify(src/cable_robot_firmware/include) by extension 'colcon_meta'
[0.128s] Level 1:colcon.colcon_core.package_identification:_identify(src/cable_robot_firmware/include) by extensions ['ros']
[0.128s] Level 1:colcon.colcon_core.package_identification:_identify(src/cable_robot_firmware/include) by extension 'ros'
[0.128s] Level 1:colcon.colcon_core.package_identification:_identify(src/cable_robot_firmware/include) by extensions ['cmake', 'python']
[0.128s] Level 1:colcon.colcon_core.package_identification:_identify(src/cable_robot_firmware/include) by extension 'cmake'
[0.128s] Level 1:colcon.colcon_core.package_identification:_identify(src/cable_robot_firmware/include) by extension 'python'
[0.128s] Level 1:colcon.colcon_core.package_identification:_identify(src/cable_robot_firmware/include) by extensions ['python_setup_py']
[0.128s] Level 1:colcon.colcon_core.package_identification:_identify(src/cable_robot_firmware/include) by extension 'python_setup_py'
[0.128s] Level 1:colcon.colcon_core.package_identification:_identify(src/cable_robot_firmware/lib) by extensions ['ignore', 'ignore_ament_install']
[0.128s] Level 1:colcon.colcon_core.package_identification:_identify(src/cable_robot_firmware/lib) by extension 'ignore'
[0.128s] Level 1:colcon.colcon_core.package_identification:_identify(src/cable_robot_firmware/lib) by extension 'ignore_ament_install'
[0.128s] Level 1:colcon.colcon_core.package_identification:_identify(src/cable_robot_firmware/lib) by extensions ['colcon_pkg']
[0.128s] Level 1:colcon.colcon_core.package_identification:_identify(src/cable_robot_firmware/lib) by extension 'colcon_pkg'
[0.128s] Level 1:colcon.colcon_core.package_identification:_identify(src/cable_robot_firmware/lib) by extensions ['colcon_meta']
[0.128s] Level 1:colcon.colcon_core.package_identification:_identify(src/cable_robot_firmware/lib) by extension 'colcon_meta'
[0.128s] Level 1:colcon.colcon_core.package_identification:_identify(src/cable_robot_firmware/lib) by extensions ['ros']
[0.128s] Level 1:colcon.colcon_core.package_identification:_identify(src/cable_robot_firmware/lib) by extension 'ros'
[0.128s] Level 1:colcon.colcon_core.package_identification:_identify(src/cable_robot_firmware/lib) by extensions ['cmake', 'python']
[0.128s] Level 1:colcon.colcon_core.package_identification:_identify(src/cable_robot_firmware/lib) by extension 'cmake'
[0.128s] Level 1:colcon.colcon_core.package_identification:_identify(src/cable_robot_firmware/lib) by extension 'python'
[0.128s] Level 1:colcon.colcon_core.package_identification:_identify(src/cable_robot_firmware/lib) by extensions ['python_setup_py']
[0.128s] Level 1:colcon.colcon_core.package_identification:_identify(src/cable_robot_firmware/lib) by extension 'python_setup_py'
[0.128s] Level 1:colcon.colcon_core.package_identification:_identify(src/cable_robot_firmware/src) by extensions ['ignore', 'ignore_ament_install']
[0.128s] Level 1:colcon.colcon_core.package_identification:_identify(src/cable_robot_firmware/src) by extension 'ignore'
[0.128s] Level 1:colcon.colcon_core.package_identification:_identify(src/cable_robot_firmware/src) by extension 'ignore_ament_install'
[0.128s] Level 1:colcon.colcon_core.package_identification:_identify(src/cable_robot_firmware/src) by extensions ['colcon_pkg']
[0.128s] Level 1:colcon.colcon_core.package_identification:_identify(src/cable_robot_firmware/src) by extension 'colcon_pkg'
[0.128s] Level 1:colcon.colcon_core.package_identification:_identify(src/cable_robot_firmware/src) by extensions ['colcon_meta']
[0.128s] Level 1:colcon.colcon_core.package_identification:_identify(src/cable_robot_firmware/src) by extension 'colcon_meta'
[0.128s] Level 1:colcon.colcon_core.package_identification:_identify(src/cable_robot_firmware/src) by extensions ['ros']
[0.128s] Level 1:colcon.colcon_core.package_identification:_identify(src/cable_robot_firmware/src) by extension 'ros'
[0.128s] Level 1:colcon.colcon_core.package_identification:_identify(src/cable_robot_firmware/src) by extensions ['cmake', 'python']
[0.128s] Level 1:colcon.colcon_core.package_identification:_identify(src/cable_robot_firmware/src) by extension 'cmake'
[0.128s] Level 1:colcon.colcon_core.package_identification:_identify(src/cable_robot_firmware/src) by extension 'python'
[0.128s] Level 1:colcon.colcon_core.package_identification:_identify(src/cable_robot_firmware/src) by extensions ['python_setup_py']
[0.128s] Level 1:colcon.colcon_core.package_identification:_identify(src/cable_robot_firmware/src) by extension 'python_setup_py'
[0.128s] Level 1:colcon.colcon_core.package_discovery:discover_packages(recursive) using defaults
[0.128s] Level 1:colcon.colcon_core.package_discovery:discover_packages(ignore) discover
[0.128s] Level 1:colcon.colcon_core.package_discovery:discover_packages(ignore) using defaults
[0.128s] Level 1:colcon.colcon_core.package_discovery:discover_packages(path) discover
[0.128s] Level 1:colcon.colcon_core.package_discovery:discover_packages(path) using defaults
[0.138s] Level 1:colcon.colcon_core.package_discovery:discover_packages(prefix_path) check parameters
[0.138s] Level 1:colcon.colcon_core.package_discovery:discover_packages(prefix_path) discover
[0.139s] WARNING:colcon.colcon_ros.prefix_path.ament:The path '/home/luke/git/CDPRX/cable_robot_ws/install/cdprx' in the environment variable AMENT_PREFIX_PATH doesn't exist
[0.139s] WARNING:colcon.colcon_ros.prefix_path.ament:The path '/home/luke/git/CDPRX/cable_robot_ws/install/cable_robot_description' in the environment variable AMENT_PREFIX_PATH doesn't exist
[0.139s] WARNING:colcon.colcon_ros.prefix_path.catkin:The path '/home/luke/git/CDPRX/cable_robot_ws/install/cdprx' in the environment variable CMAKE_PREFIX_PATH doesn't exist
[0.139s] WARNING:colcon.colcon_ros.prefix_path.catkin:The path '/home/luke/git/CDPRX/cable_robot_ws/install/cable_robot_description' in the environment variable CMAKE_PREFIX_PATH doesn't exist
[0.139s] DEBUG:colcon.colcon_installed_package_information.package_discovery:Found 0 installed packages in /home/luke/git/CDPRX/cable_robot_ws/install
[0.140s] DEBUG:colcon.colcon_installed_package_information.package_discovery:Found 16 installed packages in /home/luke/ros2_ws/install
[0.140s] DEBUG:colcon.colcon_installed_package_information.package_discovery:Found 252 installed packages in /opt/ros/humble
[0.141s] Level 1:colcon.colcon_core.package_discovery:discover_packages(prefix_path) using defaults
[0.160s] Level 5:colcon.colcon_core.verb:set package 'cable_robot_description' build argument 'cmake_args' from command line to 'None'
[0.160s] Level 5:colcon.colcon_core.verb:set package 'cable_robot_description' build argument 'cmake_target' from command line to 'None'
[0.160s] Level 5:colcon.colcon_core.verb:set package 'cable_robot_description' build argument 'cmake_target_skip_unavailable' from command line to 'False'
[0.161s] Level 5:colcon.colcon_core.verb:set package 'cable_robot_description' build argument 'cmake_clean_cache' from command line to 'False'
[0.161s] Level 5:colcon.colcon_core.verb:set package 'cable_robot_description' build argument 'cmake_clean_first' from command line to 'False'
[0.161s] Level 5:colcon.colcon_core.verb:set package 'cable_robot_description' build argument 'cmake_force_configure' from command line to 'False'
[0.161s] Level 5:colcon.colcon_core.verb:set package 'cable_robot_description' build argument 'ament_cmake_args' from command line to 'None'
[0.161s] Level 5:colcon.colcon_core.verb:set package 'cable_robot_description' build argument 'catkin_cmake_args' from command line to 'None'
[0.161s] Level 5:colcon.colcon_core.verb:set package 'cable_robot_description' build argument 'catkin_skip_building_tests' from command line to 'False'
[0.161s] DEBUG:colcon.colcon_core.verb:Building package 'cable_robot_description' with the following arguments: {'ament_cmake_args': None, 'build_base': '/home/luke/git/CDPRX/cable_robot_ws/build/cable_robot_description', 'catkin_cmake_args': None, 'catkin_skip_building_tests': False, 'cmake_args': None, 'cmake_clean_cache': False, 'cmake_clean_first': False, 'cmake_force_configure': False, 'cmake_target': None, 'cmake_target_skip_unavailable': False, 'install_base': '/home/luke/git/CDPRX/cable_robot_ws/install/cable_robot_description', 'merge_install': False, 'path': '/home/luke/git/CDPRX/cable_robot_ws/src/cable_robot_description', 'symlink_install': True, 'test_result_base': None}
[0.161s] Level 5:colcon.colcon_core.verb:set package 'cdprx' build argument 'cmake_args' from command line to 'None'
[0.161s] Level 5:colcon.colcon_core.verb:set package 'cdprx' build argument 'cmake_target' from command line to 'None'
[0.161s] Level 5:colcon.colcon_core.verb:set package 'cdprx' build argument 'cmake_target_skip_unavailable' from command line to 'False'
[0.161s] Level 5:colcon.colcon_core.verb:set package 'cdprx' build argument 'cmake_clean_cache' from command line to 'False'
[0.161s] Level 5:colcon.colcon_core.verb:set package 'cdprx' build argument 'cmake_clean_first' from command line to 'False'
[0.161s] Level 5:colcon.colcon_core.verb:set package 'cdprx' build argument 'cmake_force_configure' from command line to 'False'
[0.161s] Level 5:colcon.colcon_core.verb:set package 'cdprx' build argument 'ament_cmake_args' from command line to 'None'
[0.161s] Level 5:colcon.colcon_core.verb:set package 'cdprx' build argument 'catkin_cmake_args' from command line to 'None'
[0.161s] Level 5:colcon.colcon_core.verb:set package 'cdprx' build argument 'catkin_skip_building_tests' from command line to 'False'
[0.161s] DEBUG:colcon.colcon_core.verb:Building package 'cdprx' with the following arguments: {'ament_cmake_args': None, 'build_base': '/home/luke/git/CDPRX/cable_robot_ws/build/cdprx', 'catkin_cmake_args': None, 'catkin_skip_building_tests': False, 'cmake_args': None, 'cmake_clean_cache': False, 'cmake_clean_first': False, 'cmake_force_configure': False, 'cmake_target': None, 'cmake_target_skip_unavailable': False, 'install_base': '/home/luke/git/CDPRX/cable_robot_ws/install/cdprx', 'merge_install': False, 'path': '/home/luke/git/CDPRX/cable_robot_ws/src/cable_robot_control', 'symlink_install': True, 'test_result_base': None}
[0.161s] INFO:colcon.colcon_core.executor:Executing jobs using 'parallel' executor
[0.161s] DEBUG:colcon.colcon_parallel_executor.executor.parallel:run_until_complete
[0.162s] INFO:colcon.colcon_ros.task.ament_cmake.build:Building ROS package in '/home/luke/git/CDPRX/cable_robot_ws/src/cable_robot_description' with build type 'ament_cmake'
[0.162s] INFO:colcon.colcon_cmake.task.cmake.build:Building CMake package in '/home/luke/git/CDPRX/cable_robot_ws/src/cable_robot_description'
[0.163s] INFO:colcon.colcon_core.plugin_system:Skipping extension 'colcon_core.shell.bat': Not used on non-Windows systems
[0.163s] INFO:colcon.colcon_core.shell:Skip shell extension 'powershell' for command environment: Not usable outside of PowerShell
[0.163s] DEBUG:colcon.colcon_core.shell:Skip shell extension 'dsv' for command environment
[0.165s] INFO:colcon.colcon_ros.task.ament_cmake.build:Building ROS package in '/home/luke/git/CDPRX/cable_robot_ws/src/cable_robot_control' with build type 'ament_cmake'
[0.165s] INFO:colcon.colcon_cmake.task.cmake.build:Building CMake package in '/home/luke/git/CDPRX/cable_robot_ws/src/cable_robot_control'
[0.165s] INFO:colcon.colcon_core.shell:Skip shell extension 'powershell' for command environment: Not usable outside of PowerShell
[0.165s] DEBUG:colcon.colcon_core.shell:Skip shell extension 'dsv' for command environment
[0.169s] DEBUG:colcon.colcon_core.event_handler.log_command:Invoking command in '/home/luke/git/CDPRX/cable_robot_ws/build/cable_robot_description': CMAKE_PREFIX_PATH=${CMAKE_PREFIX_PATH}:/home/luke/ros2_ws/install/sjtu_drone_control:/home/luke/ros2_ws/install/sjtu_drone_bringup:/opt/ros/humble /usr/bin/cmake /home/luke/git/CDPRX/cable_robot_ws/src/cable_robot_description -DAMENT_CMAKE_SYMLINK_INSTALL=1 -DCMAKE_INSTALL_PREFIX=/home/luke/git/CDPRX/cable_robot_ws/install/cable_robot_description
[0.170s] DEBUG:colcon.colcon_core.event_handler.log_command:Invoking command in '/home/luke/git/CDPRX/cable_robot_ws/build/cdprx': CMAKE_PREFIX_PATH=${CMAKE_PREFIX_PATH}:/home/luke/ros2_ws/install/sjtu_drone_control:/home/luke/ros2_ws/install/sjtu_drone_bringup:/opt/ros/humble /usr/bin/cmake /home/luke/git/CDPRX/cable_robot_ws/src/cable_robot_control -DAMENT_CMAKE_SYMLINK_INSTALL=1 -DCMAKE_INSTALL_PREFIX=/home/luke/git/CDPRX/cable_robot_ws/install/cdprx
[0.572s] DEBUG:colcon.colcon_core.event_handler.log_command:Invoked command in '/home/luke/git/CDPRX/cable_robot_ws/build/cable_robot_description' returned '0': CMAKE_PREFIX_PATH=${CMAKE_PREFIX_PATH}:/home/luke/ros2_ws/install/sjtu_drone_control:/home/luke/ros2_ws/install/sjtu_drone_bringup:/opt/ros/humble /usr/bin/cmake /home/luke/git/CDPRX/cable_robot_ws/src/cable_robot_description -DAMENT_CMAKE_SYMLINK_INSTALL=1 -DCMAKE_INSTALL_PREFIX=/home/luke/git/CDPRX/cable_robot_ws/install/cable_robot_description
[0.573s] DEBUG:colcon.colcon_core.event_handler.log_command:Invoking command in '/home/luke/git/CDPRX/cable_robot_ws/build/cable_robot_description': CMAKE_PREFIX_PATH=${CMAKE_PREFIX_PATH}:/home/luke/ros2_ws/install/sjtu_drone_control:/home/luke/ros2_ws/install/sjtu_drone_bringup:/opt/ros/humble /usr/bin/cmake --build /home/luke/git/CDPRX/cable_robot_ws/build/cable_robot_description -- -j24 -l24
[0.597s] DEBUG:colcon.colcon_core.event_handler.log_command:Invoked command in '/home/luke/git/CDPRX/cable_robot_ws/build/cable_robot_description' returned '0': CMAKE_PREFIX_PATH=${CMAKE_PREFIX_PATH}:/home/luke/ros2_ws/install/sjtu_drone_control:/home/luke/ros2_ws/install/sjtu_drone_bringup:/opt/ros/humble /usr/bin/cmake --build /home/luke/git/CDPRX/cable_robot_ws/build/cable_robot_description -- -j24 -l24
[0.602s] DEBUG:colcon.colcon_core.event_handler.log_command:Invoking command in '/home/luke/git/CDPRX/cable_robot_ws/build/cable_robot_description': CMAKE_PREFIX_PATH=${CMAKE_PREFIX_PATH}:/home/luke/ros2_ws/install/sjtu_drone_control:/home/luke/ros2_ws/install/sjtu_drone_bringup:/opt/ros/humble /usr/bin/cmake --install /home/luke/git/CDPRX/cable_robot_ws/build/cable_robot_description
[0.762s] Level 1:colcon.colcon_core.environment:create_environment_scripts_only(cable_robot_description)
[0.762s] DEBUG:colcon.colcon_core.event_handler.log_command:Invoked command in '/home/luke/git/CDPRX/cable_robot_ws/build/cable_robot_description' returned '0': CMAKE_PREFIX_PATH=${CMAKE_PREFIX_PATH}:/home/luke/ros2_ws/install/sjtu_drone_control:/home/luke/ros2_ws/install/sjtu_drone_bringup:/opt/ros/humble /usr/bin/cmake --install /home/luke/git/CDPRX/cable_robot_ws/build/cable_robot_description
[0.765s] Level 1:colcon.colcon_core.environment:checking '/home/luke/git/CDPRX/cable_robot_ws/install/cable_robot_description' for CMake module files
[0.765s] Level 1:colcon.colcon_core.environment:checking '/home/luke/git/CDPRX/cable_robot_ws/install/cable_robot_description' for CMake config files
[0.766s] Level 1:colcon.colcon_core.shell:create_environment_hook('cable_robot_description', 'cmake_prefix_path')
[0.766s] INFO:colcon.colcon_core.shell:Creating environment hook '/home/luke/git/CDPRX/cable_robot_ws/install/cable_robot_description/share/cable_robot_description/hook/cmake_prefix_path.ps1'
[0.767s] INFO:colcon.colcon_core.shell:Creating environment descriptor '/home/luke/git/CDPRX/cable_robot_ws/install/cable_robot_description/share/cable_robot_description/hook/cmake_prefix_path.dsv'
[0.768s] INFO:colcon.colcon_core.shell:Creating environment hook '/home/luke/git/CDPRX/cable_robot_ws/install/cable_robot_description/share/cable_robot_description/hook/cmake_prefix_path.sh'
[0.769s] Level 1:colcon.colcon_core.environment:checking '/home/luke/git/CDPRX/cable_robot_ws/install/cable_robot_description/bin'
[0.769s] Level 1:colcon.colcon_core.environment:checking '/home/luke/git/CDPRX/cable_robot_ws/install/cable_robot_description/lib/pkgconfig/cable_robot_description.pc'
[0.769s] Level 1:colcon.colcon_core.environment:checking '/home/luke/git/CDPRX/cable_robot_ws/install/cable_robot_description/lib/python3.10/site-packages'
[0.770s] Level 1:colcon.colcon_core.environment:checking '/home/luke/git/CDPRX/cable_robot_ws/install/cable_robot_description/bin'
[0.770s] INFO:colcon.colcon_core.shell:Creating package script '/home/luke/git/CDPRX/cable_robot_ws/install/cable_robot_description/share/cable_robot_description/package.ps1'
[0.770s] INFO:colcon.colcon_core.shell:Creating package descriptor '/home/luke/git/CDPRX/cable_robot_ws/install/cable_robot_description/share/cable_robot_description/package.dsv'
[0.771s] INFO:colcon.colcon_core.shell:Creating package script '/home/luke/git/CDPRX/cable_robot_ws/install/cable_robot_description/share/cable_robot_description/package.sh'
[0.771s] INFO:colcon.colcon_core.shell:Creating package script '/home/luke/git/CDPRX/cable_robot_ws/install/cable_robot_description/share/cable_robot_description/package.bash'
[0.772s] INFO:colcon.colcon_core.shell:Creating package script '/home/luke/git/CDPRX/cable_robot_ws/install/cable_robot_description/share/cable_robot_description/package.zsh'
[0.772s] Level 1:colcon.colcon_core.environment:create_file_with_runtime_dependencies(/home/luke/git/CDPRX/cable_robot_ws/install/cable_robot_description/share/colcon-core/packages/cable_robot_description)
[0.773s] Level 1:colcon.colcon_core.environment:create_environment_scripts_only(cable_robot_description)
[0.773s] Level 1:colcon.colcon_core.environment:checking '/home/luke/git/CDPRX/cable_robot_ws/install/cable_robot_description' for CMake module files
[0.773s] Level 1:colcon.colcon_core.environment:checking '/home/luke/git/CDPRX/cable_robot_ws/install/cable_robot_description' for CMake config files
[0.774s] Level 1:colcon.colcon_core.shell:create_environment_hook('cable_robot_description', 'cmake_prefix_path')
[0.774s] INFO:colcon.colcon_core.shell:Creating environment hook '/home/luke/git/CDPRX/cable_robot_ws/install/cable_robot_description/share/cable_robot_description/hook/cmake_prefix_path.ps1'
[0.774s] INFO:colcon.colcon_core.shell:Creating environment descriptor '/home/luke/git/CDPRX/cable_robot_ws/install/cable_robot_description/share/cable_robot_description/hook/cmake_prefix_path.dsv'
[0.775s] INFO:colcon.colcon_core.shell:Creating environment hook '/home/luke/git/CDPRX/cable_robot_ws/install/cable_robot_description/share/cable_robot_description/hook/cmake_prefix_path.sh'
[0.775s] Level 1:colcon.colcon_core.environment:checking '/home/luke/git/CDPRX/cable_robot_ws/install/cable_robot_description/bin'
[0.775s] Level 1:colcon.colcon_core.environment:checking '/home/luke/git/CDPRX/cable_robot_ws/install/cable_robot_description/lib/pkgconfig/cable_robot_description.pc'
[0.776s] Level 1:colcon.colcon_core.environment:checking '/home/luke/git/CDPRX/cable_robot_ws/install/cable_robot_description/lib/python3.10/site-packages'
[0.776s] Level 1:colcon.colcon_core.environment:checking '/home/luke/git/CDPRX/cable_robot_ws/install/cable_robot_description/bin'
[0.776s] INFO:colcon.colcon_core.shell:Creating package script '/home/luke/git/CDPRX/cable_robot_ws/install/cable_robot_description/share/cable_robot_description/package.ps1'
[0.777s] INFO:colcon.colcon_core.shell:Creating package descriptor '/home/luke/git/CDPRX/cable_robot_ws/install/cable_robot_description/share/cable_robot_description/package.dsv'
[0.777s] INFO:colcon.colcon_core.shell:Creating package script '/home/luke/git/CDPRX/cable_robot_ws/install/cable_robot_description/share/cable_robot_description/package.sh'
[0.778s] INFO:colcon.colcon_core.shell:Creating package script '/home/luke/git/CDPRX/cable_robot_ws/install/cable_robot_description/share/cable_robot_description/package.bash'
[0.778s] INFO:colcon.colcon_core.shell:Creating package script '/home/luke/git/CDPRX/cable_robot_ws/install/cable_robot_description/share/cable_robot_description/package.zsh'
[0.778s] Level 1:colcon.colcon_core.environment:create_file_with_runtime_dependencies(/home/luke/git/CDPRX/cable_robot_ws/install/cable_robot_description/share/colcon-core/packages/cable_robot_description)
[1.018s] DEBUG:colcon.colcon_core.event_handler.log_command:Invoked command in '/home/luke/git/CDPRX/cable_robot_ws/build/cdprx' returned '0': CMAKE_PREFIX_PATH=${CMAKE_PREFIX_PATH}:/home/luke/ros2_ws/install/sjtu_drone_control:/home/luke/ros2_ws/install/sjtu_drone_bringup:/opt/ros/humble /usr/bin/cmake /home/luke/git/CDPRX/cable_robot_ws/src/cable_robot_control -DAMENT_CMAKE_SYMLINK_INSTALL=1 -DCMAKE_INSTALL_PREFIX=/home/luke/git/CDPRX/cable_robot_ws/install/cdprx
[1.019s] DEBUG:colcon.colcon_core.event_handler.log_command:Invoking command in '/home/luke/git/CDPRX/cable_robot_ws/build/cdprx': CMAKE_PREFIX_PATH=${CMAKE_PREFIX_PATH}:/home/luke/ros2_ws/install/sjtu_drone_control:/home/luke/ros2_ws/install/sjtu_drone_bringup:/opt/ros/humble /usr/bin/cmake --build /home/luke/git/CDPRX/cable_robot_ws/build/cdprx -- -j24 -l24
[1.058s] DEBUG:colcon.colcon_core.event_handler.log_command:Invoked command in '/home/luke/git/CDPRX/cable_robot_ws/build/cdprx' returned '0': CMAKE_PREFIX_PATH=${CMAKE_PREFIX_PATH}:/home/luke/ros2_ws/install/sjtu_drone_control:/home/luke/ros2_ws/install/sjtu_drone_bringup:/opt/ros/humble /usr/bin/cmake --build /home/luke/git/CDPRX/cable_robot_ws/build/cdprx -- -j24 -l24
[1.060s] DEBUG:colcon.colcon_core.event_handler.log_command:Invoking command in '/home/luke/git/CDPRX/cable_robot_ws/build/cdprx': CMAKE_PREFIX_PATH=${CMAKE_PREFIX_PATH}:/home/luke/ros2_ws/install/sjtu_drone_control:/home/luke/ros2_ws/install/sjtu_drone_bringup:/opt/ros/humble /usr/bin/cmake --install /home/luke/git/CDPRX/cable_robot_ws/build/cdprx
[1.315s] Level 1:colcon.colcon_core.environment:create_environment_scripts_only(cdprx)
[1.315s] Level 1:colcon.colcon_core.environment:checking '/home/luke/git/CDPRX/cable_robot_ws/install/cdprx' for CMake module files
[1.316s] DEBUG:colcon.colcon_core.event_handler.log_command:Invoked command in '/home/luke/git/CDPRX/cable_robot_ws/build/cdprx' returned '0': CMAKE_PREFIX_PATH=${CMAKE_PREFIX_PATH}:/home/luke/ros2_ws/install/sjtu_drone_control:/home/luke/ros2_ws/install/sjtu_drone_bringup:/opt/ros/humble /usr/bin/cmake --install /home/luke/git/CDPRX/cable_robot_ws/build/cdprx
[1.317s] Level 1:colcon.colcon_core.environment:checking '/home/luke/git/CDPRX/cable_robot_ws/install/cdprx' for CMake config files
[1.318s] Level 1:colcon.colcon_core.shell:create_environment_hook('cdprx', 'cmake_prefix_path')
[1.318s] INFO:colcon.colcon_core.shell:Creating environment hook '/home/luke/git/CDPRX/cable_robot_ws/install/cdprx/share/cdprx/hook/cmake_prefix_path.ps1'
[1.319s] INFO:colcon.colcon_core.shell:Creating environment descriptor '/home/luke/git/CDPRX/cable_robot_ws/install/cdprx/share/cdprx/hook/cmake_prefix_path.dsv'
[1.320s] INFO:colcon.colcon_core.shell:Creating environment hook '/home/luke/git/CDPRX/cable_robot_ws/install/cdprx/share/cdprx/hook/cmake_prefix_path.sh'
[1.321s] Level 1:colcon.colcon_core.environment:checking '/home/luke/git/CDPRX/cable_robot_ws/install/cdprx/bin'
[1.321s] Level 1:colcon.colcon_core.environment:checking '/home/luke/git/CDPRX/cable_robot_ws/install/cdprx/lib/pkgconfig/cdprx.pc'
[1.322s] Level 1:colcon.colcon_core.environment:checking '/home/luke/git/CDPRX/cable_robot_ws/install/cdprx/lib/python3.10/site-packages'
[1.322s] Level 1:colcon.colcon_core.environment:checking '/home/luke/git/CDPRX/cable_robot_ws/install/cdprx/bin'
[1.322s] INFO:colcon.colcon_core.shell:Creating package script '/home/luke/git/CDPRX/cable_robot_ws/install/cdprx/share/cdprx/package.ps1'
[1.323s] INFO:colcon.colcon_core.shell:Creating package descriptor '/home/luke/git/CDPRX/cable_robot_ws/install/cdprx/share/cdprx/package.dsv'
[1.324s] INFO:colcon.colcon_core.shell:Creating package script '/home/luke/git/CDPRX/cable_robot_ws/install/cdprx/share/cdprx/package.sh'
[1.324s] INFO:colcon.colcon_core.shell:Creating package script '/home/luke/git/CDPRX/cable_robot_ws/install/cdprx/share/cdprx/package.bash'
[1.325s] INFO:colcon.colcon_core.shell:Creating package script '/home/luke/git/CDPRX/cable_robot_ws/install/cdprx/share/cdprx/package.zsh'
[1.325s] Level 1:colcon.colcon_core.environment:create_file_with_runtime_dependencies(/home/luke/git/CDPRX/cable_robot_ws/install/cdprx/share/colcon-core/packages/cdprx)
[1.326s] Level 1:colcon.colcon_core.environment:create_environment_scripts_only(cdprx)
[1.326s] Level 1:colcon.colcon_core.environment:checking '/home/luke/git/CDPRX/cable_robot_ws/install/cdprx' for CMake module files
[1.326s] Level 1:colcon.colcon_core.environment:checking '/home/luke/git/CDPRX/cable_robot_ws/install/cdprx' for CMake config files
[1.326s] Level 1:colcon.colcon_core.shell:create_environment_hook('cdprx', 'cmake_prefix_path')
[1.327s] INFO:colcon.colcon_core.shell:Creating environment hook '/home/luke/git/CDPRX/cable_robot_ws/install/cdprx/share/cdprx/hook/cmake_prefix_path.ps1'
[1.327s] INFO:colcon.colcon_core.shell:Creating environment descriptor '/home/luke/git/CDPRX/cable_robot_ws/install/cdprx/share/cdprx/hook/cmake_prefix_path.dsv'
[1.327s] INFO:colcon.colcon_core.shell:Creating environment hook '/home/luke/git/CDPRX/cable_robot_ws/install/cdprx/share/cdprx/hook/cmake_prefix_path.sh'
[1.328s] Level 1:colcon.colcon_core.environment:checking '/home/luke/git/CDPRX/cable_robot_ws/install/cdprx/bin'
[1.328s] Level 1:colcon.colcon_core.environment:checking '/home/luke/git/CDPRX/cable_robot_ws/install/cdprx/lib/pkgconfig/cdprx.pc'
[1.328s] Level 1:colcon.colcon_core.environment:checking '/home/luke/git/CDPRX/cable_robot_ws/install/cdprx/lib/python3.10/site-packages'
[1.328s] Level 1:colcon.colcon_core.environment:checking '/home/luke/git/CDPRX/cable_robot_ws/install/cdprx/bin'
[1.329s] INFO:colcon.colcon_core.shell:Creating package script '/home/luke/git/CDPRX/cable_robot_ws/install/cdprx/share/cdprx/package.ps1'
[1.329s] INFO:colcon.colcon_core.shell:Creating package descriptor '/home/luke/git/CDPRX/cable_robot_ws/install/cdprx/share/cdprx/package.dsv'
[1.329s] INFO:colcon.colcon_core.shell:Creating package script '/home/luke/git/CDPRX/cable_robot_ws/install/cdprx/share/cdprx/package.sh'
[1.330s] INFO:colcon.colcon_core.shell:Creating package script '/home/luke/git/CDPRX/cable_robot_ws/install/cdprx/share/cdprx/package.bash'
[1.330s] INFO:colcon.colcon_core.shell:Creating package script '/home/luke/git/CDPRX/cable_robot_ws/install/cdprx/share/cdprx/package.zsh'
[1.330s] Level 1:colcon.colcon_core.environment:create_file_with_runtime_dependencies(/home/luke/git/CDPRX/cable_robot_ws/install/cdprx/share/colcon-core/packages/cdprx)
[1.330s] DEBUG:colcon.colcon_parallel_executor.executor.parallel:closing loop
[1.330s] DEBUG:colcon.colcon_parallel_executor.executor.parallel:loop closed
[1.330s] DEBUG:colcon.colcon_parallel_executor.executor.parallel:run_until_complete finished with '0'
[1.331s] DEBUG:colcon.colcon_core.event_reactor:joining thread
[1.333s] INFO:colcon.colcon_core.plugin_system:Skipping extension 'colcon_notification.desktop_notification.terminal_notifier': Not used on non-Darwin systems
[1.333s] INFO:colcon.colcon_core.plugin_system:Skipping extension 'colcon_notification.desktop_notification.win32': Not used on non-Windows systems
[1.333s] INFO:colcon.colcon_notification.desktop_notification:Sending desktop notification using 'notify2'
[1.345s] DEBUG:colcon.colcon_core.event_reactor:joined thread
[1.346s] INFO:colcon.colcon_core.shell:Creating prefix script '/home/luke/git/CDPRX/cable_robot_ws/install/local_setup.ps1'
[1.348s] INFO:colcon.colcon_core.shell:Creating prefix util module '/home/luke/git/CDPRX/cable_robot_ws/install/_local_setup_util_ps1.py'
[1.351s] INFO:colcon.colcon_core.shell:Creating prefix chain script '/home/luke/git/CDPRX/cable_robot_ws/install/setup.ps1'
[1.354s] INFO:colcon.colcon_core.shell:Creating prefix script '/home/luke/git/CDPRX/cable_robot_ws/install/local_setup.sh'
[1.355s] INFO:colcon.colcon_core.shell:Creating prefix util module '/home/luke/git/CDPRX/cable_robot_ws/install/_local_setup_util_sh.py'
[1.356s] INFO:colcon.colcon_core.shell:Creating prefix chain script '/home/luke/git/CDPRX/cable_robot_ws/install/setup.sh'
[1.358s] INFO:colcon.colcon_core.shell:Creating prefix script '/home/luke/git/CDPRX/cable_robot_ws/install/local_setup.bash'
[1.358s] INFO:colcon.colcon_core.shell:Creating prefix chain script '/home/luke/git/CDPRX/cable_robot_ws/install/setup.bash'
[1.359s] INFO:colcon.colcon_core.shell:Creating prefix script '/home/luke/git/CDPRX/cable_robot_ws/install/local_setup.zsh'
[1.359s] INFO:colcon.colcon_core.shell:Creating prefix chain script '/home/luke/git/CDPRX/cable_robot_ws/install/setup.zsh'
