[0.133s] Invoking command in '/home/luke/git/CDPRX/build/cdprx': CMAKE_PREFIX_PATH=${CMAKE_PREFIX_PATH}:/home/luke/ros2_ws/install/sjtu_drone_control:/home/luke/ros2_ws/install/sjtu_drone_bringup:/opt/ros/humble /usr/bin/cmake /home/luke/git/CDPRX -DCMAKE_INSTALL_PREFIX=/home/luke/git/CDPRX/install/cdprx
[0.335s] -- The C compiler identification is GNU 11.4.0
[0.516s] -- The CXX compiler identification is GNU 11.4.0
[0.536s] -- Detecting C compiler ABI info
[0.691s] -- Detecting C compiler ABI info - done
[0.706s] -- Check for working C compiler: /usr/bin/cc - skipped
[0.706s] -- Detecting C compile features
[0.707s] -- Detecting C compile features - done
[0.712s] -- Detecting CXX compiler ABI info
[0.901s] -- Detecting CXX compiler ABI info - done
[0.913s] -- Check for working CXX compiler: /usr/bin/c++ - skipped
[0.915s] -- Detecting CXX compile features
[0.918s] -- Detecting CXX compile features - done
[0.936s] -- Found ament_cmake: 1.3.7 (/opt/ros/humble/share/ament_cmake/cmake)
[1.309s] -- Found Python3: /usr/bin/python3.10 (found version "3.10.12") found components: Interpreter 
[1.573s] -- Found rclcpp: 16.0.8 (/opt/ros/humble/share/rclcpp/cmake)
[1.818s] -- Found rosidl_generator_c: 3.1.5 (/opt/ros/humble/share/rosidl_generator_c/cmake)
[1.846s] -- Found rosidl_adapter: 3.1.5 (/opt/ros/humble/share/rosidl_adapter/cmake)
[1.896s] -- Found rosidl_generator_cpp: 3.1.5 (/opt/ros/humble/share/rosidl_generator_cpp/cmake)
[1.957s] -- Using all available rosidl_typesupport_c: rosidl_typesupport_fastrtps_c;rosidl_typesupport_introspection_c
[2.043s] -- Using all available rosidl_typesupport_cpp: rosidl_typesupport_fastrtps_cpp;rosidl_typesupport_introspection_cpp
[2.297s] -- Found rmw_implementation_cmake: 6.1.1 (/opt/ros/humble/share/rmw_implementation_cmake/cmake)
[2.312s] -- Found rmw_fastrtps_cpp: 6.2.6 (/opt/ros/humble/share/rmw_fastrtps_cpp/cmake)
[2.691s] -- Found OpenSSL: /usr/lib/x86_64-linux-gnu/libcrypto.so (found version "3.0.2")  
[2.748s] -- Found FastRTPS: /opt/ros/humble/include  
[2.830s] -- Using RMW implementation 'rmw_fastrtps_cpp' as default
[2.862s] -- Looking for pthread.h
[3.014s] -- Looking for pthread.h - found
[3.015s] -- Performing Test CMAKE_HAVE_LIBC_PTHREAD
[3.150s] -- Performing Test CMAKE_HAVE_LIBC_PTHREAD - Success
[3.158s] -- Found Threads: TRUE  
[3.550s] -- Found rclpy: 3.3.11 (/opt/ros/humble/share/rclpy/cmake)
[3.558s] -- Found geometry_msgs: 4.2.3 (/opt/ros/humble/share/geometry_msgs/cmake)
[3.661s] -- Found sensor_msgs: 4.2.3 (/opt/ros/humble/share/sensor_msgs/cmake)
[3.845s] -- Found tf2: 0.25.5 (/opt/ros/humble/share/tf2/cmake)
[3.882s] -- Found tf2_ros: 0.25.5 (/opt/ros/humble/share/tf2_ros/cmake)
[4.613s] -- Found urdf: 2.6.0 (/opt/ros/humble/share/urdf/cmake)
[4.710s] -- Found xacro: 2.0.8 (/opt/ros/humble/share/xacro/cmake)
[4.714s] -- Found gazebo_ros: 3.7.0 (/opt/ros/humble/share/gazebo_ros/cmake)
[4.749s] -- Found PkgConfig: /usr/bin/pkg-config (found version "0.29.2") 
[4.751s] -- Checking for module 'bullet>=2.82'
[4.789s] --   Found bullet, version 3.05
[5.067s] -- Found fcl: /usr/include (found suitable version "0.7.0", minimum required is "0.5.0") 
[5.191s] -- Found assimp: /usr/include (found version "5.2.0") 
[5.260s] -- Found DART: /usr/include (Required is at least version "6.6") found components: dart 
[5.349s] -- Found Boost: /usr/lib/x86_64-linux-gnu/cmake/Boost-1.74.0/BoostConfig.cmake (found suitable version "1.74.0", minimum required is "1.40.0") found components: thread system filesystem program_options regex iostreams date_time 
[5.389s] -- Found Protobuf: /usr/lib/x86_64-linux-gnu/libprotobuf.so (found version "3.12.4") 
[5.414s] -- Looking for ignition-math6 -- found version 6.15.1
[5.444s] -- Searching for dependencies of ignition-math6
[5.447s] -- Looking for OGRE...
[5.447s] -- OGRE_PREFIX_WATCH changed.
[5.453s] -- Checking for module 'OGRE'
[5.484s] --   Found OGRE, version 1.9.0
[5.556s] -- Found Ogre Ghadamon (1.9.0)
[5.579s] -- Found OGRE: optimized;/usr/lib/x86_64-linux-gnu/libOgreMain.so;debug;/usr/lib/x86_64-linux-gnu/libOgreMain.so
[5.599s] -- Looking for OGRE_Paging...
[5.609s] -- Found OGRE_Paging: optimized;/usr/lib/x86_64-linux-gnu/libOgrePaging.so;debug;/usr/lib/x86_64-linux-gnu/libOgrePaging.so
[5.609s] -- Looking for OGRE_Terrain...
[5.620s] -- Found OGRE_Terrain: optimized;/usr/lib/x86_64-linux-gnu/libOgreTerrain.so;debug;/usr/lib/x86_64-linux-gnu/libOgreTerrain.so
[5.620s] -- Looking for OGRE_Property...
[5.639s] -- Found OGRE_Property: optimized;/usr/lib/x86_64-linux-gnu/libOgreProperty.so;debug;/usr/lib/x86_64-linux-gnu/libOgreProperty.so
[5.639s] -- Looking for OGRE_RTShaderSystem...
[5.652s] -- Found OGRE_RTShaderSystem: optimized;/usr/lib/x86_64-linux-gnu/libOgreRTShaderSystem.so;debug;/usr/lib/x86_64-linux-gnu/libOgreRTShaderSystem.so
[5.652s] -- Looking for OGRE_Volume...
[5.671s] -- Found OGRE_Volume: optimized;/usr/lib/x86_64-linux-gnu/libOgreVolume.so;debug;/usr/lib/x86_64-linux-gnu/libOgreVolume.so
[5.671s] -- Looking for OGRE_Overlay...
[5.678s] -- Found OGRE_Overlay: optimized;/usr/lib/x86_64-linux-gnu/libOgreOverlay.so;debug;/usr/lib/x86_64-linux-gnu/libOgreOverlay.so
[6.013s] -- Looking for ignition-math6 -- found version 6.15.1
[6.021s] -- Looking for ignition-transport8 -- found version 8.2.1
[6.022s] -- Searching for dependencies of ignition-transport8
[6.055s] -- Found Protobuf: /usr/lib/x86_64-linux-gnu/libprotobuf.so (found suitable version "3.12.4", minimum required is "3") 
[6.076s] -- Config-file not installed for ZeroMQ -- checking for pkg-config
[6.085s] -- Checking for module 'libzmq >= 4'
[6.112s] --   Found libzmq , version 4.3.4
[6.186s] -- Found ZeroMQ: TRUE (Required is at least version "4") 
[6.199s] -- Checking for module 'uuid'
[6.222s] --   Found uuid, version 2.37.2
[6.299s] -- Found UUID: TRUE  
[6.309s] -- Looking for ignition-msgs5 -- found version 5.8.1
[6.309s] -- Searching for dependencies of ignition-msgs5
[6.343s] -- Looking for ignition-math6 -- found version 6.15.1
[6.349s] -- Checking for module 'tinyxml2'
[6.381s] --   Found tinyxml2, version 9.0.0
[6.453s] -- Looking for ignition-msgs5 -- found version 5.8.1
[6.469s] -- Looking for ignition-common3 -- found version 3.14.0
[6.470s] -- Searching for dependencies of ignition-common3
[6.471s] -- Looking for dlfcn.h - found
[6.473s] -- Looking for libdl - found
[6.475s] -- Found DL: TRUE  
[6.504s] -- Found tinyobjloader: /usr/lib/x86_64-linux-gnu/cmake/tinyobjloader/tinyobjloader-config.cmake (found version "2.0.0") 
[6.505s] -- Searching for <ignition-common3> component [graphics]
[6.509s] -- Looking for ignition-common3-graphics -- found version 3.14.0
[6.510s] -- Searching for dependencies of ignition-common3-graphics
[6.511s] -- Looking for ignition-math6 -- found version 6.15.1
[6.534s] -- Looking for ignition-fuel_tools4 -- found version 4.4.0
[6.534s] -- Searching for dependencies of ignition-fuel_tools4
[6.704s] -- Found CURL: /usr/lib/x86_64-linux-gnu/libcurl.so (found version "7.81.0")  
[6.735s] -- Checking for module 'jsoncpp'
[6.768s] --   Found jsoncpp, version 1.9.5
[6.842s] -- Found JSONCPP: TRUE  
[6.857s] -- Checking for module 'libzip'
[6.887s] --   Found libzip, version 1.7.3
[6.954s] -- Found ZIP: TRUE  
[6.954s] -- Looking for ignition-common3 -- found version 3.14.0
[6.955s] -- Looking for ignition-math6 -- found version 6.15.1
[6.955s] -- Looking for ignition-msgs5 -- found version 5.8.1
[6.982s] -- Gazebo version: 11.10
[6.982s] -- Checking for module 'tbb'
[7.008s] --   Found tbb, version 2021.5.0
[7.086s] -- Found controller_manager: 2.39.1 (/opt/ros/humble/share/controller_manager/cmake)
[8.764s] [31mCMake Error at /opt/ros/humble/share/ament_cmake_python/cmake/ament_python_install_package.cmake:66 (message):
[8.765s]   ament_python_install_package() the Python package folder
[8.765s]   '/home/luke/git/CDPRX/cdprx' doesn't contain an '__init__.py' file
[8.765s] Call Stack (most recent call first):
[8.765s]   /opt/ros/humble/share/ament_cmake_python/cmake/ament_python_install_package.cmake:39 (_ament_cmake_python_install_package)
[8.765s]   CMakeLists.txt:35 (ament_python_install_package)
[8.765s] 
[8.765s] [0m
[8.765s] -- Configuring incomplete, errors occurred!
[8.766s] See also "/home/luke/git/CDPRX/build/cdprx/CMakeFiles/CMakeOutput.log".
[8.802s] Invoked command in '/home/luke/git/CDPRX/build/cdprx' returned '1': CMAKE_PREFIX_PATH=${CMAKE_PREFIX_PATH}:/home/luke/ros2_ws/install/sjtu_drone_control:/home/luke/ros2_ws/install/sjtu_drone_bringup:/opt/ros/humble /usr/bin/cmake /home/luke/git/CDPRX -DCMAKE_INSTALL_PREFIX=/home/luke/git/CDPRX/install/cdprx
