[0.033s] Invoking command in '/home/luke/git/CDPRX/build/CDPRX': CMAKE_PREFIX_PATH=${CMAKE_PREFIX_PATH}:/home/luke/ros2_ws/install/sjtu_drone_control:/home/luke/ros2_ws/install/sjtu_drone_bringup:/opt/ros/humble /usr/bin/cmake /home/luke/git/CDPRX -DCMAKE_INSTALL_PREFIX=/home/luke/git/CDPRX/install/CDPRX
[0.096s] -- The C compiler identification is GNU 11.4.0
[0.192s] -- The CXX compiler identification is GNU 11.4.0
[0.201s] -- Detecting C compiler ABI info
[0.284s] -- Detecting C compiler ABI info - done
[0.295s] -- Check for working C compiler: /usr/bin/cc - skipped
[0.295s] -- Detecting C compile features
[0.296s] -- Detecting C compile features - done
[0.300s] -- Detecting CXX compiler ABI info
[0.392s] -- Detecting CXX compiler ABI info - done
[0.396s] -- Check for working CXX compiler: /usr/bin/c++ - skipped
[0.396s] -- Detecting CXX compile features
[0.396s] -- Detecting CXX compile features - done
[0.407s] -- Found ament_cmake: 1.3.7 (/opt/ros/humble/share/ament_cmake/cmake)
[0.517s] -- Found Python3: /usr/bin/python3.10 (found version "3.10.12") found components: Interpreter 
[0.585s] -- Found rclcpp: 16.0.8 (/opt/ros/humble/share/rclcpp/cmake)
[0.627s] -- Found rosidl_generator_c: 3.1.5 (/opt/ros/humble/share/rosidl_generator_c/cmake)
[0.632s] -- Found rosidl_adapter: 3.1.5 (/opt/ros/humble/share/rosidl_adapter/cmake)
[0.639s] -- Found rosidl_generator_cpp: 3.1.5 (/opt/ros/humble/share/rosidl_generator_cpp/cmake)
[0.651s] -- Using all available rosidl_typesupport_c: rosidl_typesupport_fastrtps_c;rosidl_typesupport_introspection_c
[0.667s] -- Using all available rosidl_typesupport_cpp: rosidl_typesupport_fastrtps_cpp;rosidl_typesupport_introspection_cpp
[0.719s] -- Found rmw_implementation_cmake: 6.1.1 (/opt/ros/humble/share/rmw_implementation_cmake/cmake)
[0.722s] -- Found rmw_fastrtps_cpp: 6.2.6 (/opt/ros/humble/share/rmw_fastrtps_cpp/cmake)
[0.791s] -- Found OpenSSL: /usr/lib/x86_64-linux-gnu/libcrypto.so (found version "3.0.2")  
[0.807s] -- Found FastRTPS: /opt/ros/humble/include  
[0.835s] -- Using RMW implementation 'rmw_fastrtps_cpp' as default
[0.844s] -- Looking for pthread.h
[0.912s] -- Looking for pthread.h - found
[0.912s] -- Performing Test CMAKE_HAVE_LIBC_PTHREAD
[0.958s] -- Performing Test CMAKE_HAVE_LIBC_PTHREAD - Success
[0.959s] -- Found Threads: TRUE  
[1.066s] -- Found rclpy: 3.3.11 (/opt/ros/humble/share/rclpy/cmake)
[1.068s] -- Found geometry_msgs: 4.2.3 (/opt/ros/humble/share/geometry_msgs/cmake)
[1.095s] -- Found sensor_msgs: 4.2.3 (/opt/ros/humble/share/sensor_msgs/cmake)
[1.147s] -- Found tf2: 0.25.5 (/opt/ros/humble/share/tf2/cmake)
[1.158s] -- Found tf2_ros: 0.25.5 (/opt/ros/humble/share/tf2_ros/cmake)
[1.373s] -- Found urdf: 2.6.0 (/opt/ros/humble/share/urdf/cmake)
[1.395s] -- Found xacro: 2.0.8 (/opt/ros/humble/share/xacro/cmake)
[1.399s] -- Found gazebo_ros: 3.7.0 (/opt/ros/humble/share/gazebo_ros/cmake)
[1.413s] -- Found PkgConfig: /usr/bin/pkg-config (found version "0.29.2") 
[1.414s] -- Checking for module 'bullet>=2.82'
[1.423s] --   Found bullet, version 3.05
[1.525s] -- Found fcl: /usr/include (found suitable version "0.7.0", minimum required is "0.5.0") 
[1.623s] -- Found assimp: /usr/include (found version "5.2.0") 
[1.674s] -- Found DART: /usr/include (Required is at least version "6.6") found components: dart 
[1.694s] -- Found Boost: /usr/lib/x86_64-linux-gnu/cmake/Boost-1.74.0/BoostConfig.cmake (found suitable version "1.74.0", minimum required is "1.40.0") found components: thread system filesystem program_options regex iostreams date_time 
[1.705s] -- Found Protobuf: /usr/lib/x86_64-linux-gnu/libprotobuf.so (found version "3.12.4") 
[1.710s] -- Looking for ignition-math6 -- found version 6.15.1
[1.717s] -- Searching for dependencies of ignition-math6
[1.719s] -- Looking for OGRE...
[1.719s] -- OGRE_PREFIX_WATCH changed.
[1.723s] -- Checking for module 'OGRE'
[1.735s] --   Found OGRE, version 1.9.0
[1.803s] -- Found Ogre Ghadamon (1.9.0)
[1.814s] -- Found OGRE: optimized;/usr/lib/x86_64-linux-gnu/libOgreMain.so;debug;/usr/lib/x86_64-linux-gnu/libOgreMain.so
[1.821s] -- Looking for OGRE_Paging...
[1.824s] -- Found OGRE_Paging: optimized;/usr/lib/x86_64-linux-gnu/libOgrePaging.so;debug;/usr/lib/x86_64-linux-gnu/libOgrePaging.so
[1.824s] -- Looking for OGRE_Terrain...
[1.826s] -- Found OGRE_Terrain: optimized;/usr/lib/x86_64-linux-gnu/libOgreTerrain.so;debug;/usr/lib/x86_64-linux-gnu/libOgreTerrain.so
[1.826s] -- Looking for OGRE_Property...
[1.829s] -- Found OGRE_Property: optimized;/usr/lib/x86_64-linux-gnu/libOgreProperty.so;debug;/usr/lib/x86_64-linux-gnu/libOgreProperty.so
[1.829s] -- Looking for OGRE_RTShaderSystem...
[1.832s] -- Found OGRE_RTShaderSystem: optimized;/usr/lib/x86_64-linux-gnu/libOgreRTShaderSystem.so;debug;/usr/lib/x86_64-linux-gnu/libOgreRTShaderSystem.so
[1.832s] -- Looking for OGRE_Volume...
[1.835s] -- Found OGRE_Volume: optimized;/usr/lib/x86_64-linux-gnu/libOgreVolume.so;debug;/usr/lib/x86_64-linux-gnu/libOgreVolume.so
[1.835s] -- Looking for OGRE_Overlay...
[1.838s] -- Found OGRE_Overlay: optimized;/usr/lib/x86_64-linux-gnu/libOgreOverlay.so;debug;/usr/lib/x86_64-linux-gnu/libOgreOverlay.so
[1.899s] -- Looking for ignition-math6 -- found version 6.15.1
[1.901s] -- Looking for ignition-transport8 -- found version 8.2.1
[1.901s] -- Searching for dependencies of ignition-transport8
[1.911s] -- Found Protobuf: /usr/lib/x86_64-linux-gnu/libprotobuf.so (found suitable version "3.12.4", minimum required is "3") 
[1.917s] -- Config-file not installed for ZeroMQ -- checking for pkg-config
[1.920s] -- Checking for module 'libzmq >= 4'
[1.929s] --   Found libzmq , version 4.3.4
[1.947s] -- Found ZeroMQ: TRUE (Required is at least version "4") 
[1.950s] -- Checking for module 'uuid'
[1.957s] --   Found uuid, version 2.37.2
[1.975s] -- Found UUID: TRUE  
[1.979s] -- Looking for ignition-msgs5 -- found version 5.8.1
[1.979s] -- Searching for dependencies of ignition-msgs5
[1.991s] -- Looking for ignition-math6 -- found version 6.15.1
[1.994s] -- Checking for module 'tinyxml2'
[2.001s] --   Found tinyxml2, version 9.0.0
[2.019s] -- Looking for ignition-msgs5 -- found version 5.8.1
[2.022s] -- Looking for ignition-common3 -- found version 3.14.0
[2.022s] -- Searching for dependencies of ignition-common3
[2.022s] -- Looking for dlfcn.h - found
[2.023s] -- Looking for libdl - found
[2.024s] -- Found DL: TRUE  
[2.031s] -- Found tinyobjloader: /usr/lib/x86_64-linux-gnu/cmake/tinyobjloader/tinyobjloader-config.cmake (found version "2.0.0") 
[2.031s] -- Searching for <ignition-common3> component [graphics]
[2.033s] -- Looking for ignition-common3-graphics -- found version 3.14.0
[2.033s] -- Searching for dependencies of ignition-common3-graphics
[2.034s] -- Looking for ignition-math6 -- found version 6.15.1
[2.036s] -- Looking for ignition-fuel_tools4 -- found version 4.4.0
[2.036s] -- Searching for dependencies of ignition-fuel_tools4
[2.078s] -- Found CURL: /usr/lib/x86_64-linux-gnu/libcurl.so (found version "7.81.0")  
[2.086s] -- Checking for module 'jsoncpp'
[2.094s] --   Found jsoncpp, version 1.9.5
[2.116s] -- Found JSONCPP: TRUE  
[2.123s] -- Checking for module 'libzip'
[2.137s] --   Found libzip, version 1.7.3
[2.190s] -- Found ZIP: TRUE  
[2.191s] -- Looking for ignition-common3 -- found version 3.14.0
[2.191s] -- Looking for ignition-math6 -- found version 6.15.1
[2.192s] -- Looking for ignition-msgs5 -- found version 5.8.1
[2.198s] -- Gazebo version: 11.10
[2.199s] -- Checking for module 'tbb'
[2.210s] --   Found tbb, version 2021.5.0
[2.275s] -- Found controller_manager: 2.37.0 (/opt/ros/humble/share/controller_manager/cmake)
[2.766s] WARNING: Package name "CDPRX" does not follow the naming conventions. It should start with a lower case letter and only contain lower case letters, digits, underscores, and dashes.
[2.771s] [31mCMake Error at /opt/ros/humble/share/ament_cmake_python/cmake/ament_python_install_package.cmake:66 (message):
[2.771s]   ament_python_install_package() the Python package folder
[2.771s]   '/home/luke/git/CDPRX/CDPRX' doesn't contain an '__init__.py' file
[2.771s] Call Stack (most recent call first):
[2.771s]   /opt/ros/humble/share/ament_cmake_python/cmake/ament_python_install_package.cmake:39 (_ament_cmake_python_install_package)
[2.771s]   CMakeLists.txt:35 (ament_python_install_package)
[2.771s] 
[2.771s] [0m
[2.771s] -- Configuring incomplete, errors occurred!
[2.772s] See also "/home/luke/git/CDPRX/build/CDPRX/CMakeFiles/CMakeOutput.log".
[2.780s] Invoked command in '/home/luke/git/CDPRX/build/CDPRX' returned '1': CMAKE_PREFIX_PATH=${CMAKE_PREFIX_PATH}:/home/luke/ros2_ws/install/sjtu_drone_control:/home/luke/ros2_ws/install/sjtu_drone_bringup:/opt/ros/humble /usr/bin/cmake /home/luke/git/CDPRX -DCMAKE_INSTALL_PREFIX=/home/luke/git/CDPRX/install/CDPRX
