[0.019s] Invoking command in '/home/luke/git/CDPRX/cable_robot_ws/src/cable_robot_description/build/cable_robot': CMAKE_PREFIX_PATH=${CMAKE_PREFIX_PATH}:/home/luke/ros2_ws/install/sjtu_drone_control:/home/luke/ros2_ws/install/sjtu_drone_bringup:/opt/ros/humble /usr/bin/cmake /home/luke/git/CDPRX/cable_robot_ws/src/cable_robot_description -DCMAKE_INSTALL_PREFIX=/home/luke/git/CDPRX/cable_robot_ws/src/cable_robot_description/install/cable_robot
[0.064s] -- The C compiler identification is GNU 11.4.0
[0.095s] -- The CXX compiler identification is GNU 11.4.0
[0.099s] -- Detecting C compiler ABI info
[0.152s] -- Detecting C compiler ABI info - done
[0.163s] -- Check for working C compiler: /usr/bin/cc - skipped
[0.163s] -- Detecting C compile features
[0.164s] -- Detecting C compile features - done
[0.167s] -- Detecting CXX compiler ABI info
[0.247s] -- Detecting CXX compiler ABI info - done
[0.251s] -- Check for working CXX compiler: /usr/bin/c++ - skipped
[0.251s] -- Detecting CXX compile features
[0.251s] -- Detecting CXX compile features - done
[0.253s] -- Found ament_cmake: 1.3.11 (/opt/ros/humble/share/ament_cmake/cmake)
[0.376s] -- Found Python3: /usr/bin/python3 (found version "3.10.12") found components: Interpreter 
[0.434s] -- Found rclcpp: 16.0.11 (/opt/ros/humble/share/rclcpp/cmake)
[0.460s] -- Found rosidl_generator_c: 3.1.6 (/opt/ros/humble/share/rosidl_generator_c/cmake)
[0.463s] -- Found rosidl_adapter: 3.1.6 (/opt/ros/humble/share/rosidl_adapter/cmake)
[0.468s] -- Found rosidl_generator_cpp: 3.1.6 (/opt/ros/humble/share/rosidl_generator_cpp/cmake)
[0.475s] -- Using all available rosidl_typesupport_c: rosidl_typesupport_fastrtps_c;rosidl_typesupport_introspection_c
[0.484s] -- Using all available rosidl_typesupport_cpp: rosidl_typesupport_fastrtps_cpp;rosidl_typesupport_introspection_cpp
[0.510s] -- Found rmw_implementation_cmake: 6.1.2 (/opt/ros/humble/share/rmw_implementation_cmake/cmake)
[0.512s] -- Found rmw_fastrtps_cpp: 6.2.7 (/opt/ros/humble/share/rmw_fastrtps_cpp/cmake)
[0.593s] -- Found OpenSSL: /usr/lib/x86_64-linux-gnu/libcrypto.so (found version "3.0.2")  
[0.618s] -- Found FastRTPS: /opt/ros/humble/include  
[0.643s] -- Using RMW implementation 'rmw_fastrtps_cpp' as default
[0.654s] -- Looking for pthread.h
[0.740s] -- Looking for pthread.h - found
[0.741s] -- Performing Test CMAKE_HAVE_LIBC_PTHREAD
[0.816s] -- Performing Test CMAKE_HAVE_LIBC_PTHREAD - Success
[0.817s] -- Found Threads: TRUE  
[0.878s] -- Configuring done
[0.879s] [31mCMake Error at CMakeLists.txt:14 (add_executable):
[0.879s]   Cannot find source file:
[0.879s] 
[0.879s]     src/cable_controller.cpp
[0.879s] 
[0.879s]   Tried extensions .c .C .c++ .cc .cpp .cxx .cu .mpp .m .M .mm .ixx .cppm .h
[0.879s]   .hh .h++ .hm .hpp .hxx .in .txx .f .F .for .f77 .f90 .f95 .f03 .hip .ispc
[0.879s] 
[0.879s] [0m
[0.880s] [31mCMake Error at CMakeLists.txt:14 (add_executable):
[0.880s]   No SOURCES given to target: cable_controller
[0.880s] 
[0.880s] [0m
[0.880s] [0mCMake Generate step failed.  Build files cannot be regenerated correctly.[0m
[0.884s] Invoked command in '/home/luke/git/CDPRX/cable_robot_ws/src/cable_robot_description/build/cable_robot' returned '1': CMAKE_PREFIX_PATH=${CMAKE_PREFIX_PATH}:/home/luke/ros2_ws/install/sjtu_drone_control:/home/luke/ros2_ws/install/sjtu_drone_bringup:/opt/ros/humble /usr/bin/cmake /home/luke/git/CDPRX/cable_robot_ws/src/cable_robot_description -DCMAKE_INSTALL_PREFIX=/home/luke/git/CDPRX/cable_robot_ws/src/cable_robot_description/install/cable_robot
