[0.052s] DEBUG:colcon:Command line arguments: ['/usr/bin/colcon', 'build']
[0.052s] DEBUG:colcon:Parsed command line arguments: Namespace(log_base=None, log_level=None, verb_name='build', build_base='build', install_base='install', merge_install=False, symlink_install=False, test_result_base=None, continue_on_error=False, executor='parallel', parallel_workers=24, event_handlers=None, ignore_user_meta=False, metas=['./colcon.meta'], base_paths=['.'], packages_ignore=None, packages_ignore_regex=None, paths=None, packages_up_to=None, packages_up_to_regex=None, packages_above=None, packages_above_and_dependencies=None, packages_above_depth=None, packages_select_by_dep=None, packages_skip_by_dep=None, packages_skip_up_to=None, packages_select_build_failed=False, packages_skip_build_finished=False, packages_select_test_failures=False, packages_skip_test_passed=False, packages_select=None, packages_skip=None, packages_select_regex=None, packages_skip_regex=None, packages_start=None, packages_end=None, allow_overriding=[], cmake_args=None, cmake_target=None, cmake_target_skip_unavailable=False, cmake_clean_cache=False, cmake_clean_first=False, cmake_force_configure=False, ament_cmake_args=None, catkin_cmake_args=None, catkin_skip_building_tests=False, mixin_files=None, mixin=None, verb_parser=<colcon_mixin.mixin.mixin_argument.MixinArgumentDecorator object at 0x704d6b532f50>, verb_extension=<colcon_core.verb.build.BuildVerb object at 0x704d6b532890>, main=<bound method BuildVerb.main of <colcon_core.verb.build.BuildVerb object at 0x704d6b532890>>, mixin_verb=('build',))
[0.129s] Level 1:colcon.colcon_core.package_discovery:discover_packages(colcon_meta) check parameters
[0.129s] Level 1:colcon.colcon_core.package_discovery:discover_packages(recursive) check parameters
[0.129s] Level 1:colcon.colcon_core.package_discovery:discover_packages(ignore) check parameters
[0.129s] Level 1:colcon.colcon_core.package_discovery:discover_packages(path) check parameters
[0.129s] Level 1:colcon.colcon_core.package_discovery:discover_packages(colcon_meta) discover
[0.129s] Level 1:colcon.colcon_core.package_discovery:discover_packages(recursive) discover
[0.129s] INFO:colcon.colcon_core.package_discovery:Crawling recursively for packages in '/home/luke/git/CDPRX/cable_robot_ws/src/cable_robot_description'
[0.129s] Level 1:colcon.colcon_core.package_identification:_identify(.) by extensions ['ignore', 'ignore_ament_install']
[0.129s] Level 1:colcon.colcon_core.package_identification:_identify(.) by extension 'ignore'
[0.129s] Level 1:colcon.colcon_core.package_identification:_identify(.) by extension 'ignore_ament_install'
[0.129s] Level 1:colcon.colcon_core.package_identification:_identify(.) by extensions ['colcon_pkg']
[0.129s] Level 1:colcon.colcon_core.package_identification:_identify(.) by extension 'colcon_pkg'
[0.129s] Level 1:colcon.colcon_core.package_identification:_identify(.) by extensions ['colcon_meta']
[0.129s] Level 1:colcon.colcon_core.package_identification:_identify(.) by extension 'colcon_meta'
[0.129s] Level 1:colcon.colcon_core.package_identification:_identify(.) by extensions ['ros']
[0.129s] Level 1:colcon.colcon_core.package_identification:_identify(.) by extension 'ros'
[0.135s] DEBUG:colcon.colcon_core.package_identification:Package '.' with type 'ros.ament_cmake' and name 'cable_robot_description'
[0.136s] Level 1:colcon.colcon_core.package_discovery:discover_packages(recursive) using defaults
[0.136s] Level 1:colcon.colcon_core.package_discovery:discover_packages(ignore) discover
[0.136s] Level 1:colcon.colcon_core.package_discovery:discover_packages(ignore) using defaults
[0.136s] Level 1:colcon.colcon_core.package_discovery:discover_packages(path) discover
[0.136s] Level 1:colcon.colcon_core.package_discovery:discover_packages(path) using defaults
[0.150s] Level 1:colcon.colcon_core.package_discovery:discover_packages(prefix_path) check parameters
[0.150s] Level 1:colcon.colcon_core.package_discovery:discover_packages(prefix_path) discover
[0.151s] DEBUG:colcon.colcon_installed_package_information.package_discovery:Found 1 installed packages in /home/luke/git/CDPRX/cable_robot_ws/src/cable_robot_description/install
[0.151s] DEBUG:colcon.colcon_installed_package_information.package_discovery:Found 16 installed packages in /home/luke/ros2_ws/install
[0.152s] DEBUG:colcon.colcon_installed_package_information.package_discovery:Found 344 installed packages in /opt/ros/humble
[0.153s] Level 1:colcon.colcon_core.package_discovery:discover_packages(prefix_path) using defaults
[0.173s] Level 5:colcon.colcon_core.verb:set package 'cable_robot_description' build argument 'cmake_args' from command line to 'None'
[0.173s] Level 5:colcon.colcon_core.verb:set package 'cable_robot_description' build argument 'cmake_target' from command line to 'None'
[0.173s] Level 5:colcon.colcon_core.verb:set package 'cable_robot_description' build argument 'cmake_target_skip_unavailable' from command line to 'False'
[0.173s] Level 5:colcon.colcon_core.verb:set package 'cable_robot_description' build argument 'cmake_clean_cache' from command line to 'False'
[0.173s] Level 5:colcon.colcon_core.verb:set package 'cable_robot_description' build argument 'cmake_clean_first' from command line to 'False'
[0.173s] Level 5:colcon.colcon_core.verb:set package 'cable_robot_description' build argument 'cmake_force_configure' from command line to 'False'
[0.173s] Level 5:colcon.colcon_core.verb:set package 'cable_robot_description' build argument 'ament_cmake_args' from command line to 'None'
[0.173s] Level 5:colcon.colcon_core.verb:set package 'cable_robot_description' build argument 'catkin_cmake_args' from command line to 'None'
[0.173s] Level 5:colcon.colcon_core.verb:set package 'cable_robot_description' build argument 'catkin_skip_building_tests' from command line to 'False'
[0.173s] DEBUG:colcon.colcon_core.verb:Building package 'cable_robot_description' with the following arguments: {'ament_cmake_args': None, 'build_base': '/home/luke/git/CDPRX/cable_robot_ws/src/cable_robot_description/build/cable_robot_description', 'catkin_cmake_args': None, 'catkin_skip_building_tests': False, 'cmake_args': None, 'cmake_clean_cache': False, 'cmake_clean_first': False, 'cmake_force_configure': False, 'cmake_target': None, 'cmake_target_skip_unavailable': False, 'install_base': '/home/luke/git/CDPRX/cable_robot_ws/src/cable_robot_description/install/cable_robot_description', 'merge_install': False, 'path': '/home/luke/git/CDPRX/cable_robot_ws/src/cable_robot_description', 'symlink_install': False, 'test_result_base': None}
[0.173s] INFO:colcon.colcon_core.executor:Executing jobs using 'parallel' executor
[0.174s] DEBUG:colcon.colcon_parallel_executor.executor.parallel:run_until_complete
[0.174s] INFO:colcon.colcon_ros.task.ament_cmake.build:Building ROS package in '/home/luke/git/CDPRX/cable_robot_ws/src/cable_robot_description' with build type 'ament_cmake'
[0.174s] INFO:colcon.colcon_cmake.task.cmake.build:Building CMake package in '/home/luke/git/CDPRX/cable_robot_ws/src/cable_robot_description'
[0.175s] INFO:colcon.colcon_core.plugin_system:Skipping extension 'colcon_core.shell.bat': Not used on non-Windows systems
[0.175s] INFO:colcon.colcon_core.shell:Skip shell extension 'powershell' for command environment: Not usable outside of PowerShell
[0.175s] DEBUG:colcon.colcon_core.shell:Skip shell extension 'dsv' for command environment
[0.181s] DEBUG:colcon.colcon_core.event_handler.log_command:Invoking command in '/home/luke/git/CDPRX/cable_robot_ws/src/cable_robot_description/build/cable_robot_description': CMAKE_PREFIX_PATH=${CMAKE_PREFIX_PATH}:/home/luke/ros2_ws/install/sjtu_drone_control:/home/luke/ros2_ws/install/sjtu_drone_bringup:/opt/ros/humble /usr/bin/cmake --build /home/luke/git/CDPRX/cable_robot_ws/src/cable_robot_description/build/cable_robot_description -- -j24 -l24
[0.205s] DEBUG:colcon.colcon_core.event_handler.log_command:Invoked command in '/home/luke/git/CDPRX/cable_robot_ws/src/cable_robot_description/build/cable_robot_description' returned '0': CMAKE_PREFIX_PATH=${CMAKE_PREFIX_PATH}:/home/luke/ros2_ws/install/sjtu_drone_control:/home/luke/ros2_ws/install/sjtu_drone_bringup:/opt/ros/humble /usr/bin/cmake --build /home/luke/git/CDPRX/cable_robot_ws/src/cable_robot_description/build/cable_robot_description -- -j24 -l24
[0.213s] DEBUG:colcon.colcon_core.event_handler.log_command:Invoking command in '/home/luke/git/CDPRX/cable_robot_ws/src/cable_robot_description/build/cable_robot_description': CMAKE_PREFIX_PATH=${CMAKE_PREFIX_PATH}:/home/luke/ros2_ws/install/sjtu_drone_control:/home/luke/ros2_ws/install/sjtu_drone_bringup:/opt/ros/humble /usr/bin/cmake --install /home/luke/git/CDPRX/cable_robot_ws/src/cable_robot_description/build/cable_robot_description
[0.223s] Level 1:colcon.colcon_core.environment:create_environment_scripts_only(cable_robot_description)
[0.223s] DEBUG:colcon.colcon_core.event_handler.log_command:Invoked command in '/home/luke/git/CDPRX/cable_robot_ws/src/cable_robot_description/build/cable_robot_description' returned '0': CMAKE_PREFIX_PATH=${CMAKE_PREFIX_PATH}:/home/luke/ros2_ws/install/sjtu_drone_control:/home/luke/ros2_ws/install/sjtu_drone_bringup:/opt/ros/humble /usr/bin/cmake --install /home/luke/git/CDPRX/cable_robot_ws/src/cable_robot_description/build/cable_robot_description
[0.226s] Level 1:colcon.colcon_core.environment:checking '/home/luke/git/CDPRX/cable_robot_ws/src/cable_robot_description/install/cable_robot_description' for CMake module files
[0.227s] Level 1:colcon.colcon_core.environment:checking '/home/luke/git/CDPRX/cable_robot_ws/src/cable_robot_description/install/cable_robot_description' for CMake config files
[0.228s] Level 1:colcon.colcon_core.shell:create_environment_hook('cable_robot_description', 'cmake_prefix_path')
[0.228s] INFO:colcon.colcon_core.shell:Creating environment hook '/home/luke/git/CDPRX/cable_robot_ws/src/cable_robot_description/install/cable_robot_description/share/cable_robot_description/hook/cmake_prefix_path.ps1'
[0.229s] INFO:colcon.colcon_core.shell:Creating environment descriptor '/home/luke/git/CDPRX/cable_robot_ws/src/cable_robot_description/install/cable_robot_description/share/cable_robot_description/hook/cmake_prefix_path.dsv'
[0.230s] INFO:colcon.colcon_core.shell:Creating environment hook '/home/luke/git/CDPRX/cable_robot_ws/src/cable_robot_description/install/cable_robot_description/share/cable_robot_description/hook/cmake_prefix_path.sh'
[0.231s] Level 1:colcon.colcon_core.environment:checking '/home/luke/git/CDPRX/cable_robot_ws/src/cable_robot_description/install/cable_robot_description/bin'
[0.231s] Level 1:colcon.colcon_core.environment:checking '/home/luke/git/CDPRX/cable_robot_ws/src/cable_robot_description/install/cable_robot_description/lib/pkgconfig/cable_robot_description.pc'
[0.232s] Level 1:colcon.colcon_core.environment:checking '/home/luke/git/CDPRX/cable_robot_ws/src/cable_robot_description/install/cable_robot_description/lib/python3.10/site-packages'
[0.232s] Level 1:colcon.colcon_core.environment:checking '/home/luke/git/CDPRX/cable_robot_ws/src/cable_robot_description/install/cable_robot_description/bin'
[0.233s] INFO:colcon.colcon_core.shell:Creating package script '/home/luke/git/CDPRX/cable_robot_ws/src/cable_robot_description/install/cable_robot_description/share/cable_robot_description/package.ps1'
[0.233s] INFO:colcon.colcon_core.shell:Creating package descriptor '/home/luke/git/CDPRX/cable_robot_ws/src/cable_robot_description/install/cable_robot_description/share/cable_robot_description/package.dsv'
[0.234s] INFO:colcon.colcon_core.shell:Creating package script '/home/luke/git/CDPRX/cable_robot_ws/src/cable_robot_description/install/cable_robot_description/share/cable_robot_description/package.sh'
[0.234s] INFO:colcon.colcon_core.shell:Creating package script '/home/luke/git/CDPRX/cable_robot_ws/src/cable_robot_description/install/cable_robot_description/share/cable_robot_description/package.bash'
[0.235s] INFO:colcon.colcon_core.shell:Creating package script '/home/luke/git/CDPRX/cable_robot_ws/src/cable_robot_description/install/cable_robot_description/share/cable_robot_description/package.zsh'
[0.235s] Level 1:colcon.colcon_core.environment:create_file_with_runtime_dependencies(/home/luke/git/CDPRX/cable_robot_ws/src/cable_robot_description/install/cable_robot_description/share/colcon-core/packages/cable_robot_description)
[0.235s] Level 1:colcon.colcon_core.environment:create_environment_scripts_only(cable_robot_description)
[0.235s] Level 1:colcon.colcon_core.environment:checking '/home/luke/git/CDPRX/cable_robot_ws/src/cable_robot_description/install/cable_robot_description' for CMake module files
[0.236s] Level 1:colcon.colcon_core.environment:checking '/home/luke/git/CDPRX/cable_robot_ws/src/cable_robot_description/install/cable_robot_description' for CMake config files
[0.236s] Level 1:colcon.colcon_core.shell:create_environment_hook('cable_robot_description', 'cmake_prefix_path')
[0.236s] INFO:colcon.colcon_core.shell:Creating environment hook '/home/luke/git/CDPRX/cable_robot_ws/src/cable_robot_description/install/cable_robot_description/share/cable_robot_description/hook/cmake_prefix_path.ps1'
[0.236s] INFO:colcon.colcon_core.shell:Creating environment descriptor '/home/luke/git/CDPRX/cable_robot_ws/src/cable_robot_description/install/cable_robot_description/share/cable_robot_description/hook/cmake_prefix_path.dsv'
[0.236s] INFO:colcon.colcon_core.shell:Creating environment hook '/home/luke/git/CDPRX/cable_robot_ws/src/cable_robot_description/install/cable_robot_description/share/cable_robot_description/hook/cmake_prefix_path.sh'
[0.236s] Level 1:colcon.colcon_core.environment:checking '/home/luke/git/CDPRX/cable_robot_ws/src/cable_robot_description/install/cable_robot_description/bin'
[0.236s] Level 1:colcon.colcon_core.environment:checking '/home/luke/git/CDPRX/cable_robot_ws/src/cable_robot_description/install/cable_robot_description/lib/pkgconfig/cable_robot_description.pc'
[0.237s] Level 1:colcon.colcon_core.environment:checking '/home/luke/git/CDPRX/cable_robot_ws/src/cable_robot_description/install/cable_robot_description/lib/python3.10/site-packages'
[0.237s] Level 1:colcon.colcon_core.environment:checking '/home/luke/git/CDPRX/cable_robot_ws/src/cable_robot_description/install/cable_robot_description/bin'
[0.237s] INFO:colcon.colcon_core.shell:Creating package script '/home/luke/git/CDPRX/cable_robot_ws/src/cable_robot_description/install/cable_robot_description/share/cable_robot_description/package.ps1'
[0.237s] INFO:colcon.colcon_core.shell:Creating package descriptor '/home/luke/git/CDPRX/cable_robot_ws/src/cable_robot_description/install/cable_robot_description/share/cable_robot_description/package.dsv'
[0.237s] INFO:colcon.colcon_core.shell:Creating package script '/home/luke/git/CDPRX/cable_robot_ws/src/cable_robot_description/install/cable_robot_description/share/cable_robot_description/package.sh'
[0.237s] INFO:colcon.colcon_core.shell:Creating package script '/home/luke/git/CDPRX/cable_robot_ws/src/cable_robot_description/install/cable_robot_description/share/cable_robot_description/package.bash'
[0.238s] INFO:colcon.colcon_core.shell:Creating package script '/home/luke/git/CDPRX/cable_robot_ws/src/cable_robot_description/install/cable_robot_description/share/cable_robot_description/package.zsh'
[0.238s] Level 1:colcon.colcon_core.environment:create_file_with_runtime_dependencies(/home/luke/git/CDPRX/cable_robot_ws/src/cable_robot_description/install/cable_robot_description/share/colcon-core/packages/cable_robot_description)
[0.238s] DEBUG:colcon.colcon_parallel_executor.executor.parallel:closing loop
[0.238s] DEBUG:colcon.colcon_parallel_executor.executor.parallel:loop closed
[0.238s] DEBUG:colcon.colcon_parallel_executor.executor.parallel:run_until_complete finished with '0'
[0.238s] DEBUG:colcon.colcon_core.event_reactor:joining thread
[0.241s] INFO:colcon.colcon_core.plugin_system:Skipping extension 'colcon_notification.desktop_notification.terminal_notifier': Not used on non-Darwin systems
[0.241s] INFO:colcon.colcon_core.plugin_system:Skipping extension 'colcon_notification.desktop_notification.win32': Not used on non-Windows systems
[0.241s] INFO:colcon.colcon_notification.desktop_notification:Sending desktop notification using 'notify2'
[0.246s] DEBUG:colcon.colcon_core.event_reactor:joined thread
[0.246s] INFO:colcon.colcon_core.shell:Creating prefix script '/home/luke/git/CDPRX/cable_robot_ws/src/cable_robot_description/install/local_setup.ps1'
[0.247s] INFO:colcon.colcon_core.shell:Creating prefix util module '/home/luke/git/CDPRX/cable_robot_ws/src/cable_robot_description/install/_local_setup_util_ps1.py'
[0.247s] INFO:colcon.colcon_core.shell:Creating prefix chain script '/home/luke/git/CDPRX/cable_robot_ws/src/cable_robot_description/install/setup.ps1'
[0.248s] INFO:colcon.colcon_core.shell:Creating prefix script '/home/luke/git/CDPRX/cable_robot_ws/src/cable_robot_description/install/local_setup.sh'
[0.248s] INFO:colcon.colcon_core.shell:Creating prefix util module '/home/luke/git/CDPRX/cable_robot_ws/src/cable_robot_description/install/_local_setup_util_sh.py'
[0.249s] INFO:colcon.colcon_core.shell:Creating prefix chain script '/home/luke/git/CDPRX/cable_robot_ws/src/cable_robot_description/install/setup.sh'
[0.249s] INFO:colcon.colcon_core.shell:Creating prefix script '/home/luke/git/CDPRX/cable_robot_ws/src/cable_robot_description/install/local_setup.bash'
[0.250s] INFO:colcon.colcon_core.shell:Creating prefix chain script '/home/luke/git/CDPRX/cable_robot_ws/src/cable_robot_description/install/setup.bash'
[0.250s] INFO:colcon.colcon_core.shell:Creating prefix script '/home/luke/git/CDPRX/cable_robot_ws/src/cable_robot_description/install/local_setup.zsh'
[0.251s] INFO:colcon.colcon_core.shell:Creating prefix chain script '/home/luke/git/CDPRX/cable_robot_ws/src/cable_robot_description/install/setup.zsh'
