[0.005s] Invoking command in '/home/luke/git/CDPRX/cable_robot_ws/build/cdprx': CMAKE_PREFIX_PATH=${CMAKE_PREFIX_PATH}:/home/luke/ros2_ws/install/sjtu_drone_control:/home/luke/ros2_ws/install/sjtu_drone_bringup:/opt/ros/humble /usr/bin/cmake --build /home/luke/git/CDPRX/cable_robot_ws/build/cdprx -- -j24 -l24
[0.022s] -- Found ament_cmake: 1.3.11 (/opt/ros/humble/share/ament_cmake/cmake)
[0.087s] -- Found rclcpp: 16.0.11 (/opt/ros/humble/share/rclcpp/cmake)
[0.101s] -- Found rosidl_generator_c: 3.1.6 (/opt/ros/humble/share/rosidl_generator_c/cmake)
[0.102s] -- Found rosidl_adapter: 3.1.6 (/opt/ros/humble/share/rosidl_adapter/cmake)
[0.105s] -- Found rosidl_generator_cpp: 3.1.6 (/opt/ros/humble/share/rosidl_generator_cpp/cmake)
[0.110s] -- Using all available rosidl_typesupport_c: rosidl_typesupport_fastrtps_c;rosidl_typesupport_introspection_c
[0.116s] -- Using all available rosidl_typesupport_cpp: rosidl_typesupport_fastrtps_cpp;rosidl_typesupport_introspection_cpp
[0.132s] -- Found rmw_implementation_cmake: 6.1.2 (/opt/ros/humble/share/rmw_implementation_cmake/cmake)
[0.133s] -- Found rmw_fastrtps_cpp: 6.2.7 (/opt/ros/humble/share/rmw_fastrtps_cpp/cmake)
[0.199s] -- Using RMW implementation 'rmw_fastrtps_cpp' as default
[0.227s] -- Found rclpy: 3.3.15 (/opt/ros/humble/share/rclpy/cmake)
[0.228s] -- Found geometry_msgs: 4.2.4 (/opt/ros/humble/share/geometry_msgs/cmake)
[0.234s] -- Found sensor_msgs: 4.2.4 (/opt/ros/humble/share/sensor_msgs/cmake)
[0.242s] -- Found tf2: 0.25.9 (/opt/ros/humble/share/tf2/cmake)
[0.244s] -- Found tf2_ros: 0.25.9 (/opt/ros/humble/share/tf2_ros/cmake)
[0.281s] -- Found urdf: 2.6.1 (/opt/ros/humble/share/urdf/cmake)
[0.290s] -- Found xacro: 2.0.8 (/opt/ros/humble/share/xacro/cmake)
[0.324s] -- Configuring done
[0.325s] -- Generating done
[0.327s] -- Build files have been written to: /home/luke/git/CDPRX/cable_robot_ws/build/cdprx
[0.345s] Invoked command in '/home/luke/git/CDPRX/cable_robot_ws/build/cdprx' returned '0': CMAKE_PREFIX_PATH=${CMAKE_PREFIX_PATH}:/home/luke/ros2_ws/install/sjtu_drone_control:/home/luke/ros2_ws/install/sjtu_drone_bringup:/opt/ros/humble /usr/bin/cmake --build /home/luke/git/CDPRX/cable_robot_ws/build/cdprx -- -j24 -l24
[0.347s] Invoking command in '/home/luke/git/CDPRX/cable_robot_ws/build/cdprx': CMAKE_PREFIX_PATH=${CMAKE_PREFIX_PATH}:/home/luke/ros2_ws/install/sjtu_drone_control:/home/luke/ros2_ws/install/sjtu_drone_bringup:/opt/ros/humble /usr/bin/cmake --install /home/luke/git/CDPRX/cable_robot_ws/build/cdprx
[0.356s] -- Install configuration: ""
[0.356s] -- Up-to-date: /home/luke/git/CDPRX/cable_robot_ws/install/cdprx/share/cdprx/config
[0.356s] -- Up-to-date: /home/luke/git/CDPRX/cable_robot_ws/install/cdprx/share/cdprx/launch
[0.356s] -- Up-to-date: /home/luke/git/CDPRX/cable_robot_ws/install/cdprx/share/cdprx/launch/robot.launch.py
[0.357s] -- Installing: /home/luke/git/CDPRX/cable_robot_ws/install/cdprx/share/ament_index/resource_index/package_run_dependencies/cdprx
[0.357s] -- Installing: /home/luke/git/CDPRX/cable_robot_ws/install/cdprx/share/ament_index/resource_index/parent_prefix_path/cdprx
[0.357s] -- Installing: /home/luke/git/CDPRX/cable_robot_ws/install/cdprx/share/cdprx/environment/ament_prefix_path.sh
[0.357s] -- Installing: /home/luke/git/CDPRX/cable_robot_ws/install/cdprx/share/cdprx/environment/ament_prefix_path.dsv
[0.358s] -- Installing: /home/luke/git/CDPRX/cable_robot_ws/install/cdprx/share/cdprx/environment/path.sh
[0.358s] -- Installing: /home/luke/git/CDPRX/cable_robot_ws/install/cdprx/share/cdprx/environment/path.dsv
[0.358s] -- Installing: /home/luke/git/CDPRX/cable_robot_ws/install/cdprx/share/cdprx/local_setup.bash
[0.358s] -- Installing: /home/luke/git/CDPRX/cable_robot_ws/install/cdprx/share/cdprx/local_setup.sh
[0.358s] -- Installing: /home/luke/git/CDPRX/cable_robot_ws/install/cdprx/share/cdprx/local_setup.zsh
[0.359s] -- Installing: /home/luke/git/CDPRX/cable_robot_ws/install/cdprx/share/cdprx/local_setup.dsv
[0.359s] -- Installing: /home/luke/git/CDPRX/cable_robot_ws/install/cdprx/share/cdprx/package.dsv
[0.359s] -- Installing: /home/luke/git/CDPRX/cable_robot_ws/install/cdprx/share/ament_index/resource_index/packages/cdprx
[0.359s] -- Installing: /home/luke/git/CDPRX/cable_robot_ws/install/cdprx/share/cdprx/cmake/cdprxConfig.cmake
[0.361s] -- Installing: /home/luke/git/CDPRX/cable_robot_ws/install/cdprx/share/cdprx/cmake/cdprxConfig-version.cmake
[0.361s] -- Installing: /home/luke/git/CDPRX/cable_robot_ws/install/cdprx/share/cdprx/package.xml
[0.361s] Invoked command in '/home/luke/git/CDPRX/cable_robot_ws/build/cdprx' returned '0': CMAKE_PREFIX_PATH=${CMAKE_PREFIX_PATH}:/home/luke/ros2_ws/install/sjtu_drone_control:/home/luke/ros2_ws/install/sjtu_drone_bringup:/opt/ros/humble /usr/bin/cmake --install /home/luke/git/CDPRX/cable_robot_ws/build/cdprx
