-- Found ament_cmake: 1.3.11 (/opt/ros/humble/share/ament_cmake/cmake)
-- Override CMake install command with custom implementation using symlinks instead of copying resources
-- Found rclcpp: 16.0.11 (/opt/ros/humble/share/rclcpp/cmake)
-- Found rosidl_generator_c: 3.1.6 (/opt/ros/humble/share/rosidl_generator_c/cmake)
-- Found rosidl_adapter: 3.1.6 (/opt/ros/humble/share/rosidl_adapter/cmake)
-- Found rosidl_generator_cpp: 3.1.6 (/opt/ros/humble/share/rosidl_generator_cpp/cmake)
-- Using all available rosidl_typesupport_c: rosidl_typesupport_fastrtps_c;rosidl_typesupport_introspection_c
-- Using all available rosidl_typesupport_cpp: rosidl_typesupport_fastrtps_cpp;rosidl_typesupport_introspection_cpp
-- Found rmw_implementation_cmake: 6.1.2 (/opt/ros/humble/share/rmw_implementation_cmake/cmake)
-- Found rmw_fastrtps_cpp: 6.2.7 (/opt/ros/humble/share/rmw_fastrtps_cpp/cmake)
-- Using RMW implementation 'rmw_fastrtps_cpp' as default
-- Found rclpy: 3.3.15 (/opt/ros/humble/share/rclpy/cmake)
-- Found geometry_msgs: 4.2.4 (/opt/ros/humble/share/geometry_msgs/cmake)
-- Found sensor_msgs: 4.2.4 (/opt/ros/humble/share/sensor_msgs/cmake)
-- Found tf2: 0.25.9 (/opt/ros/humble/share/tf2/cmake)
-- Found tf2_ros: 0.25.9 (/opt/ros/humble/share/tf2_ros/cmake)
-- Found urdf: 2.6.1 (/opt/ros/humble/share/urdf/cmake)
-- Found xacro: 2.0.8 (/opt/ros/humble/share/xacro/cmake)
-- Configuring done
-- Generating done
-- Build files have been written to: /home/luke/git/CDPRX/cable_robot_ws/build/cdprx
-- Install configuration: ""
-- Execute custom install script
-- Up-to-date symlink: /home/luke/git/CDPRX/cable_robot_ws/install/cdprx/share/cdprx/launch/robot.launch.py
-- Up-to-date symlink: /home/luke/git/CDPRX/cable_robot_ws/install/cdprx/share/ament_index/resource_index/package_run_dependencies/cdprx
-- Up-to-date symlink: /home/luke/git/CDPRX/cable_robot_ws/install/cdprx/share/ament_index/resource_index/parent_prefix_path/cdprx
-- Up-to-date symlink: /home/luke/git/CDPRX/cable_robot_ws/install/cdprx/share/cdprx/environment/ament_prefix_path.sh
-- Up-to-date symlink: /home/luke/git/CDPRX/cable_robot_ws/install/cdprx/share/cdprx/environment/ament_prefix_path.dsv
-- Up-to-date symlink: /home/luke/git/CDPRX/cable_robot_ws/install/cdprx/share/cdprx/environment/path.sh
-- Up-to-date symlink: /home/luke/git/CDPRX/cable_robot_ws/install/cdprx/share/cdprx/environment/path.dsv
-- Up-to-date symlink: /home/luke/git/CDPRX/cable_robot_ws/install/cdprx/share/cdprx/local_setup.bash
-- Up-to-date symlink: /home/luke/git/CDPRX/cable_robot_ws/install/cdprx/share/cdprx/local_setup.sh
-- Up-to-date symlink: /home/luke/git/CDPRX/cable_robot_ws/install/cdprx/share/cdprx/local_setup.zsh
-- Up-to-date symlink: /home/luke/git/CDPRX/cable_robot_ws/install/cdprx/share/cdprx/local_setup.dsv
-- Symlinking: /home/luke/git/CDPRX/cable_robot_ws/install/cdprx/share/cdprx/package.dsv
-- Up-to-date symlink: /home/luke/git/CDPRX/cable_robot_ws/install/cdprx/share/ament_index/resource_index/packages/cdprx
-- Up-to-date symlink: /home/luke/git/CDPRX/cable_robot_ws/install/cdprx/share/cdprx/cmake/cdprxConfig.cmake
-- Up-to-date symlink: /home/luke/git/CDPRX/cable_robot_ws/install/cdprx/share/cdprx/cmake/cdprxConfig-version.cmake
-- Up-to-date symlink: /home/luke/git/CDPRX/cable_robot_ws/install/cdprx/share/cdprx/package.xml
