[0.006s] Invoking command in '/home/luke/git/CDPRX/cable_robot_ws/build/cdprx': CMAKE_PREFIX_PATH=${CMAKE_PREFIX_PATH}:/home/luke/ros2_ws/install/sjtu_drone_control:/home/luke/ros2_ws/install/sjtu_drone_bringup:/opt/ros/humble /usr/bin/cmake /home/luke/git/CDPRX/cable_robot_ws/src/cable_robot_control -DCMAKE_INSTALL_PREFIX=/home/luke/git/CDPRX/cable_robot_ws/install/cdprx
[0.011s] -- Found ament_cmake: 1.3.11 (/opt/ros/humble/share/ament_cmake/cmake)
[0.078s] -- Override CMake install command with custom implementation using symlinks instead of copying resources
[0.082s] -- Found rclcpp: 16.0.11 (/opt/ros/humble/share/rclcpp/cmake)
[0.096s] -- Found rosidl_generator_c: 3.1.6 (/opt/ros/humble/share/rosidl_generator_c/cmake)
[0.097s] -- Found rosidl_adapter: 3.1.6 (/opt/ros/humble/share/rosidl_adapter/cmake)
[0.100s] -- Found rosidl_generator_cpp: 3.1.6 (/opt/ros/humble/share/rosidl_generator_cpp/cmake)
[0.105s] -- Using all available rosidl_typesupport_c: rosidl_typesupport_fastrtps_c;rosidl_typesupport_introspection_c
[0.111s] -- Using all available rosidl_typesupport_cpp: rosidl_typesupport_fastrtps_cpp;rosidl_typesupport_introspection_cpp
[0.128s] -- Found rmw_implementation_cmake: 6.1.2 (/opt/ros/humble/share/rmw_implementation_cmake/cmake)
[0.129s] -- Found rmw_fastrtps_cpp: 6.2.7 (/opt/ros/humble/share/rmw_fastrtps_cpp/cmake)
[0.183s] -- Using RMW implementation 'rmw_fastrtps_cpp' as default
[0.207s] -- Found rclpy: 3.3.15 (/opt/ros/humble/share/rclpy/cmake)
[0.207s] -- Found geometry_msgs: 4.2.4 (/opt/ros/humble/share/geometry_msgs/cmake)
[0.213s] -- Found sensor_msgs: 4.2.4 (/opt/ros/humble/share/sensor_msgs/cmake)
[0.222s] -- Found tf2: 0.25.9 (/opt/ros/humble/share/tf2/cmake)
[0.223s] -- Found tf2_ros: 0.25.9 (/opt/ros/humble/share/tf2_ros/cmake)
[0.261s] -- Found urdf: 2.6.1 (/opt/ros/humble/share/urdf/cmake)
[0.270s] -- Found xacro: 2.0.8 (/opt/ros/humble/share/xacro/cmake)
[0.304s] -- Configuring done
[0.306s] -- Generating done
[0.307s] -- Build files have been written to: /home/luke/git/CDPRX/cable_robot_ws/build/cdprx
[0.312s] Invoked command in '/home/luke/git/CDPRX/cable_robot_ws/build/cdprx' returned '0': CMAKE_PREFIX_PATH=${CMAKE_PREFIX_PATH}:/home/luke/ros2_ws/install/sjtu_drone_control:/home/luke/ros2_ws/install/sjtu_drone_bringup:/opt/ros/humble /usr/bin/cmake /home/luke/git/CDPRX/cable_robot_ws/src/cable_robot_control -DCMAKE_INSTALL_PREFIX=/home/luke/git/CDPRX/cable_robot_ws/install/cdprx
[0.313s] Invoking command in '/home/luke/git/CDPRX/cable_robot_ws/build/cdprx': CMAKE_PREFIX_PATH=${CMAKE_PREFIX_PATH}:/home/luke/ros2_ws/install/sjtu_drone_control:/home/luke/ros2_ws/install/sjtu_drone_bringup:/opt/ros/humble /usr/bin/cmake --build /home/luke/git/CDPRX/cable_robot_ws/build/cdprx -- -j24 -l24
[0.336s] Invoked command in '/home/luke/git/CDPRX/cable_robot_ws/build/cdprx' returned '0': CMAKE_PREFIX_PATH=${CMAKE_PREFIX_PATH}:/home/luke/ros2_ws/install/sjtu_drone_control:/home/luke/ros2_ws/install/sjtu_drone_bringup:/opt/ros/humble /usr/bin/cmake --build /home/luke/git/CDPRX/cable_robot_ws/build/cdprx -- -j24 -l24
[0.337s] Invoking command in '/home/luke/git/CDPRX/cable_robot_ws/build/cdprx': CMAKE_PREFIX_PATH=${CMAKE_PREFIX_PATH}:/home/luke/ros2_ws/install/sjtu_drone_control:/home/luke/ros2_ws/install/sjtu_drone_bringup:/opt/ros/humble /usr/bin/cmake --install /home/luke/git/CDPRX/cable_robot_ws/build/cdprx
[0.342s] -- Install configuration: ""
[0.342s] -- Execute custom install script
[0.343s] -- Up-to-date symlink: /home/luke/git/CDPRX/cable_robot_ws/install/cdprx/share/cdprx/launch/robot.launch.py
[0.343s] -- Up-to-date symlink: /home/luke/git/CDPRX/cable_robot_ws/install/cdprx/share/ament_index/resource_index/package_run_dependencies/cdprx
[0.343s] -- Up-to-date symlink: /home/luke/git/CDPRX/cable_robot_ws/install/cdprx/share/ament_index/resource_index/parent_prefix_path/cdprx
[0.343s] -- Up-to-date symlink: /home/luke/git/CDPRX/cable_robot_ws/install/cdprx/share/cdprx/environment/ament_prefix_path.sh
[0.343s] -- Up-to-date symlink: /home/luke/git/CDPRX/cable_robot_ws/install/cdprx/share/cdprx/environment/ament_prefix_path.dsv
[0.343s] -- Up-to-date symlink: /home/luke/git/CDPRX/cable_robot_ws/install/cdprx/share/cdprx/environment/path.sh
[0.343s] -- Up-to-date symlink: /home/luke/git/CDPRX/cable_robot_ws/install/cdprx/share/cdprx/environment/path.dsv
[0.343s] -- Up-to-date symlink: /home/luke/git/CDPRX/cable_robot_ws/install/cdprx/share/cdprx/local_setup.bash
[0.343s] -- Up-to-date symlink: /home/luke/git/CDPRX/cable_robot_ws/install/cdprx/share/cdprx/local_setup.sh
[0.343s] -- Up-to-date symlink: /home/luke/git/CDPRX/cable_robot_ws/install/cdprx/share/cdprx/local_setup.zsh
[0.344s] -- Up-to-date symlink: /home/luke/git/CDPRX/cable_robot_ws/install/cdprx/share/cdprx/local_setup.dsv
[0.344s] -- Symlinking: /home/luke/git/CDPRX/cable_robot_ws/install/cdprx/share/cdprx/package.dsv
[0.350s] -- Up-to-date symlink: /home/luke/git/CDPRX/cable_robot_ws/install/cdprx/share/ament_index/resource_index/packages/cdprx
[0.350s] -- Up-to-date symlink: /home/luke/git/CDPRX/cable_robot_ws/install/cdprx/share/cdprx/cmake/cdprxConfig.cmake
[0.350s] -- Up-to-date symlink: /home/luke/git/CDPRX/cable_robot_ws/install/cdprx/share/cdprx/cmake/cdprxConfig-version.cmake
[0.351s] -- Up-to-date symlink: /home/luke/git/CDPRX/cable_robot_ws/install/cdprx/share/cdprx/package.xml
[0.352s] Invoked command in '/home/luke/git/CDPRX/cable_robot_ws/build/cdprx' returned '0': CMAKE_PREFIX_PATH=${CMAKE_PREFIX_PATH}:/home/luke/ros2_ws/install/sjtu_drone_control:/home/luke/ros2_ws/install/sjtu_drone_bringup:/opt/ros/humble /usr/bin/cmake --install /home/luke/git/CDPRX/cable_robot_ws/build/cdprx
