-- Install configuration: ""
-- Up-to-date: /home/luke/git/CDPRX/cable_robot_ws/src/cable_robot_description/install/cable_robot_description/share/cable_robot_description/launch
-- Up-to-date: /home/luke/git/CDPRX/cable_robot_ws/src/cable_robot_description/install/cable_robot_description/share/cable_robot_description/launch/gazebo.launch.py
-- Up-to-date: /home/luke/git/CDPRX/cable_robot_ws/src/cable_robot_description/install/cable_robot_description/share/cable_robot_description/urdf
-- Up-to-date: /home/luke/git/CDPRX/cable_robot_ws/src/cable_robot_description/install/cable_robot_description/share/cable_robot_description/urdf/cdpr.urdf.xacro
-- Up-to-date: /home/luke/git/CDPRX/cable_robot_ws/src/cable_robot_description/install/cable_robot_description/share/cable_robot_description/urdf/testPillar.urdf.xacro
-- Up-to-date: /home/luke/git/CDPRX/cable_robot_ws/src/cable_robot_description/install/cable_robot_description/share/cable_robot_description/urdf/properties
-- Up-to-date: /home/luke/git/CDPRX/cable_robot_ws/src/cable_robot_description/install/cable_robot_description/share/cable_robot_description/urdf/properties/archive
-- Up-to-date: /home/luke/git/CDPRX/cable_robot_ws/src/cable_robot_description/install/cable_robot_description/share/cable_robot_description/urdf/properties/archive/joint_limits.xacro
-- Up-to-date: /home/luke/git/CDPRX/cable_robot_ws/src/cable_robot_description/install/cable_robot_description/share/cable_robot_description/urdf/properties/archive/dimensions.xacro
-- Up-to-date: /home/luke/git/CDPRX/cable_robot_ws/src/cable_robot_description/install/cable_robot_description/share/cable_robot_description/urdf/properties/archive/pillarProps.xacro
-- Up-to-date: /home/luke/git/CDPRX/cable_robot_ws/src/cable_robot_description/install/cable_robot_description/share/cable_robot_description/urdf/properties/archive/physical.xacro
-- Up-to-date: /home/luke/git/CDPRX/cable_robot_ws/src/cable_robot_description/install/cable_robot_description/share/cable_robot_description/urdf/properties/pillar_properties.xacro
-- Up-to-date: /home/luke/git/CDPRX/cable_robot_ws/src/cable_robot_description/install/cable_robot_description/share/cable_robot_description/urdf/cable_robot.urdf.xacro
-- Up-to-date: /home/luke/git/CDPRX/cable_robot_ws/src/cable_robot_description/install/cable_robot_description/share/cable_robot_description/urdf/components
-- Installing: /home/luke/git/CDPRX/cable_robot_ws/src/cable_robot_description/install/cable_robot_description/share/cable_robot_description/urdf/components/frame.urdf.xacro
-- Installing: /home/luke/git/CDPRX/cable_robot_ws/src/cable_robot_description/install/cable_robot_description/share/cable_robot_description/urdf/components/framePillar.urdf.xacro
-- Installing: /home/luke/git/CDPRX/cable_robot_ws/src/cable_robot_description/install/cable_robot_description/share/cable_robot_description/urdf/components/cable.urdf.xacro
-- Up-to-date: /home/luke/git/CDPRX/cable_robot_ws/src/cable_robot_description/install/cable_robot_description/share/cable_robot_description/urdf/components/test_robot.urdf.xacro
-- Installing: /home/luke/git/CDPRX/cable_robot_ws/src/cable_robot_description/install/cable_robot_description/share/cable_robot_description/urdf/components/winch.urdf.xacro
-- Up-to-date: /home/luke/git/CDPRX/cable_robot_ws/src/cable_robot_description/install/cable_robot_description/share/cable_robot_description/worlds
-- Up-to-date: /home/luke/git/CDPRX/cable_robot_ws/src/cable_robot_description/install/cable_robot_description/share/ament_index/resource_index/package_run_dependencies/cable_robot_description
-- Up-to-date: /home/luke/git/CDPRX/cable_robot_ws/src/cable_robot_description/install/cable_robot_description/share/ament_index/resource_index/parent_prefix_path/cable_robot_description
-- Up-to-date: /home/luke/git/CDPRX/cable_robot_ws/src/cable_robot_description/install/cable_robot_description/share/cable_robot_description/environment/ament_prefix_path.sh
-- Up-to-date: /home/luke/git/CDPRX/cable_robot_ws/src/cable_robot_description/install/cable_robot_description/share/cable_robot_description/environment/ament_prefix_path.dsv
-- Up-to-date: /home/luke/git/CDPRX/cable_robot_ws/src/cable_robot_description/install/cable_robot_description/share/cable_robot_description/environment/path.sh
-- Up-to-date: /home/luke/git/CDPRX/cable_robot_ws/src/cable_robot_description/install/cable_robot_description/share/cable_robot_description/environment/path.dsv
-- Up-to-date: /home/luke/git/CDPRX/cable_robot_ws/src/cable_robot_description/install/cable_robot_description/share/cable_robot_description/local_setup.bash
-- Up-to-date: /home/luke/git/CDPRX/cable_robot_ws/src/cable_robot_description/install/cable_robot_description/share/cable_robot_description/local_setup.sh
-- Up-to-date: /home/luke/git/CDPRX/cable_robot_ws/src/cable_robot_description/install/cable_robot_description/share/cable_robot_description/local_setup.zsh
-- Up-to-date: /home/luke/git/CDPRX/cable_robot_ws/src/cable_robot_description/install/cable_robot_description/share/cable_robot_description/local_setup.dsv
-- Installing: /home/luke/git/CDPRX/cable_robot_ws/src/cable_robot_description/install/cable_robot_description/share/cable_robot_description/package.dsv
-- Up-to-date: /home/luke/git/CDPRX/cable_robot_ws/src/cable_robot_description/install/cable_robot_description/share/ament_index/resource_index/packages/cable_robot_description
-- Up-to-date: /home/luke/git/CDPRX/cable_robot_ws/src/cable_robot_description/install/cable_robot_description/share/cable_robot_description/cmake/cable_robot_descriptionConfig.cmake
-- Up-to-date: /home/luke/git/CDPRX/cable_robot_ws/src/cable_robot_description/install/cable_robot_description/share/cable_robot_description/cmake/cable_robot_descriptionConfig-version.cmake
-- Up-to-date: /home/luke/git/CDPRX/cable_robot_ws/src/cable_robot_description/install/cable_robot_description/share/cable_robot_description/package.xml
