[0.006s] Invoking command in '/home/luke/git/CDPRX/cable_robot_ws/build/cdprx': CMAKE_PREFIX_PATH=${CMAKE_PREFIX_PATH}:/home/luke/ros2_ws/install/sjtu_drone_control:/home/luke/ros2_ws/install/sjtu_drone_bringup:/opt/ros/humble /usr/bin/cmake /home/luke/git/CDPRX/cable_robot_ws/src/cable_robot_control -DCMAKE_INSTALL_PREFIX=/home/luke/git/CDPRX/cable_robot_ws/install/cdprx
[0.042s] -- The C compiler identification is GNU 11.4.0
[0.086s] -- The CXX compiler identification is GNU 11.4.0
[0.090s] -- Detecting C compiler ABI info
[0.194s] -- Detecting C compiler ABI info - done
[0.205s] -- Check for working C compiler: /usr/bin/cc - skipped
[0.206s] -- Detecting C compile features
[0.206s] -- Detecting C compile features - done
[0.210s] -- Detecting CXX compiler ABI info
[0.307s] -- Detecting CXX compiler ABI info - done
[0.310s] -- Check for working CXX compiler: /usr/bin/c++ - skipped
[0.310s] -- Detecting CXX compile features
[0.311s] -- Detecting CXX compile features - done
[0.312s] -- Found ament_cmake: 1.3.11 (/opt/ros/humble/share/ament_cmake/cmake)
[0.449s] -- Found Python3: /usr/bin/python3 (found version "3.10.12") found components: Interpreter 
[0.507s] -- Found rclcpp: 16.0.11 (/opt/ros/humble/share/rclcpp/cmake)
[0.532s] -- Found rosidl_generator_c: 3.1.6 (/opt/ros/humble/share/rosidl_generator_c/cmake)
[0.535s] -- Found rosidl_adapter: 3.1.6 (/opt/ros/humble/share/rosidl_adapter/cmake)
[0.540s] -- Found rosidl_generator_cpp: 3.1.6 (/opt/ros/humble/share/rosidl_generator_cpp/cmake)
[0.546s] -- Using all available rosidl_typesupport_c: rosidl_typesupport_fastrtps_c;rosidl_typesupport_introspection_c
[0.555s] -- Using all available rosidl_typesupport_cpp: rosidl_typesupport_fastrtps_cpp;rosidl_typesupport_introspection_cpp
[0.579s] -- Found rmw_implementation_cmake: 6.1.2 (/opt/ros/humble/share/rmw_implementation_cmake/cmake)
[0.581s] -- Found rmw_fastrtps_cpp: 6.2.7 (/opt/ros/humble/share/rmw_fastrtps_cpp/cmake)
[0.661s] -- Found OpenSSL: /usr/lib/x86_64-linux-gnu/libcrypto.so (found version "3.0.2")  
[0.693s] -- Found FastRTPS: /opt/ros/humble/include  
[0.714s] -- Using RMW implementation 'rmw_fastrtps_cpp' as default
[0.719s] -- Looking for pthread.h
[0.801s] -- Looking for pthread.h - found
[0.801s] -- Performing Test CMAKE_HAVE_LIBC_PTHREAD
[0.923s] -- Performing Test CMAKE_HAVE_LIBC_PTHREAD - Success
[0.924s] -- Found Threads: TRUE  
[0.955s] -- Found rclpy: 3.3.15 (/opt/ros/humble/share/rclpy/cmake)
[0.956s] -- Found geometry_msgs: 4.2.4 (/opt/ros/humble/share/geometry_msgs/cmake)
[0.965s] -- Found sensor_msgs: 4.2.4 (/opt/ros/humble/share/sensor_msgs/cmake)
[0.978s] -- Found tf2: 0.25.9 (/opt/ros/humble/share/tf2/cmake)
[0.985s] -- Found tf2_ros: 0.25.9 (/opt/ros/humble/share/tf2_ros/cmake)
[1.045s] -- Found urdf: 2.6.1 (/opt/ros/humble/share/urdf/cmake)
[1.062s] -- Found xacro: 2.0.8 (/opt/ros/humble/share/xacro/cmake)
[1.067s] [31mCMake Error at CMakeLists.txt:32 (find_package):
[1.067s]   By not providing "Findament_lint_auto.cmake" in CMAKE_MODULE_PATH this
[1.067s]   project has asked CMake to find a package configuration file provided by
[1.067s]   "ament_lint_auto", but CMake did not find one.
[1.067s] 
[1.067s]   Could not find a package configuration file provided by "ament_lint_auto"
[1.067s]   with any of the following names:
[1.067s] 
[1.067s]     ament_lint_autoConfig.cmake
[1.067s]     ament_lint_auto-config.cmake
[1.067s] 
[1.068s]   Add the installation prefix of "ament_lint_auto" to CMAKE_PREFIX_PATH or
[1.068s]   set "ament_lint_auto_DIR" to a directory containing one of the above files.
[1.068s]   If "ament_lint_auto" provides a separate development package or SDK, be
[1.068s]   sure it has been installed.
[1.068s] 
[1.068s] [0m
[1.068s] -- Configuring incomplete, errors occurred!
[1.068s] See also "/home/luke/git/CDPRX/cable_robot_ws/build/cdprx/CMakeFiles/CMakeOutput.log".
[1.073s] Invoked command in '/home/luke/git/CDPRX/cable_robot_ws/build/cdprx' returned '1': CMAKE_PREFIX_PATH=${CMAKE_PREFIX_PATH}:/home/luke/ros2_ws/install/sjtu_drone_control:/home/luke/ros2_ws/install/sjtu_drone_bringup:/opt/ros/humble /usr/bin/cmake /home/luke/git/CDPRX/cable_robot_ws/src/cable_robot_control -DCMAKE_INSTALL_PREFIX=/home/luke/git/CDPRX/cable_robot_ws/install/cdprx
