[0.142s] Invoking command in '/home/luke/git/CDPRX/build/cdprx': CMAKE_PREFIX_PATH=${CMAKE_PREFIX_PATH}:/home/luke/ros2_ws/install/sjtu_drone_control:/home/luke/ros2_ws/install/sjtu_drone_bringup:/opt/ros/humble /usr/bin/cmake /home/luke/git/CDPRX -DCMAKE_INSTALL_PREFIX=/home/luke/git/CDPRX/install/cdprx
[0.169s] -- Found ament_cmake: 1.3.7 (/opt/ros/humble/share/ament_cmake/cmake)
[0.434s] -- Found rclcpp: 16.0.8 (/opt/ros/humble/share/rclcpp/cmake)
[0.483s] -- Found rosidl_generator_c: 3.1.5 (/opt/ros/humble/share/rosidl_generator_c/cmake)
[0.486s] -- Found rosidl_adapter: 3.1.5 (/opt/ros/humble/share/rosidl_adapter/cmake)
[0.493s] -- Found rosidl_generator_cpp: 3.1.5 (/opt/ros/humble/share/rosidl_generator_cpp/cmake)
[0.516s] -- Using all available rosidl_typesupport_c: rosidl_typesupport_fastrtps_c;rosidl_typesupport_introspection_c
[0.545s] -- Using all available rosidl_typesupport_cpp: rosidl_typesupport_fastrtps_cpp;rosidl_typesupport_introspection_cpp
[0.652s] -- Found rmw_implementation_cmake: 6.1.1 (/opt/ros/humble/share/rmw_implementation_cmake/cmake)
[0.656s] -- Found rmw_fastrtps_cpp: 6.2.6 (/opt/ros/humble/share/rmw_fastrtps_cpp/cmake)
[0.874s] -- Using RMW implementation 'rmw_fastrtps_cpp' as default
[1.156s] -- Found rclpy: 3.3.11 (/opt/ros/humble/share/rclpy/cmake)
[1.157s] -- Found geometry_msgs: 4.2.3 (/opt/ros/humble/share/geometry_msgs/cmake)
[1.231s] -- Found sensor_msgs: 4.2.3 (/opt/ros/humble/share/sensor_msgs/cmake)
[1.382s] -- Found tf2: 0.25.5 (/opt/ros/humble/share/tf2/cmake)
[1.396s] -- Found tf2_ros: 0.25.5 (/opt/ros/humble/share/tf2_ros/cmake)
[1.954s] -- Found urdf: 2.6.0 (/opt/ros/humble/share/urdf/cmake)
[1.988s] -- Found xacro: 2.0.8 (/opt/ros/humble/share/xacro/cmake)
[1.993s] -- Found ament_lint_auto: 0.12.10 (/opt/ros/humble/share/ament_lint_auto/cmake)
[2.214s] -- Added test 'copyright' to check source files copyright and LICENSE
[2.243s] -- Added test 'cppcheck' to perform static code analysis on C / C++ code
[2.243s] -- Configured cppcheck include dirs: 
[2.243s] -- Configured cppcheck exclude dirs and/or files: 
[2.272s] -- Added test 'cpplint' to check C / C++ code against the Google style
[2.272s] -- Configured cpplint exclude dirs and/or files: 
[2.277s] -- Added test 'flake8' to check Python code syntax and style conventions
[2.283s] -- Added test 'lint_cmake' to check CMake code style
[2.297s] -- Added test 'pep257' to check Python code against some of the docstring style conventions in PEP 257
[2.327s] -- Added test 'uncrustify' to check C / C++ code style
[2.328s] -- Configured uncrustify additional arguments: 
[2.334s] -- Added test 'xmllint' to check XML markup files
[2.339s] -- Configuring done
[2.345s] -- Generating done
[2.349s] -- Build files have been written to: /home/luke/git/CDPRX/build/cdprx
[2.375s] Invoked command in '/home/luke/git/CDPRX/build/cdprx' returned '0': CMAKE_PREFIX_PATH=${CMAKE_PREFIX_PATH}:/home/luke/ros2_ws/install/sjtu_drone_control:/home/luke/ros2_ws/install/sjtu_drone_bringup:/opt/ros/humble /usr/bin/cmake /home/luke/git/CDPRX -DCMAKE_INSTALL_PREFIX=/home/luke/git/CDPRX/install/cdprx
[2.377s] Invoking command in '/home/luke/git/CDPRX/build/cdprx': CMAKE_PREFIX_PATH=${CMAKE_PREFIX_PATH}:/home/luke/ros2_ws/install/sjtu_drone_control:/home/luke/ros2_ws/install/sjtu_drone_bringup:/opt/ros/humble /usr/bin/cmake --build /home/luke/git/CDPRX/build/cdprx -- -j12 -l12
[2.461s] Invoked command in '/home/luke/git/CDPRX/build/cdprx' returned '0': CMAKE_PREFIX_PATH=${CMAKE_PREFIX_PATH}:/home/luke/ros2_ws/install/sjtu_drone_control:/home/luke/ros2_ws/install/sjtu_drone_bringup:/opt/ros/humble /usr/bin/cmake --build /home/luke/git/CDPRX/build/cdprx -- -j12 -l12
[2.523s] Invoking command in '/home/luke/git/CDPRX/build/cdprx': CMAKE_PREFIX_PATH=${CMAKE_PREFIX_PATH}:/home/luke/ros2_ws/install/sjtu_drone_control:/home/luke/ros2_ws/install/sjtu_drone_bringup:/opt/ros/humble /usr/bin/cmake --install /home/luke/git/CDPRX/build/cdprx
[2.536s] -- Install configuration: ""
[2.536s] [31mCMake Error at cmake_install.cmake:46 (file):
[2.537s]   file INSTALL cannot find "/home/luke/git/CDPRX/config": No such file or
[2.537s]   directory.
[2.537s] 
[2.537s] [0m
[2.544s] Invoked command in '/home/luke/git/CDPRX/build/cdprx' returned '1': CMAKE_PREFIX_PATH=${CMAKE_PREFIX_PATH}:/home/luke/ros2_ws/install/sjtu_drone_control:/home/luke/ros2_ws/install/sjtu_drone_bringup:/opt/ros/humble /usr/bin/cmake --install /home/luke/git/CDPRX/build/cdprx
