[0.006s] Invoking command in '/home/luke/git/CDPRX/cable_robot_ws/src/cable_robot_description/build/cable_robot_description': CMAKE_PREFIX_PATH=${CMAKE_PREFIX_PATH}:/home/luke/ros2_ws/install/sjtu_drone_control:/home/luke/ros2_ws/install/sjtu_drone_bringup:/opt/ros/humble /usr/bin/cmake /home/luke/git/CDPRX/cable_robot_ws/src/cable_robot_description -DCMAKE_INSTALL_PREFIX=/home/luke/git/CDPRX/cable_robot_ws/src/cable_robot_description/install/cable_robot_description
[0.053s] -- The C compiler identification is GNU 11.4.0
[0.129s] -- The CXX compiler identification is GNU 11.4.0
[0.137s] -- Detecting C compiler ABI info
[0.227s] -- Detecting C compiler ABI info - done
[0.242s] -- Check for working C compiler: /usr/bin/cc - skipped
[0.243s] -- Detecting C compile features
[0.243s] -- Detecting C compile features - done
[0.246s] -- Detecting CXX compiler ABI info
[0.359s] -- Detecting CXX compiler ABI info - done
[0.363s] -- Check for working CXX compiler: /usr/bin/c++ - skipped
[0.363s] -- Detecting CXX compile features
[0.363s] -- Detecting CXX compile features - done
[0.365s] -- Found ament_cmake: 1.3.11 (/opt/ros/humble/share/ament_cmake/cmake)
[0.496s] -- Found Python3: /usr/bin/python3 (found version "3.10.12") found components: Interpreter 
[0.582s] -- Configuring done
[0.583s] -- Generating done
[0.584s] -- Build files have been written to: /home/luke/git/CDPRX/cable_robot_ws/src/cable_robot_description/build/cable_robot_description
[0.586s] Invoked command in '/home/luke/git/CDPRX/cable_robot_ws/src/cable_robot_description/build/cable_robot_description' returned '0': CMAKE_PREFIX_PATH=${CMAKE_PREFIX_PATH}:/home/luke/ros2_ws/install/sjtu_drone_control:/home/luke/ros2_ws/install/sjtu_drone_bringup:/opt/ros/humble /usr/bin/cmake /home/luke/git/CDPRX/cable_robot_ws/src/cable_robot_description -DCMAKE_INSTALL_PREFIX=/home/luke/git/CDPRX/cable_robot_ws/src/cable_robot_description/install/cable_robot_description
[0.587s] Invoking command in '/home/luke/git/CDPRX/cable_robot_ws/src/cable_robot_description/build/cable_robot_description': CMAKE_PREFIX_PATH=${CMAKE_PREFIX_PATH}:/home/luke/ros2_ws/install/sjtu_drone_control:/home/luke/ros2_ws/install/sjtu_drone_bringup:/opt/ros/humble /usr/bin/cmake --build /home/luke/git/CDPRX/cable_robot_ws/src/cable_robot_description/build/cable_robot_description -- -j24 -l24
[0.629s] Invoked command in '/home/luke/git/CDPRX/cable_robot_ws/src/cable_robot_description/build/cable_robot_description' returned '0': CMAKE_PREFIX_PATH=${CMAKE_PREFIX_PATH}:/home/luke/ros2_ws/install/sjtu_drone_control:/home/luke/ros2_ws/install/sjtu_drone_bringup:/opt/ros/humble /usr/bin/cmake --build /home/luke/git/CDPRX/cable_robot_ws/src/cable_robot_description/build/cable_robot_description -- -j24 -l24
[0.646s] Invoking command in '/home/luke/git/CDPRX/cable_robot_ws/src/cable_robot_description/build/cable_robot_description': CMAKE_PREFIX_PATH=${CMAKE_PREFIX_PATH}:/home/luke/ros2_ws/install/sjtu_drone_control:/home/luke/ros2_ws/install/sjtu_drone_bringup:/opt/ros/humble /usr/bin/cmake --install /home/luke/git/CDPRX/cable_robot_ws/src/cable_robot_description/build/cable_robot_description
[0.656s] -- Install configuration: ""
[0.656s] -- Installing: /home/luke/git/CDPRX/cable_robot_ws/src/cable_robot_description/install/cable_robot_description/share/cable_robot_description/launch
[0.656s] -- Installing: /home/luke/git/CDPRX/cable_robot_ws/src/cable_robot_description/install/cable_robot_description/share/cable_robot_description/launch/gazebo.launch.py
[0.656s] -- Installing: /home/luke/git/CDPRX/cable_robot_ws/src/cable_robot_description/install/cable_robot_description/share/cable_robot_description/urdf
[0.656s] -- Installing: /home/luke/git/CDPRX/cable_robot_ws/src/cable_robot_description/install/cable_robot_description/share/cable_robot_description/urdf/cdpr.urdf.xacro
[0.656s] -- Installing: /home/luke/git/CDPRX/cable_robot_ws/src/cable_robot_description/install/cable_robot_description/share/cable_robot_description/urdf/testPillar.urdf.xacro
[0.656s] -- Installing: /home/luke/git/CDPRX/cable_robot_ws/src/cable_robot_description/install/cable_robot_description/share/cable_robot_description/urdf/properties
[0.656s] -- Installing: /home/luke/git/CDPRX/cable_robot_ws/src/cable_robot_description/install/cable_robot_description/share/cable_robot_description/urdf/properties/archive
[0.657s] -- Installing: /home/luke/git/CDPRX/cable_robot_ws/src/cable_robot_description/install/cable_robot_description/share/cable_robot_description/urdf/properties/archive/joint_limits.xacro
[0.657s] -- Installing: /home/luke/git/CDPRX/cable_robot_ws/src/cable_robot_description/install/cable_robot_description/share/cable_robot_description/urdf/properties/archive/dimensions.xacro
[0.657s] -- Installing: /home/luke/git/CDPRX/cable_robot_ws/src/cable_robot_description/install/cable_robot_description/share/cable_robot_description/urdf/properties/archive/pillarProps.xacro
[0.657s] -- Installing: /home/luke/git/CDPRX/cable_robot_ws/src/cable_robot_description/install/cable_robot_description/share/cable_robot_description/urdf/properties/archive/physical.xacro
[0.657s] -- Installing: /home/luke/git/CDPRX/cable_robot_ws/src/cable_robot_description/install/cable_robot_description/share/cable_robot_description/urdf/cable_robot.urdf.xacro
[0.657s] -- Installing: /home/luke/git/CDPRX/cable_robot_ws/src/cable_robot_description/install/cable_robot_description/share/cable_robot_description/urdf/components
[0.657s] -- Installing: /home/luke/git/CDPRX/cable_robot_ws/src/cable_robot_description/install/cable_robot_description/share/cable_robot_description/urdf/components/frame.urdf.xacro
[0.657s] -- Installing: /home/luke/git/CDPRX/cable_robot_ws/src/cable_robot_description/install/cable_robot_description/share/cable_robot_description/urdf/components/framePillar.urdf.xacro
[0.657s] -- Installing: /home/luke/git/CDPRX/cable_robot_ws/src/cable_robot_description/install/cable_robot_description/share/cable_robot_description/urdf/components/cable.urdf.xacro
[0.657s] -- Installing: /home/luke/git/CDPRX/cable_robot_ws/src/cable_robot_description/install/cable_robot_description/share/cable_robot_description/urdf/components/test_robot.urdf.xacro
[0.657s] -- Installing: /home/luke/git/CDPRX/cable_robot_ws/src/cable_robot_description/install/cable_robot_description/share/cable_robot_description/urdf/components/winch.urdf.xacro
[0.657s] -- Installing: /home/luke/git/CDPRX/cable_robot_ws/src/cable_robot_description/install/cable_robot_description/share/cable_robot_description/worlds
[0.657s] -- Installing: /home/luke/git/CDPRX/cable_robot_ws/src/cable_robot_description/install/cable_robot_description/share/ament_index/resource_index/package_run_dependencies/cable_robot_description
[0.658s] -- Installing: /home/luke/git/CDPRX/cable_robot_ws/src/cable_robot_description/install/cable_robot_description/share/ament_index/resource_index/parent_prefix_path/cable_robot_description
[0.658s] -- Installing: /home/luke/git/CDPRX/cable_robot_ws/src/cable_robot_description/install/cable_robot_description/share/cable_robot_description/environment/ament_prefix_path.sh
[0.658s] -- Installing: /home/luke/git/CDPRX/cable_robot_ws/src/cable_robot_description/install/cable_robot_description/share/cable_robot_description/environment/ament_prefix_path.dsv
[0.658s] -- Installing: /home/luke/git/CDPRX/cable_robot_ws/src/cable_robot_description/install/cable_robot_description/share/cable_robot_description/environment/path.sh
[0.658s] -- Installing: /home/luke/git/CDPRX/cable_robot_ws/src/cable_robot_description/install/cable_robot_description/share/cable_robot_description/environment/path.dsv
[0.658s] -- Installing: /home/luke/git/CDPRX/cable_robot_ws/src/cable_robot_description/install/cable_robot_description/share/cable_robot_description/local_setup.bash
[0.658s] -- Installing: /home/luke/git/CDPRX/cable_robot_ws/src/cable_robot_description/install/cable_robot_description/share/cable_robot_description/local_setup.sh
[0.658s] -- Installing: /home/luke/git/CDPRX/cable_robot_ws/src/cable_robot_description/install/cable_robot_description/share/cable_robot_description/local_setup.zsh
[0.658s] -- Installing: /home/luke/git/CDPRX/cable_robot_ws/src/cable_robot_description/install/cable_robot_description/share/cable_robot_description/local_setup.dsv
[0.658s] -- Installing: /home/luke/git/CDPRX/cable_robot_ws/src/cable_robot_description/install/cable_robot_description/share/cable_robot_description/package.dsv
[0.658s] -- Installing: /home/luke/git/CDPRX/cable_robot_ws/src/cable_robot_description/install/cable_robot_description/share/ament_index/resource_index/packages/cable_robot_description
[0.659s] -- Installing: /home/luke/git/CDPRX/cable_robot_ws/src/cable_robot_description/install/cable_robot_description/share/cable_robot_description/cmake/cable_robot_descriptionConfig.cmake
[0.659s] -- Installing: /home/luke/git/CDPRX/cable_robot_ws/src/cable_robot_description/install/cable_robot_description/share/cable_robot_description/cmake/cable_robot_descriptionConfig-version.cmake
[0.659s] -- Installing: /home/luke/git/CDPRX/cable_robot_ws/src/cable_robot_description/install/cable_robot_description/share/cable_robot_description/package.xml
[0.660s] Invoked command in '/home/luke/git/CDPRX/cable_robot_ws/src/cable_robot_description/build/cable_robot_description' returned '0': CMAKE_PREFIX_PATH=${CMAKE_PREFIX_PATH}:/home/luke/ros2_ws/install/sjtu_drone_control:/home/luke/ros2_ws/install/sjtu_drone_bringup:/opt/ros/humble /usr/bin/cmake --install /home/luke/git/CDPRX/cable_robot_ws/src/cable_robot_description/build/cable_robot_description
