[1.809s] DEBUG:colcon:Command line arguments: ['/usr/bin/colcon', 'build', '--packages-select', 'cdprx']
[1.809s] DEBUG:colcon:Parsed command line arguments: Namespace(log_base=None, log_level=None, verb_name='build', build_base='build', install_base='install', merge_install=False, symlink_install=False, test_result_base=None, continue_on_error=False, executor='parallel', parallel_workers=12, event_handlers=None, ignore_user_meta=False, metas=['./colcon.meta'], base_paths=['.'], packages_ignore=None, packages_ignore_regex=None, paths=None, packages_up_to=None, packages_up_to_regex=None, packages_above=None, packages_above_and_dependencies=None, packages_above_depth=None, packages_select_by_dep=None, packages_skip_by_dep=None, packages_skip_up_to=None, packages_select_build_failed=False, packages_skip_build_finished=False, packages_select_test_failures=False, packages_skip_test_passed=False, packages_select=['cdprx'], packages_skip=None, packages_select_regex=None, packages_skip_regex=None, packages_start=None, packages_end=None, allow_overriding=[], cmake_args=None, cmake_target=None, cmake_target_skip_unavailable=False, cmake_clean_cache=False, cmake_clean_first=False, cmake_force_configure=False, ament_cmake_args=None, catkin_cmake_args=None, catkin_skip_building_tests=False, verb_parser=<colcon_defaults.argument_parser.defaults.DefaultArgumentsDecorator object at 0x7e4a8a9be9e0>, verb_extension=<colcon_core.verb.build.BuildVerb object at 0x7e4a8aac34f0>, main=<bound method BuildVerb.main of <colcon_core.verb.build.BuildVerb object at 0x7e4a8aac34f0>>)
[1.908s] Level 1:colcon.colcon_core.package_discovery:discover_packages(colcon_meta) check parameters
[1.908s] Level 1:colcon.colcon_core.package_discovery:discover_packages(recursive) check parameters
[1.908s] Level 1:colcon.colcon_core.package_discovery:discover_packages(ignore) check parameters
[1.908s] Level 1:colcon.colcon_core.package_discovery:discover_packages(path) check parameters
[1.909s] Level 1:colcon.colcon_core.package_discovery:discover_packages(colcon_meta) discover
[1.909s] Level 1:colcon.colcon_core.package_discovery:discover_packages(recursive) discover
[1.909s] INFO:colcon.colcon_core.package_discovery:Crawling recursively for packages in '/home/luke/git/CDPRX'
[1.909s] Level 1:colcon.colcon_core.package_identification:_identify(.) by extensions ['ignore', 'ignore_ament_install']
[1.910s] Level 1:colcon.colcon_core.package_identification:_identify(.) by extension 'ignore'
[1.910s] Level 1:colcon.colcon_core.package_identification:_identify(.) by extension 'ignore_ament_install'
[1.910s] Level 1:colcon.colcon_core.package_identification:_identify(.) by extensions ['colcon_pkg']
[1.910s] Level 1:colcon.colcon_core.package_identification:_identify(.) by extension 'colcon_pkg'
[1.911s] Level 1:colcon.colcon_core.package_identification:_identify(.) by extensions ['colcon_meta']
[1.911s] Level 1:colcon.colcon_core.package_identification:_identify(.) by extension 'colcon_meta'
[1.911s] Level 1:colcon.colcon_core.package_identification:_identify(.) by extensions ['ros']
[1.912s] Level 1:colcon.colcon_core.package_identification:_identify(.) by extension 'ros'
[1.947s] DEBUG:colcon.colcon_core.package_identification:Package '.' with type 'ros.ament_cmake' and name 'cdprx'
[1.947s] Level 1:colcon.colcon_core.package_discovery:discover_packages(recursive) using defaults
[1.947s] Level 1:colcon.colcon_core.package_discovery:discover_packages(ignore) discover
[1.947s] Level 1:colcon.colcon_core.package_discovery:discover_packages(ignore) using defaults
[1.947s] Level 1:colcon.colcon_core.package_discovery:discover_packages(path) discover
[1.947s] Level 1:colcon.colcon_core.package_discovery:discover_packages(path) using defaults
[2.103s] Level 1:colcon.colcon_core.package_discovery:discover_packages(prefix_path) check parameters
[2.103s] Level 1:colcon.colcon_core.package_discovery:discover_packages(prefix_path) discover
[2.169s] DEBUG:colcon.colcon_installed_package_information.package_discovery:Found 16 installed packages in /home/luke/ros2_ws/install
[2.198s] DEBUG:colcon.colcon_installed_package_information.package_discovery:Found 307 installed packages in /opt/ros/humble
[2.200s] Level 1:colcon.colcon_core.package_discovery:discover_packages(prefix_path) using defaults
[2.428s] Level 5:colcon.colcon_core.verb:set package 'cdprx' build argument 'cmake_args' from command line to 'None'
[2.428s] Level 5:colcon.colcon_core.verb:set package 'cdprx' build argument 'cmake_target' from command line to 'None'
[2.428s] Level 5:colcon.colcon_core.verb:set package 'cdprx' build argument 'cmake_target_skip_unavailable' from command line to 'False'
[2.428s] Level 5:colcon.colcon_core.verb:set package 'cdprx' build argument 'cmake_clean_cache' from command line to 'False'
[2.428s] Level 5:colcon.colcon_core.verb:set package 'cdprx' build argument 'cmake_clean_first' from command line to 'False'
[2.428s] Level 5:colcon.colcon_core.verb:set package 'cdprx' build argument 'cmake_force_configure' from command line to 'False'
[2.428s] Level 5:colcon.colcon_core.verb:set package 'cdprx' build argument 'ament_cmake_args' from command line to 'None'
[2.429s] Level 5:colcon.colcon_core.verb:set package 'cdprx' build argument 'catkin_cmake_args' from command line to 'None'
[2.429s] Level 5:colcon.colcon_core.verb:set package 'cdprx' build argument 'catkin_skip_building_tests' from command line to 'False'
[2.429s] DEBUG:colcon.colcon_core.verb:Building package 'cdprx' with the following arguments: {'ament_cmake_args': None, 'build_base': '/home/luke/git/CDPRX/build/cdprx', 'catkin_cmake_args': None, 'catkin_skip_building_tests': False, 'cmake_args': None, 'cmake_clean_cache': False, 'cmake_clean_first': False, 'cmake_force_configure': False, 'cmake_target': None, 'cmake_target_skip_unavailable': False, 'install_base': '/home/luke/git/CDPRX/install/cdprx', 'merge_install': False, 'path': '/home/luke/git/CDPRX', 'symlink_install': False, 'test_result_base': None}
[2.455s] INFO:colcon.colcon_core.executor:Executing jobs using 'parallel' executor
[2.481s] DEBUG:colcon.colcon_parallel_executor.executor.parallel:run_until_complete
[2.481s] INFO:colcon.colcon_ros.task.ament_cmake.build:Building ROS package in '/home/luke/git/CDPRX' with build type 'ament_cmake'
[2.481s] INFO:colcon.colcon_cmake.task.cmake.build:Building CMake package in '/home/luke/git/CDPRX'
[2.521s] INFO:colcon.colcon_core.plugin_system:Skipping extension 'colcon_core.shell.bat': Not used on non-Windows systems
[2.522s] INFO:colcon.colcon_core.shell:Skip shell extension 'powershell' for command environment: Not usable outside of PowerShell
[2.522s] DEBUG:colcon.colcon_core.shell:Skip shell extension 'dsv' for command environment
[2.621s] DEBUG:colcon.colcon_core.event_handler.log_command:Invoking command in '/home/luke/git/CDPRX/build/cdprx': CMAKE_PREFIX_PATH=${CMAKE_PREFIX_PATH}:/home/luke/ros2_ws/install/sjtu_drone_control:/home/luke/ros2_ws/install/sjtu_drone_bringup:/opt/ros/humble /usr/bin/cmake /home/luke/git/CDPRX -DCMAKE_INSTALL_PREFIX=/home/luke/git/CDPRX/install/cdprx
[11.290s] DEBUG:colcon.colcon_core.event_handler.log_command:Invoked command in '/home/luke/git/CDPRX/build/cdprx' returned '1': CMAKE_PREFIX_PATH=${CMAKE_PREFIX_PATH}:/home/luke/ros2_ws/install/sjtu_drone_control:/home/luke/ros2_ws/install/sjtu_drone_bringup:/opt/ros/humble /usr/bin/cmake /home/luke/git/CDPRX -DCMAKE_INSTALL_PREFIX=/home/luke/git/CDPRX/install/cdprx
[11.319s] Level 1:colcon.colcon_core.environment:create_environment_scripts_only(cdprx)
[11.359s] Level 1:colcon.colcon_core.environment:checking '/home/luke/git/CDPRX/install/cdprx' for CMake module files
[11.359s] Level 1:colcon.colcon_core.environment:checking '/home/luke/git/CDPRX/install/cdprx' for CMake config files
[11.360s] Level 1:colcon.colcon_core.environment:checking '/home/luke/git/CDPRX/install/cdprx/bin'
[11.360s] Level 1:colcon.colcon_core.environment:checking '/home/luke/git/CDPRX/install/cdprx/lib/pkgconfig/cdprx.pc'
[11.360s] Level 1:colcon.colcon_core.environment:checking '/home/luke/git/CDPRX/install/cdprx/lib/python3.10/site-packages'
[11.360s] Level 1:colcon.colcon_core.environment:checking '/home/luke/git/CDPRX/install/cdprx/bin'
[11.385s] INFO:colcon.colcon_core.shell:Creating package script '/home/luke/git/CDPRX/install/cdprx/share/cdprx/package.ps1'
[11.390s] INFO:colcon.colcon_core.shell:Creating package descriptor '/home/luke/git/CDPRX/install/cdprx/share/cdprx/package.dsv'
[11.391s] INFO:colcon.colcon_core.shell:Creating package script '/home/luke/git/CDPRX/install/cdprx/share/cdprx/package.sh'
[11.392s] INFO:colcon.colcon_core.shell:Creating package script '/home/luke/git/CDPRX/install/cdprx/share/cdprx/package.bash'
[11.393s] INFO:colcon.colcon_core.shell:Creating package script '/home/luke/git/CDPRX/install/cdprx/share/cdprx/package.zsh'
[11.394s] Level 1:colcon.colcon_core.environment:create_file_with_runtime_dependencies(/home/luke/git/CDPRX/install/cdprx/share/colcon-core/packages/cdprx)
[11.411s] DEBUG:colcon.colcon_parallel_executor.executor.parallel:closing loop
[11.411s] DEBUG:colcon.colcon_parallel_executor.executor.parallel:loop closed
[11.412s] DEBUG:colcon.colcon_parallel_executor.executor.parallel:run_until_complete finished with '1'
[11.412s] DEBUG:colcon.colcon_core.event_reactor:joining thread
[11.452s] INFO:colcon.colcon_core.plugin_system:Skipping extension 'colcon_notification.desktop_notification.terminal_notifier': Not used on non-Darwin systems
[11.452s] INFO:colcon.colcon_core.plugin_system:Skipping extension 'colcon_notification.desktop_notification.win32': Not used on non-Windows systems
[11.453s] INFO:colcon.colcon_notification.desktop_notification:Sending desktop notification using 'notify2'
[11.484s] DEBUG:colcon.colcon_core.event_reactor:joined thread
[11.513s] INFO:colcon.colcon_core.shell:Creating prefix script '/home/luke/git/CDPRX/install/local_setup.ps1'
[11.523s] INFO:colcon.colcon_core.shell:Creating prefix util module '/home/luke/git/CDPRX/install/_local_setup_util_ps1.py'
[11.525s] INFO:colcon.colcon_core.shell:Creating prefix chain script '/home/luke/git/CDPRX/install/setup.ps1'
[11.559s] INFO:colcon.colcon_core.shell:Creating prefix script '/home/luke/git/CDPRX/install/local_setup.sh'
[11.560s] INFO:colcon.colcon_core.shell:Creating prefix util module '/home/luke/git/CDPRX/install/_local_setup_util_sh.py'
[11.562s] INFO:colcon.colcon_core.shell:Creating prefix chain script '/home/luke/git/CDPRX/install/setup.sh'
[11.610s] INFO:colcon.colcon_core.shell:Creating prefix script '/home/luke/git/CDPRX/install/local_setup.bash'
[11.620s] INFO:colcon.colcon_core.shell:Creating prefix chain script '/home/luke/git/CDPRX/install/setup.bash'
[11.656s] INFO:colcon.colcon_core.shell:Creating prefix script '/home/luke/git/CDPRX/install/local_setup.zsh'
[11.658s] INFO:colcon.colcon_core.shell:Creating prefix chain script '/home/luke/git/CDPRX/install/setup.zsh'
