[0.006s] Invoking command in '/home/luke/git/CDPRX/cable_robot_ws/build/cdprx': CMAKE_PREFIX_PATH=${CMAKE_PREFIX_PATH}:/home/luke/ros2_ws/install/sjtu_drone_control:/home/luke/ros2_ws/install/sjtu_drone_bringup:/opt/ros/humble /usr/bin/cmake /home/luke/git/CDPRX/cable_robot_ws/src/cable_robot_control -DCMAKE_INSTALL_PREFIX=/home/luke/git/CDPRX/cable_robot_ws/install/cdprx
[0.012s] -- Found ament_cmake: 1.3.11 (/opt/ros/humble/share/ament_cmake/cmake)
[0.097s] -- Found rclcpp: 16.0.11 (/opt/ros/humble/share/rclcpp/cmake)
[0.111s] -- Found rosidl_generator_c: 3.1.6 (/opt/ros/humble/share/rosidl_generator_c/cmake)
[0.112s] -- Found rosidl_adapter: 3.1.6 (/opt/ros/humble/share/rosidl_adapter/cmake)
[0.115s] -- Found rosidl_generator_cpp: 3.1.6 (/opt/ros/humble/share/rosidl_generator_cpp/cmake)
[0.119s] -- Using all available rosidl_typesupport_c: rosidl_typesupport_fastrtps_c;rosidl_typesupport_introspection_c
[0.126s] -- Using all available rosidl_typesupport_cpp: rosidl_typesupport_fastrtps_cpp;rosidl_typesupport_introspection_cpp
[0.141s] -- Found rmw_implementation_cmake: 6.1.2 (/opt/ros/humble/share/rmw_implementation_cmake/cmake)
[0.142s] -- Found rmw_fastrtps_cpp: 6.2.7 (/opt/ros/humble/share/rmw_fastrtps_cpp/cmake)
[0.208s] -- Using RMW implementation 'rmw_fastrtps_cpp' as default
[0.232s] -- Found rclpy: 3.3.15 (/opt/ros/humble/share/rclpy/cmake)
[0.232s] -- Found geometry_msgs: 4.2.4 (/opt/ros/humble/share/geometry_msgs/cmake)
[0.238s] -- Found sensor_msgs: 4.2.4 (/opt/ros/humble/share/sensor_msgs/cmake)
[0.246s] -- Found tf2: 0.25.9 (/opt/ros/humble/share/tf2/cmake)
[0.248s] -- Found tf2_ros: 0.25.9 (/opt/ros/humble/share/tf2_ros/cmake)
[0.286s] -- Found urdf: 2.6.1 (/opt/ros/humble/share/urdf/cmake)
[0.295s] -- Found xacro: 2.0.8 (/opt/ros/humble/share/xacro/cmake)
[0.332s] -- Configuring done
[0.333s] -- Generating done
[0.334s] -- Build files have been written to: /home/luke/git/CDPRX/cable_robot_ws/build/cdprx
[0.339s] Invoked command in '/home/luke/git/CDPRX/cable_robot_ws/build/cdprx' returned '0': CMAKE_PREFIX_PATH=${CMAKE_PREFIX_PATH}:/home/luke/ros2_ws/install/sjtu_drone_control:/home/luke/ros2_ws/install/sjtu_drone_bringup:/opt/ros/humble /usr/bin/cmake /home/luke/git/CDPRX/cable_robot_ws/src/cable_robot_control -DCMAKE_INSTALL_PREFIX=/home/luke/git/CDPRX/cable_robot_ws/install/cdprx
[0.340s] Invoking command in '/home/luke/git/CDPRX/cable_robot_ws/build/cdprx': CMAKE_PREFIX_PATH=${CMAKE_PREFIX_PATH}:/home/luke/ros2_ws/install/sjtu_drone_control:/home/luke/ros2_ws/install/sjtu_drone_bringup:/opt/ros/humble /usr/bin/cmake --build /home/luke/git/CDPRX/cable_robot_ws/build/cdprx -- -j24 -l24
[0.368s] Invoked command in '/home/luke/git/CDPRX/cable_robot_ws/build/cdprx' returned '0': CMAKE_PREFIX_PATH=${CMAKE_PREFIX_PATH}:/home/luke/ros2_ws/install/sjtu_drone_control:/home/luke/ros2_ws/install/sjtu_drone_bringup:/opt/ros/humble /usr/bin/cmake --build /home/luke/git/CDPRX/cable_robot_ws/build/cdprx -- -j24 -l24
[0.369s] Invoking command in '/home/luke/git/CDPRX/cable_robot_ws/build/cdprx': CMAKE_PREFIX_PATH=${CMAKE_PREFIX_PATH}:/home/luke/ros2_ws/install/sjtu_drone_control:/home/luke/ros2_ws/install/sjtu_drone_bringup:/opt/ros/humble /usr/bin/cmake --install /home/luke/git/CDPRX/cable_robot_ws/build/cdprx
[0.374s] -- Install configuration: ""
[0.374s] -- Installing: /home/luke/git/CDPRX/cable_robot_ws/install/cdprx/share/cdprx/config
[0.374s] -- Installing: /home/luke/git/CDPRX/cable_robot_ws/install/cdprx/share/cdprx/launch
[0.374s] -- Installing: /home/luke/git/CDPRX/cable_robot_ws/install/cdprx/share/cdprx/launch/robot.launch.py
[0.375s] [31mCMake Error at cmake_install.cmake:46 (file):
[0.375s]   file INSTALL cannot find
[0.375s]   "/home/luke/git/CDPRX/cable_robot_ws/src/cable_robot_control/urdf": No such
[0.375s]   file or directory.
[0.375s] 
[0.375s] [0m
[0.376s] Invoked command in '/home/luke/git/CDPRX/cable_robot_ws/build/cdprx' returned '1': CMAKE_PREFIX_PATH=${CMAKE_PREFIX_PATH}:/home/luke/ros2_ws/install/sjtu_drone_control:/home/luke/ros2_ws/install/sjtu_drone_bringup:/opt/ros/humble /usr/bin/cmake --install /home/luke/git/CDPRX/cable_robot_ws/build/cdprx
