[0.007s] Invoking command in '/home/luke/git/CDPRX/cable_robot_ws/build/cable_robot_description': CMAKE_PREFIX_PATH=${CMAKE_PREFIX_PATH}:/home/luke/ros2_ws/install/sjtu_drone_control:/home/luke/ros2_ws/install/sjtu_drone_bringup:/opt/ros/humble /usr/bin/cmake /home/luke/git/CDPRX/cable_robot_ws/src/cable_robot_description -DAMENT_CMAKE_SYMLINK_INSTALL=1 -DCMAKE_INSTALL_PREFIX=/home/luke/git/CDPRX/cable_robot_ws/install/cable_robot_description
[0.048s] -- The C compiler identification is GNU 11.4.0
[0.095s] -- The CXX compiler identification is GNU 11.4.0
[0.099s] -- Detecting C compiler ABI info
[0.155s] -- Detecting C compiler ABI info - done
[0.162s] -- Check for working C compiler: /usr/bin/cc - skipped
[0.162s] -- Detecting C compile features
[0.163s] -- Detecting C compile features - done
[0.165s] -- Detecting CXX compiler ABI info
[0.219s] -- Detecting CXX compiler ABI info - done
[0.223s] -- Check for working CXX compiler: /usr/bin/c++ - skipped
[0.223s] -- Detecting CXX compile features
[0.223s] -- Detecting CXX compile features - done
[0.225s] -- Found ament_cmake: 1.3.11 (/opt/ros/humble/share/ament_cmake/cmake)
[0.319s] -- Found Python3: /usr/bin/python3 (found version "3.10.12") found components: Interpreter 
[0.350s] -- Override CMake install command with custom implementation using symlinks instead of copying resources
[0.405s] -- Configuring done
[0.406s] -- Generating done
[0.407s] -- Build files have been written to: /home/luke/git/CDPRX/cable_robot_ws/build/cable_robot_description
[0.410s] Invoked command in '/home/luke/git/CDPRX/cable_robot_ws/build/cable_robot_description' returned '0': CMAKE_PREFIX_PATH=${CMAKE_PREFIX_PATH}:/home/luke/ros2_ws/install/sjtu_drone_control:/home/luke/ros2_ws/install/sjtu_drone_bringup:/opt/ros/humble /usr/bin/cmake /home/luke/git/CDPRX/cable_robot_ws/src/cable_robot_description -DAMENT_CMAKE_SYMLINK_INSTALL=1 -DCMAKE_INSTALL_PREFIX=/home/luke/git/CDPRX/cable_robot_ws/install/cable_robot_description
[0.411s] Invoking command in '/home/luke/git/CDPRX/cable_robot_ws/build/cable_robot_description': CMAKE_PREFIX_PATH=${CMAKE_PREFIX_PATH}:/home/luke/ros2_ws/install/sjtu_drone_control:/home/luke/ros2_ws/install/sjtu_drone_bringup:/opt/ros/humble /usr/bin/cmake --build /home/luke/git/CDPRX/cable_robot_ws/build/cable_robot_description -- -j24 -l24
[0.435s] Invoked command in '/home/luke/git/CDPRX/cable_robot_ws/build/cable_robot_description' returned '0': CMAKE_PREFIX_PATH=${CMAKE_PREFIX_PATH}:/home/luke/ros2_ws/install/sjtu_drone_control:/home/luke/ros2_ws/install/sjtu_drone_bringup:/opt/ros/humble /usr/bin/cmake --build /home/luke/git/CDPRX/cable_robot_ws/build/cable_robot_description -- -j24 -l24
[0.440s] Invoking command in '/home/luke/git/CDPRX/cable_robot_ws/build/cable_robot_description': CMAKE_PREFIX_PATH=${CMAKE_PREFIX_PATH}:/home/luke/ros2_ws/install/sjtu_drone_control:/home/luke/ros2_ws/install/sjtu_drone_bringup:/opt/ros/humble /usr/bin/cmake --install /home/luke/git/CDPRX/cable_robot_ws/build/cable_robot_description
[0.444s] -- Install configuration: ""
[0.444s] -- Execute custom install script
[0.444s] -- Symlinking: /home/luke/git/CDPRX/cable_robot_ws/install/cable_robot_description/share/cable_robot_description/launch/gazebo.launch.py
[0.450s] -- Symlinking: /home/luke/git/CDPRX/cable_robot_ws/install/cable_robot_description/share/cable_robot_description/urdf/cable_robot.urdf.xacro
[0.456s] -- Symlinking: /home/luke/git/CDPRX/cable_robot_ws/install/cable_robot_description/share/cable_robot_description/urdf/cdpr.urdf.xacro
[0.461s] -- Symlinking: /home/luke/git/CDPRX/cable_robot_ws/install/cable_robot_description/share/cable_robot_description/urdf/components/cable.urdf.xacro
[0.467s] -- Symlinking: /home/luke/git/CDPRX/cable_robot_ws/install/cable_robot_description/share/cable_robot_description/urdf/components/frame.urdf.xacro
[0.472s] -- Symlinking: /home/luke/git/CDPRX/cable_robot_ws/install/cable_robot_description/share/cable_robot_description/urdf/components/framePillar.urdf.xacro
[0.477s] -- Symlinking: /home/luke/git/CDPRX/cable_robot_ws/install/cable_robot_description/share/cable_robot_description/urdf/components/test_robot.urdf.xacro
[0.484s] -- Symlinking: /home/luke/git/CDPRX/cable_robot_ws/install/cable_robot_description/share/cable_robot_description/urdf/components/winch.urdf.xacro
[0.488s] -- Symlinking: /home/luke/git/CDPRX/cable_robot_ws/install/cable_robot_description/share/cable_robot_description/urdf/properties/archive/dimensions.xacro
[0.494s] -- Symlinking: /home/luke/git/CDPRX/cable_robot_ws/install/cable_robot_description/share/cable_robot_description/urdf/properties/archive/joint_limits.xacro
[0.499s] -- Symlinking: /home/luke/git/CDPRX/cable_robot_ws/install/cable_robot_description/share/cable_robot_description/urdf/properties/archive/physical.xacro
[0.506s] -- Symlinking: /home/luke/git/CDPRX/cable_robot_ws/install/cable_robot_description/share/cable_robot_description/urdf/properties/archive/pillarProps.xacro
[0.511s] -- Symlinking: /home/luke/git/CDPRX/cable_robot_ws/install/cable_robot_description/share/cable_robot_description/urdf/testPillar.urdf.xacro
[0.516s] -- Symlinking: /home/luke/git/CDPRX/cable_robot_ws/install/cable_robot_description/share/ament_index/resource_index/package_run_dependencies/cable_robot_description
[0.522s] -- Symlinking: /home/luke/git/CDPRX/cable_robot_ws/install/cable_robot_description/share/ament_index/resource_index/parent_prefix_path/cable_robot_description
[0.527s] -- Symlinking: /home/luke/git/CDPRX/cable_robot_ws/install/cable_robot_description/share/cable_robot_description/environment/ament_prefix_path.sh
[0.531s] -- Symlinking: /home/luke/git/CDPRX/cable_robot_ws/install/cable_robot_description/share/cable_robot_description/environment/ament_prefix_path.dsv
[0.535s] -- Symlinking: /home/luke/git/CDPRX/cable_robot_ws/install/cable_robot_description/share/cable_robot_description/environment/path.sh
[0.541s] -- Symlinking: /home/luke/git/CDPRX/cable_robot_ws/install/cable_robot_description/share/cable_robot_description/environment/path.dsv
[0.546s] -- Symlinking: /home/luke/git/CDPRX/cable_robot_ws/install/cable_robot_description/share/cable_robot_description/local_setup.bash
[0.551s] -- Symlinking: /home/luke/git/CDPRX/cable_robot_ws/install/cable_robot_description/share/cable_robot_description/local_setup.sh
[0.559s] -- Symlinking: /home/luke/git/CDPRX/cable_robot_ws/install/cable_robot_description/share/cable_robot_description/local_setup.zsh
[0.563s] -- Symlinking: /home/luke/git/CDPRX/cable_robot_ws/install/cable_robot_description/share/cable_robot_description/local_setup.dsv
[0.569s] -- Symlinking: /home/luke/git/CDPRX/cable_robot_ws/install/cable_robot_description/share/cable_robot_description/package.dsv
[0.577s] -- Symlinking: /home/luke/git/CDPRX/cable_robot_ws/install/cable_robot_description/share/ament_index/resource_index/packages/cable_robot_description
[0.582s] -- Symlinking: /home/luke/git/CDPRX/cable_robot_ws/install/cable_robot_description/share/cable_robot_description/cmake/cable_robot_descriptionConfig.cmake
[0.587s] -- Symlinking: /home/luke/git/CDPRX/cable_robot_ws/install/cable_robot_description/share/cable_robot_description/cmake/cable_robot_descriptionConfig-version.cmake
[0.593s] -- Symlinking: /home/luke/git/CDPRX/cable_robot_ws/install/cable_robot_description/share/cable_robot_description/package.xml
[0.599s] Invoked command in '/home/luke/git/CDPRX/cable_robot_ws/build/cable_robot_description' returned '0': CMAKE_PREFIX_PATH=${CMAKE_PREFIX_PATH}:/home/luke/ros2_ws/install/sjtu_drone_control:/home/luke/ros2_ws/install/sjtu_drone_bringup:/opt/ros/humble /usr/bin/cmake --install /home/luke/git/CDPRX/cable_robot_ws/build/cable_robot_description
