[0.049s] DEBUG:colcon:Command line arguments: ['/usr/bin/colcon', 'build']
[0.049s] DEBUG:colcon:Parsed command line arguments: Namespace(log_base=None, log_level=None, verb_name='build', build_base='build', install_base='install', merge_install=False, symlink_install=False, test_result_base=None, continue_on_error=False, executor='parallel', parallel_workers=24, event_handlers=None, ignore_user_meta=False, metas=['./colcon.meta'], base_paths=['.'], packages_ignore=None, packages_ignore_regex=None, paths=None, packages_up_to=None, packages_up_to_regex=None, packages_above=None, packages_above_and_dependencies=None, packages_above_depth=None, packages_select_by_dep=None, packages_skip_by_dep=None, packages_skip_up_to=None, packages_select_build_failed=False, packages_skip_build_finished=False, packages_select_test_failures=False, packages_skip_test_passed=False, packages_select=None, packages_skip=None, packages_select_regex=None, packages_skip_regex=None, packages_start=None, packages_end=None, allow_overriding=[], cmake_args=None, cmake_target=None, cmake_target_skip_unavailable=False, cmake_clean_cache=False, cmake_clean_first=False, cmake_force_configure=False, ament_cmake_args=None, catkin_cmake_args=None, catkin_skip_building_tests=False, verb_parser=<colcon_defaults.argument_parser.defaults.DefaultArgumentsDecorator object at 0x7ed37652df30>, verb_extension=<colcon_core.verb.build.BuildVerb object at 0x7ed37652d9c0>, main=<bound method BuildVerb.main of <colcon_core.verb.build.BuildVerb object at 0x7ed37652d9c0>>)
[0.119s] Level 1:colcon.colcon_core.package_discovery:discover_packages(colcon_meta) check parameters
[0.119s] Level 1:colcon.colcon_core.package_discovery:discover_packages(recursive) check parameters
[0.119s] Level 1:colcon.colcon_core.package_discovery:discover_packages(ignore) check parameters
[0.119s] Level 1:colcon.colcon_core.package_discovery:discover_packages(path) check parameters
[0.119s] Level 1:colcon.colcon_core.package_discovery:discover_packages(colcon_meta) discover
[0.119s] Level 1:colcon.colcon_core.package_discovery:discover_packages(recursive) discover
[0.119s] INFO:colcon.colcon_core.package_discovery:Crawling recursively for packages in '/home/luke/git/CDPRX/cable_robot_ws/src/cable_robot_description'
[0.119s] Level 1:colcon.colcon_core.package_identification:_identify(.) by extensions ['ignore', 'ignore_ament_install']
[0.119s] Level 1:colcon.colcon_core.package_identification:_identify(.) by extension 'ignore'
[0.119s] Level 1:colcon.colcon_core.package_identification:_identify(.) by extension 'ignore_ament_install'
[0.119s] Level 1:colcon.colcon_core.package_identification:_identify(.) by extensions ['colcon_pkg']
[0.119s] Level 1:colcon.colcon_core.package_identification:_identify(.) by extension 'colcon_pkg'
[0.119s] Level 1:colcon.colcon_core.package_identification:_identify(.) by extensions ['colcon_meta']
[0.119s] Level 1:colcon.colcon_core.package_identification:_identify(.) by extension 'colcon_meta'
[0.119s] Level 1:colcon.colcon_core.package_identification:_identify(.) by extensions ['ros']
[0.119s] Level 1:colcon.colcon_core.package_identification:_identify(.) by extension 'ros'
[0.126s] DEBUG:colcon.colcon_core.package_identification:Package '.' with type 'ros.ament_cmake' and name 'cable_robot'
[0.126s] Level 1:colcon.colcon_core.package_discovery:discover_packages(recursive) using defaults
[0.127s] Level 1:colcon.colcon_core.package_discovery:discover_packages(ignore) discover
[0.127s] Level 1:colcon.colcon_core.package_discovery:discover_packages(ignore) using defaults
[0.127s] Level 1:colcon.colcon_core.package_discovery:discover_packages(path) discover
[0.127s] Level 1:colcon.colcon_core.package_discovery:discover_packages(path) using defaults
[0.137s] Level 1:colcon.colcon_core.package_discovery:discover_packages(prefix_path) check parameters
[0.137s] Level 1:colcon.colcon_core.package_discovery:discover_packages(prefix_path) discover
[0.138s] DEBUG:colcon.colcon_installed_package_information.package_discovery:Found 16 installed packages in /home/luke/ros2_ws/install
[0.138s] DEBUG:colcon.colcon_installed_package_information.package_discovery:Found 228 installed packages in /opt/ros/humble
[0.139s] Level 1:colcon.colcon_core.package_discovery:discover_packages(prefix_path) using defaults
[0.158s] Level 5:colcon.colcon_core.verb:set package 'cable_robot' build argument 'cmake_args' from command line to 'None'
[0.158s] Level 5:colcon.colcon_core.verb:set package 'cable_robot' build argument 'cmake_target' from command line to 'None'
[0.158s] Level 5:colcon.colcon_core.verb:set package 'cable_robot' build argument 'cmake_target_skip_unavailable' from command line to 'False'
[0.158s] Level 5:colcon.colcon_core.verb:set package 'cable_robot' build argument 'cmake_clean_cache' from command line to 'False'
[0.158s] Level 5:colcon.colcon_core.verb:set package 'cable_robot' build argument 'cmake_clean_first' from command line to 'False'
[0.158s] Level 5:colcon.colcon_core.verb:set package 'cable_robot' build argument 'cmake_force_configure' from command line to 'False'
[0.158s] Level 5:colcon.colcon_core.verb:set package 'cable_robot' build argument 'ament_cmake_args' from command line to 'None'
[0.158s] Level 5:colcon.colcon_core.verb:set package 'cable_robot' build argument 'catkin_cmake_args' from command line to 'None'
[0.158s] Level 5:colcon.colcon_core.verb:set package 'cable_robot' build argument 'catkin_skip_building_tests' from command line to 'False'
[0.158s] DEBUG:colcon.colcon_core.verb:Building package 'cable_robot' with the following arguments: {'ament_cmake_args': None, 'build_base': '/home/luke/git/CDPRX/cable_robot_ws/src/cable_robot_description/build/cable_robot', 'catkin_cmake_args': None, 'catkin_skip_building_tests': False, 'cmake_args': None, 'cmake_clean_cache': False, 'cmake_clean_first': False, 'cmake_force_configure': False, 'cmake_target': None, 'cmake_target_skip_unavailable': False, 'install_base': '/home/luke/git/CDPRX/cable_robot_ws/src/cable_robot_description/install/cable_robot', 'merge_install': False, 'path': '/home/luke/git/CDPRX/cable_robot_ws/src/cable_robot_description', 'symlink_install': False, 'test_result_base': None}
[0.158s] INFO:colcon.colcon_core.executor:Executing jobs using 'parallel' executor
[0.159s] DEBUG:colcon.colcon_parallel_executor.executor.parallel:run_until_complete
[0.159s] INFO:colcon.colcon_ros.task.ament_cmake.build:Building ROS package in '/home/luke/git/CDPRX/cable_robot_ws/src/cable_robot_description' with build type 'ament_cmake'
[0.159s] INFO:colcon.colcon_cmake.task.cmake.build:Building CMake package in '/home/luke/git/CDPRX/cable_robot_ws/src/cable_robot_description'
[0.172s] INFO:colcon.colcon_core.plugin_system:Skipping extension 'colcon_core.shell.bat': Not used on non-Windows systems
[0.172s] INFO:colcon.colcon_core.shell:Skip shell extension 'powershell' for command environment: Not usable outside of PowerShell
[0.172s] DEBUG:colcon.colcon_core.shell:Skip shell extension 'dsv' for command environment
[0.178s] DEBUG:colcon.colcon_core.event_handler.log_command:Invoking command in '/home/luke/git/CDPRX/cable_robot_ws/src/cable_robot_description/build/cable_robot': CMAKE_PREFIX_PATH=${CMAKE_PREFIX_PATH}:/home/luke/ros2_ws/install/sjtu_drone_control:/home/luke/ros2_ws/install/sjtu_drone_bringup:/opt/ros/humble /usr/bin/cmake /home/luke/git/CDPRX/cable_robot_ws/src/cable_robot_description -DCMAKE_INSTALL_PREFIX=/home/luke/git/CDPRX/cable_robot_ws/src/cable_robot_description/install/cable_robot
[1.043s] DEBUG:colcon.colcon_core.event_handler.log_command:Invoked command in '/home/luke/git/CDPRX/cable_robot_ws/src/cable_robot_description/build/cable_robot' returned '1': CMAKE_PREFIX_PATH=${CMAKE_PREFIX_PATH}:/home/luke/ros2_ws/install/sjtu_drone_control:/home/luke/ros2_ws/install/sjtu_drone_bringup:/opt/ros/humble /usr/bin/cmake /home/luke/git/CDPRX/cable_robot_ws/src/cable_robot_description -DCMAKE_INSTALL_PREFIX=/home/luke/git/CDPRX/cable_robot_ws/src/cable_robot_description/install/cable_robot
[1.050s] Level 1:colcon.colcon_core.environment:create_environment_scripts_only(cable_robot)
[1.053s] Level 1:colcon.colcon_core.environment:checking '/home/luke/git/CDPRX/cable_robot_ws/src/cable_robot_description/install/cable_robot' for CMake module files
[1.053s] Level 1:colcon.colcon_core.environment:checking '/home/luke/git/CDPRX/cable_robot_ws/src/cable_robot_description/install/cable_robot' for CMake config files
[1.053s] Level 1:colcon.colcon_core.environment:checking '/home/luke/git/CDPRX/cable_robot_ws/src/cable_robot_description/install/cable_robot/bin'
[1.053s] Level 1:colcon.colcon_core.environment:checking '/home/luke/git/CDPRX/cable_robot_ws/src/cable_robot_description/install/cable_robot/lib/pkgconfig/cable_robot.pc'
[1.054s] Level 1:colcon.colcon_core.environment:checking '/home/luke/git/CDPRX/cable_robot_ws/src/cable_robot_description/install/cable_robot/lib/python3.10/site-packages'
[1.054s] Level 1:colcon.colcon_core.environment:checking '/home/luke/git/CDPRX/cable_robot_ws/src/cable_robot_description/install/cable_robot/bin'
[1.054s] INFO:colcon.colcon_core.shell:Creating package script '/home/luke/git/CDPRX/cable_robot_ws/src/cable_robot_description/install/cable_robot/share/cable_robot/package.ps1'
[1.055s] INFO:colcon.colcon_core.shell:Creating package descriptor '/home/luke/git/CDPRX/cable_robot_ws/src/cable_robot_description/install/cable_robot/share/cable_robot/package.dsv'
[1.055s] INFO:colcon.colcon_core.shell:Creating package script '/home/luke/git/CDPRX/cable_robot_ws/src/cable_robot_description/install/cable_robot/share/cable_robot/package.sh'
[1.056s] INFO:colcon.colcon_core.shell:Creating package script '/home/luke/git/CDPRX/cable_robot_ws/src/cable_robot_description/install/cable_robot/share/cable_robot/package.bash'
[1.056s] INFO:colcon.colcon_core.shell:Creating package script '/home/luke/git/CDPRX/cable_robot_ws/src/cable_robot_description/install/cable_robot/share/cable_robot/package.zsh'
[1.057s] Level 1:colcon.colcon_core.environment:create_file_with_runtime_dependencies(/home/luke/git/CDPRX/cable_robot_ws/src/cable_robot_description/install/cable_robot/share/colcon-core/packages/cable_robot)
[1.067s] DEBUG:colcon.colcon_parallel_executor.executor.parallel:closing loop
[1.068s] DEBUG:colcon.colcon_parallel_executor.executor.parallel:loop closed
[1.068s] DEBUG:colcon.colcon_parallel_executor.executor.parallel:run_until_complete finished with '1'
[1.068s] DEBUG:colcon.colcon_core.event_reactor:joining thread
[1.072s] INFO:colcon.colcon_core.plugin_system:Skipping extension 'colcon_notification.desktop_notification.terminal_notifier': Not used on non-Darwin systems
[1.072s] INFO:colcon.colcon_core.plugin_system:Skipping extension 'colcon_notification.desktop_notification.win32': Not used on non-Windows systems
[1.072s] INFO:colcon.colcon_notification.desktop_notification:Sending desktop notification using 'notify2'
[1.084s] DEBUG:colcon.colcon_core.event_reactor:joined thread
[1.084s] INFO:colcon.colcon_core.shell:Creating prefix script '/home/luke/git/CDPRX/cable_robot_ws/src/cable_robot_description/install/local_setup.ps1'
[1.085s] INFO:colcon.colcon_core.shell:Creating prefix util module '/home/luke/git/CDPRX/cable_robot_ws/src/cable_robot_description/install/_local_setup_util_ps1.py'
[1.086s] INFO:colcon.colcon_core.shell:Creating prefix chain script '/home/luke/git/CDPRX/cable_robot_ws/src/cable_robot_description/install/setup.ps1'
[1.086s] INFO:colcon.colcon_core.shell:Creating prefix script '/home/luke/git/CDPRX/cable_robot_ws/src/cable_robot_description/install/local_setup.sh'
[1.087s] INFO:colcon.colcon_core.shell:Creating prefix util module '/home/luke/git/CDPRX/cable_robot_ws/src/cable_robot_description/install/_local_setup_util_sh.py'
[1.087s] INFO:colcon.colcon_core.shell:Creating prefix chain script '/home/luke/git/CDPRX/cable_robot_ws/src/cable_robot_description/install/setup.sh'
[1.088s] INFO:colcon.colcon_core.shell:Creating prefix script '/home/luke/git/CDPRX/cable_robot_ws/src/cable_robot_description/install/local_setup.bash'
[1.089s] INFO:colcon.colcon_core.shell:Creating prefix chain script '/home/luke/git/CDPRX/cable_robot_ws/src/cable_robot_description/install/setup.bash'
[1.090s] INFO:colcon.colcon_core.shell:Creating prefix script '/home/luke/git/CDPRX/cable_robot_ws/src/cable_robot_description/install/local_setup.zsh'
[1.090s] INFO:colcon.colcon_core.shell:Creating prefix chain script '/home/luke/git/CDPRX/cable_robot_ws/src/cable_robot_description/install/setup.zsh'
