-- Install configuration: ""
-- Installing: /home/luke/git/CDPRX/install/cdprx/share/cdprx/config
-- Installing: /home/luke/git/CDPRX/install/cdprx/share/cdprx/config/rviz
-- Installing: /home/luke/git/CDPRX/install/cdprx/share/cdprx/config/rviz/urdf_test.rviz
-- Installing: /home/luke/git/CDPRX/install/cdprx/share/cdprx/launch
-- Installing: /home/luke/git/CDPRX/install/cdprx/share/cdprx/launch/test_view.launch.py
-- Installing: /home/luke/git/CDPRX/install/cdprx/share/cdprx/launch/test.launch.py
-- Installing: /home/luke/git/CDPRX/install/cdprx/share/cdprx/urdf
-- Installing: /home/luke/git/CDPRX/install/cdprx/share/cdprx/urdf/components
-- Installing: /home/luke/git/CDPRX/install/cdprx/share/cdprx/urdf/components/cable.urdf.xacro
-- Installing: /home/luke/git/CDPRX/install/cdprx/share/cdprx/urdf/components/framePillar.urdf.xacro
-- Installing: /home/luke/git/CDPRX/install/cdprx/share/cdprx/urdf/components/winch.urdf.xacro
-- Installing: /home/luke/git/CDPRX/install/cdprx/share/cdprx/urdf/components/frame.urdf.xacro
-- Installing: /home/luke/git/CDPRX/install/cdprx/share/cdprx/urdf/cdpr.urdf.xacro
-- Installing: /home/luke/git/CDPRX/install/cdprx/share/cdprx/urdf/properties
-- Installing: /home/luke/git/CDPRX/install/cdprx/share/cdprx/urdf/properties/archive
-- Installing: /home/luke/git/CDPRX/install/cdprx/share/cdprx/urdf/properties/archive/dimensions.xacro
-- Installing: /home/luke/git/CDPRX/install/cdprx/share/cdprx/urdf/properties/archive/joint_limits.xacro
-- Installing: /home/luke/git/CDPRX/install/cdprx/share/cdprx/urdf/properties/archive/pillarProps.xacro
-- Installing: /home/luke/git/CDPRX/install/cdprx/share/cdprx/urdf/properties/archive/physical.xacro
-- Installing: /home/luke/git/CDPRX/install/cdprx/share/cdprx/urdf/testPillar.urdf.xacro
-- Installing: /home/luke/git/CDPRX/install/cdprx/share/ament_index/resource_index/package_run_dependencies/cdprx
-- Installing: /home/luke/git/CDPRX/install/cdprx/share/ament_index/resource_index/parent_prefix_path/cdprx
-- Installing: /home/luke/git/CDPRX/install/cdprx/share/cdprx/environment/ament_prefix_path.sh
-- Installing: /home/luke/git/CDPRX/install/cdprx/share/cdprx/environment/ament_prefix_path.dsv
-- Installing: /home/luke/git/CDPRX/install/cdprx/share/cdprx/environment/path.sh
-- Installing: /home/luke/git/CDPRX/install/cdprx/share/cdprx/environment/path.dsv
-- Installing: /home/luke/git/CDPRX/install/cdprx/share/cdprx/local_setup.bash
-- Installing: /home/luke/git/CDPRX/install/cdprx/share/cdprx/local_setup.sh
-- Installing: /home/luke/git/CDPRX/install/cdprx/share/cdprx/local_setup.zsh
-- Installing: /home/luke/git/CDPRX/install/cdprx/share/cdprx/local_setup.dsv
-- Up-to-date: /home/luke/git/CDPRX/install/cdprx/share/cdprx/package.dsv
-- Installing: /home/luke/git/CDPRX/install/cdprx/share/ament_index/resource_index/packages/cdprx
-- Installing: /home/luke/git/CDPRX/install/cdprx/share/cdprx/cmake/cdprxConfig.cmake
-- Installing: /home/luke/git/CDPRX/install/cdprx/share/cdprx/cmake/cdprxConfig-version.cmake
-- Installing: /home/luke/git/CDPRX/install/cdprx/share/cdprx/package.xml
