[0.047s] DEBUG:colcon:Command line arguments: ['/usr/bin/colcon', 'build']
[0.047s] DEBUG:colcon:Parsed command line arguments: Namespace(log_base=None, log_level=None, verb_name='build', build_base='build', install_base='install', merge_install=False, symlink_install=False, test_result_base=None, continue_on_error=False, executor='parallel', parallel_workers=24, event_handlers=None, ignore_user_meta=False, metas=['./colcon.meta'], base_paths=['.'], packages_ignore=None, packages_ignore_regex=None, paths=None, packages_up_to=None, packages_up_to_regex=None, packages_above=None, packages_above_and_dependencies=None, packages_above_depth=None, packages_select_by_dep=None, packages_skip_by_dep=None, packages_skip_up_to=None, packages_select_build_failed=False, packages_skip_build_finished=False, packages_select_test_failures=False, packages_skip_test_passed=False, packages_select=None, packages_skip=None, packages_select_regex=None, packages_skip_regex=None, packages_start=None, packages_end=None, allow_overriding=[], cmake_args=None, cmake_target=None, cmake_target_skip_unavailable=False, cmake_clean_cache=False, cmake_clean_first=False, cmake_force_configure=False, ament_cmake_args=None, catkin_cmake_args=None, catkin_skip_building_tests=False, verb_parser=<colcon_defaults.argument_parser.defaults.DefaultArgumentsDecorator object at 0x74da05716080>, verb_extension=<colcon_core.verb.build.BuildVerb object at 0x74da05715b10>, main=<bound method BuildVerb.main of <colcon_core.verb.build.BuildVerb object at 0x74da05715b10>>)
[0.116s] Level 1:colcon.colcon_core.package_discovery:discover_packages(colcon_meta) check parameters
[0.116s] Level 1:colcon.colcon_core.package_discovery:discover_packages(recursive) check parameters
[0.116s] Level 1:colcon.colcon_core.package_discovery:discover_packages(ignore) check parameters
[0.116s] Level 1:colcon.colcon_core.package_discovery:discover_packages(path) check parameters
[0.116s] Level 1:colcon.colcon_core.package_discovery:discover_packages(colcon_meta) discover
[0.116s] Level 1:colcon.colcon_core.package_discovery:discover_packages(recursive) discover
[0.116s] INFO:colcon.colcon_core.package_discovery:Crawling recursively for packages in '/home/luke/git/CDPRX/cable_robot_ws'
[0.116s] Level 1:colcon.colcon_core.package_identification:_identify(.) by extensions ['ignore', 'ignore_ament_install']
[0.116s] Level 1:colcon.colcon_core.package_identification:_identify(.) by extension 'ignore'
[0.116s] Level 1:colcon.colcon_core.package_identification:_identify(.) by extension 'ignore_ament_install'
[0.116s] Level 1:colcon.colcon_core.package_identification:_identify(.) by extensions ['colcon_pkg']
[0.116s] Level 1:colcon.colcon_core.package_identification:_identify(.) by extension 'colcon_pkg'
[0.116s] Level 1:colcon.colcon_core.package_identification:_identify(.) by extensions ['colcon_meta']
[0.116s] Level 1:colcon.colcon_core.package_identification:_identify(.) by extension 'colcon_meta'
[0.116s] Level 1:colcon.colcon_core.package_identification:_identify(.) by extensions ['ros']
[0.116s] Level 1:colcon.colcon_core.package_identification:_identify(.) by extension 'ros'
[0.122s] Level 1:colcon.colcon_core.package_identification:_identify(.) by extensions ['cmake', 'python']
[0.122s] Level 1:colcon.colcon_core.package_identification:_identify(.) by extension 'cmake'
[0.122s] Level 1:colcon.colcon_core.package_identification:_identify(.) by extension 'python'
[0.122s] Level 1:colcon.colcon_core.package_identification:_identify(.) by extensions ['python_setup_py']
[0.122s] Level 1:colcon.colcon_core.package_identification:_identify(.) by extension 'python_setup_py'
[0.122s] Level 1:colcon.colcon_core.package_identification:_identify(build) by extensions ['ignore', 'ignore_ament_install']
[0.122s] Level 1:colcon.colcon_core.package_identification:_identify(build) by extension 'ignore'
[0.122s] Level 1:colcon.colcon_core.package_identification:_identify(build) ignored
[0.122s] Level 1:colcon.colcon_core.package_identification:_identify(install) by extensions ['ignore', 'ignore_ament_install']
[0.123s] Level 1:colcon.colcon_core.package_identification:_identify(install) by extension 'ignore'
[0.123s] Level 1:colcon.colcon_core.package_identification:_identify(install) ignored
[0.123s] Level 1:colcon.colcon_core.package_identification:_identify(log) by extensions ['ignore', 'ignore_ament_install']
[0.123s] Level 1:colcon.colcon_core.package_identification:_identify(log) by extension 'ignore'
[0.123s] Level 1:colcon.colcon_core.package_identification:_identify(log) ignored
[0.123s] Level 1:colcon.colcon_core.package_identification:_identify(scripts) by extensions ['ignore', 'ignore_ament_install']
[0.123s] Level 1:colcon.colcon_core.package_identification:_identify(scripts) by extension 'ignore'
[0.123s] Level 1:colcon.colcon_core.package_identification:_identify(scripts) by extension 'ignore_ament_install'
[0.123s] Level 1:colcon.colcon_core.package_identification:_identify(scripts) by extensions ['colcon_pkg']
[0.123s] Level 1:colcon.colcon_core.package_identification:_identify(scripts) by extension 'colcon_pkg'
[0.123s] Level 1:colcon.colcon_core.package_identification:_identify(scripts) by extensions ['colcon_meta']
[0.123s] Level 1:colcon.colcon_core.package_identification:_identify(scripts) by extension 'colcon_meta'
[0.123s] Level 1:colcon.colcon_core.package_identification:_identify(scripts) by extensions ['ros']
[0.123s] Level 1:colcon.colcon_core.package_identification:_identify(scripts) by extension 'ros'
[0.123s] Level 1:colcon.colcon_core.package_identification:_identify(scripts) by extensions ['cmake', 'python']
[0.123s] Level 1:colcon.colcon_core.package_identification:_identify(scripts) by extension 'cmake'
[0.123s] Level 1:colcon.colcon_core.package_identification:_identify(scripts) by extension 'python'
[0.123s] Level 1:colcon.colcon_core.package_identification:_identify(scripts) by extensions ['python_setup_py']
[0.123s] Level 1:colcon.colcon_core.package_identification:_identify(scripts) by extension 'python_setup_py'
[0.123s] Level 1:colcon.colcon_core.package_identification:_identify(src) by extensions ['ignore', 'ignore_ament_install']
[0.123s] Level 1:colcon.colcon_core.package_identification:_identify(src) by extension 'ignore'
[0.123s] Level 1:colcon.colcon_core.package_identification:_identify(src) by extension 'ignore_ament_install'
[0.123s] Level 1:colcon.colcon_core.package_identification:_identify(src) by extensions ['colcon_pkg']
[0.123s] Level 1:colcon.colcon_core.package_identification:_identify(src) by extension 'colcon_pkg'
[0.123s] Level 1:colcon.colcon_core.package_identification:_identify(src) by extensions ['colcon_meta']
[0.123s] Level 1:colcon.colcon_core.package_identification:_identify(src) by extension 'colcon_meta'
[0.123s] Level 1:colcon.colcon_core.package_identification:_identify(src) by extensions ['ros']
[0.123s] Level 1:colcon.colcon_core.package_identification:_identify(src) by extension 'ros'
[0.123s] Level 1:colcon.colcon_core.package_identification:_identify(src) by extensions ['cmake', 'python']
[0.123s] Level 1:colcon.colcon_core.package_identification:_identify(src) by extension 'cmake'
[0.123s] Level 1:colcon.colcon_core.package_identification:_identify(src) by extension 'python'
[0.123s] Level 1:colcon.colcon_core.package_identification:_identify(src) by extensions ['python_setup_py']
[0.123s] Level 1:colcon.colcon_core.package_identification:_identify(src) by extension 'python_setup_py'
[0.123s] Level 1:colcon.colcon_core.package_identification:_identify(src/cable_robot_control) by extensions ['ignore', 'ignore_ament_install']
[0.123s] Level 1:colcon.colcon_core.package_identification:_identify(src/cable_robot_control) by extension 'ignore'
[0.123s] Level 1:colcon.colcon_core.package_identification:_identify(src/cable_robot_control) by extension 'ignore_ament_install'
[0.123s] Level 1:colcon.colcon_core.package_identification:_identify(src/cable_robot_control) by extensions ['colcon_pkg']
[0.123s] Level 1:colcon.colcon_core.package_identification:_identify(src/cable_robot_control) by extension 'colcon_pkg'
[0.123s] Level 1:colcon.colcon_core.package_identification:_identify(src/cable_robot_control) by extensions ['colcon_meta']
[0.123s] Level 1:colcon.colcon_core.package_identification:_identify(src/cable_robot_control) by extension 'colcon_meta'
[0.123s] Level 1:colcon.colcon_core.package_identification:_identify(src/cable_robot_control) by extensions ['ros']
[0.123s] Level 1:colcon.colcon_core.package_identification:_identify(src/cable_robot_control) by extension 'ros'
[0.125s] DEBUG:colcon.colcon_core.package_identification:Package 'src/cable_robot_control' with type 'ros.ament_cmake' and name 'cdprx'
[0.125s] Level 1:colcon.colcon_core.package_identification:_identify(src/cable_robot_description) by extensions ['ignore', 'ignore_ament_install']
[0.125s] Level 1:colcon.colcon_core.package_identification:_identify(src/cable_robot_description) by extension 'ignore'
[0.125s] Level 1:colcon.colcon_core.package_identification:_identify(src/cable_robot_description) by extension 'ignore_ament_install'
[0.126s] Level 1:colcon.colcon_core.package_identification:_identify(src/cable_robot_description) by extensions ['colcon_pkg']
[0.126s] Level 1:colcon.colcon_core.package_identification:_identify(src/cable_robot_description) by extension 'colcon_pkg'
[0.126s] Level 1:colcon.colcon_core.package_identification:_identify(src/cable_robot_description) by extensions ['colcon_meta']
[0.126s] Level 1:colcon.colcon_core.package_identification:_identify(src/cable_robot_description) by extension 'colcon_meta'
[0.126s] Level 1:colcon.colcon_core.package_identification:_identify(src/cable_robot_description) by extensions ['ros']
[0.126s] Level 1:colcon.colcon_core.package_identification:_identify(src/cable_robot_description) by extension 'ros'
[0.126s] DEBUG:colcon.colcon_core.package_identification:Package 'src/cable_robot_description' with type 'ros.ament_cmake' and name 'cable_robot_description'
[0.126s] Level 1:colcon.colcon_core.package_identification:_identify(src/cable_robot_firmware) by extensions ['ignore', 'ignore_ament_install']
[0.126s] Level 1:colcon.colcon_core.package_identification:_identify(src/cable_robot_firmware) by extension 'ignore'
[0.126s] Level 1:colcon.colcon_core.package_identification:_identify(src/cable_robot_firmware) by extension 'ignore_ament_install'
[0.126s] Level 1:colcon.colcon_core.package_identification:_identify(src/cable_robot_firmware) by extensions ['colcon_pkg']
[0.126s] Level 1:colcon.colcon_core.package_identification:_identify(src/cable_robot_firmware) by extension 'colcon_pkg'
[0.126s] Level 1:colcon.colcon_core.package_identification:_identify(src/cable_robot_firmware) by extensions ['colcon_meta']
[0.126s] Level 1:colcon.colcon_core.package_identification:_identify(src/cable_robot_firmware) by extension 'colcon_meta'
[0.126s] Level 1:colcon.colcon_core.package_identification:_identify(src/cable_robot_firmware) by extensions ['ros']
[0.126s] Level 1:colcon.colcon_core.package_identification:_identify(src/cable_robot_firmware) by extension 'ros'
[0.126s] Level 1:colcon.colcon_core.package_identification:_identify(src/cable_robot_firmware) by extensions ['cmake', 'python']
[0.126s] Level 1:colcon.colcon_core.package_identification:_identify(src/cable_robot_firmware) by extension 'cmake'
[0.126s] Level 1:colcon.colcon_core.package_identification:_identify(src/cable_robot_firmware) by extension 'python'
[0.126s] Level 1:colcon.colcon_core.package_identification:_identify(src/cable_robot_firmware) by extensions ['python_setup_py']
[0.126s] Level 1:colcon.colcon_core.package_identification:_identify(src/cable_robot_firmware) by extension 'python_setup_py'
[0.126s] Level 1:colcon.colcon_core.package_identification:_identify(src/cable_robot_firmware/include) by extensions ['ignore', 'ignore_ament_install']
[0.126s] Level 1:colcon.colcon_core.package_identification:_identify(src/cable_robot_firmware/include) by extension 'ignore'
[0.126s] Level 1:colcon.colcon_core.package_identification:_identify(src/cable_robot_firmware/include) by extension 'ignore_ament_install'
[0.126s] Level 1:colcon.colcon_core.package_identification:_identify(src/cable_robot_firmware/include) by extensions ['colcon_pkg']
[0.126s] Level 1:colcon.colcon_core.package_identification:_identify(src/cable_robot_firmware/include) by extension 'colcon_pkg'
[0.126s] Level 1:colcon.colcon_core.package_identification:_identify(src/cable_robot_firmware/include) by extensions ['colcon_meta']
[0.126s] Level 1:colcon.colcon_core.package_identification:_identify(src/cable_robot_firmware/include) by extension 'colcon_meta'
[0.126s] Level 1:colcon.colcon_core.package_identification:_identify(src/cable_robot_firmware/include) by extensions ['ros']
[0.126s] Level 1:colcon.colcon_core.package_identification:_identify(src/cable_robot_firmware/include) by extension 'ros'
[0.126s] Level 1:colcon.colcon_core.package_identification:_identify(src/cable_robot_firmware/include) by extensions ['cmake', 'python']
[0.126s] Level 1:colcon.colcon_core.package_identification:_identify(src/cable_robot_firmware/include) by extension 'cmake'
[0.126s] Level 1:colcon.colcon_core.package_identification:_identify(src/cable_robot_firmware/include) by extension 'python'
[0.126s] Level 1:colcon.colcon_core.package_identification:_identify(src/cable_robot_firmware/include) by extensions ['python_setup_py']
[0.126s] Level 1:colcon.colcon_core.package_identification:_identify(src/cable_robot_firmware/include) by extension 'python_setup_py'
[0.126s] Level 1:colcon.colcon_core.package_identification:_identify(src/cable_robot_firmware/lib) by extensions ['ignore', 'ignore_ament_install']
[0.127s] Level 1:colcon.colcon_core.package_identification:_identify(src/cable_robot_firmware/lib) by extension 'ignore'
[0.127s] Level 1:colcon.colcon_core.package_identification:_identify(src/cable_robot_firmware/lib) by extension 'ignore_ament_install'
[0.127s] Level 1:colcon.colcon_core.package_identification:_identify(src/cable_robot_firmware/lib) by extensions ['colcon_pkg']
[0.127s] Level 1:colcon.colcon_core.package_identification:_identify(src/cable_robot_firmware/lib) by extension 'colcon_pkg'
[0.127s] Level 1:colcon.colcon_core.package_identification:_identify(src/cable_robot_firmware/lib) by extensions ['colcon_meta']
[0.127s] Level 1:colcon.colcon_core.package_identification:_identify(src/cable_robot_firmware/lib) by extension 'colcon_meta'
[0.127s] Level 1:colcon.colcon_core.package_identification:_identify(src/cable_robot_firmware/lib) by extensions ['ros']
[0.127s] Level 1:colcon.colcon_core.package_identification:_identify(src/cable_robot_firmware/lib) by extension 'ros'
[0.127s] Level 1:colcon.colcon_core.package_identification:_identify(src/cable_robot_firmware/lib) by extensions ['cmake', 'python']
[0.127s] Level 1:colcon.colcon_core.package_identification:_identify(src/cable_robot_firmware/lib) by extension 'cmake'
[0.127s] Level 1:colcon.colcon_core.package_identification:_identify(src/cable_robot_firmware/lib) by extension 'python'
[0.127s] Level 1:colcon.colcon_core.package_identification:_identify(src/cable_robot_firmware/lib) by extensions ['python_setup_py']
[0.127s] Level 1:colcon.colcon_core.package_identification:_identify(src/cable_robot_firmware/lib) by extension 'python_setup_py'
[0.127s] Level 1:colcon.colcon_core.package_identification:_identify(src/cable_robot_firmware/src) by extensions ['ignore', 'ignore_ament_install']
[0.127s] Level 1:colcon.colcon_core.package_identification:_identify(src/cable_robot_firmware/src) by extension 'ignore'
[0.127s] Level 1:colcon.colcon_core.package_identification:_identify(src/cable_robot_firmware/src) by extension 'ignore_ament_install'
[0.127s] Level 1:colcon.colcon_core.package_identification:_identify(src/cable_robot_firmware/src) by extensions ['colcon_pkg']
[0.127s] Level 1:colcon.colcon_core.package_identification:_identify(src/cable_robot_firmware/src) by extension 'colcon_pkg'
[0.127s] Level 1:colcon.colcon_core.package_identification:_identify(src/cable_robot_firmware/src) by extensions ['colcon_meta']
[0.127s] Level 1:colcon.colcon_core.package_identification:_identify(src/cable_robot_firmware/src) by extension 'colcon_meta'
[0.127s] Level 1:colcon.colcon_core.package_identification:_identify(src/cable_robot_firmware/src) by extensions ['ros']
[0.127s] Level 1:colcon.colcon_core.package_identification:_identify(src/cable_robot_firmware/src) by extension 'ros'
[0.127s] Level 1:colcon.colcon_core.package_identification:_identify(src/cable_robot_firmware/src) by extensions ['cmake', 'python']
[0.127s] Level 1:colcon.colcon_core.package_identification:_identify(src/cable_robot_firmware/src) by extension 'cmake'
[0.127s] Level 1:colcon.colcon_core.package_identification:_identify(src/cable_robot_firmware/src) by extension 'python'
[0.127s] Level 1:colcon.colcon_core.package_identification:_identify(src/cable_robot_firmware/src) by extensions ['python_setup_py']
[0.127s] Level 1:colcon.colcon_core.package_identification:_identify(src/cable_robot_firmware/src) by extension 'python_setup_py'
[0.127s] Level 1:colcon.colcon_core.package_discovery:discover_packages(recursive) using defaults
[0.127s] Level 1:colcon.colcon_core.package_discovery:discover_packages(ignore) discover
[0.127s] Level 1:colcon.colcon_core.package_discovery:discover_packages(ignore) using defaults
[0.127s] Level 1:colcon.colcon_core.package_discovery:discover_packages(path) discover
[0.127s] Level 1:colcon.colcon_core.package_discovery:discover_packages(path) using defaults
[0.137s] Level 1:colcon.colcon_core.package_discovery:discover_packages(prefix_path) check parameters
[0.137s] Level 1:colcon.colcon_core.package_discovery:discover_packages(prefix_path) discover
[0.138s] DEBUG:colcon.colcon_installed_package_information.package_discovery:Found 16 installed packages in /home/luke/ros2_ws/install
[0.139s] DEBUG:colcon.colcon_installed_package_information.package_discovery:Found 252 installed packages in /opt/ros/humble
[0.139s] Level 1:colcon.colcon_core.package_discovery:discover_packages(prefix_path) using defaults
[0.158s] Level 5:colcon.colcon_core.verb:set package 'cable_robot_description' build argument 'cmake_args' from command line to 'None'
[0.159s] Level 5:colcon.colcon_core.verb:set package 'cable_robot_description' build argument 'cmake_target' from command line to 'None'
[0.159s] Level 5:colcon.colcon_core.verb:set package 'cable_robot_description' build argument 'cmake_target_skip_unavailable' from command line to 'False'
[0.159s] Level 5:colcon.colcon_core.verb:set package 'cable_robot_description' build argument 'cmake_clean_cache' from command line to 'False'
[0.159s] Level 5:colcon.colcon_core.verb:set package 'cable_robot_description' build argument 'cmake_clean_first' from command line to 'False'
[0.159s] Level 5:colcon.colcon_core.verb:set package 'cable_robot_description' build argument 'cmake_force_configure' from command line to 'False'
[0.159s] Level 5:colcon.colcon_core.verb:set package 'cable_robot_description' build argument 'ament_cmake_args' from command line to 'None'
[0.159s] Level 5:colcon.colcon_core.verb:set package 'cable_robot_description' build argument 'catkin_cmake_args' from command line to 'None'
[0.159s] Level 5:colcon.colcon_core.verb:set package 'cable_robot_description' build argument 'catkin_skip_building_tests' from command line to 'False'
[0.159s] DEBUG:colcon.colcon_core.verb:Building package 'cable_robot_description' with the following arguments: {'ament_cmake_args': None, 'build_base': '/home/luke/git/CDPRX/cable_robot_ws/build/cable_robot_description', 'catkin_cmake_args': None, 'catkin_skip_building_tests': False, 'cmake_args': None, 'cmake_clean_cache': False, 'cmake_clean_first': False, 'cmake_force_configure': False, 'cmake_target': None, 'cmake_target_skip_unavailable': False, 'install_base': '/home/luke/git/CDPRX/cable_robot_ws/install/cable_robot_description', 'merge_install': False, 'path': '/home/luke/git/CDPRX/cable_robot_ws/src/cable_robot_description', 'symlink_install': False, 'test_result_base': None}
[0.159s] Level 5:colcon.colcon_core.verb:set package 'cdprx' build argument 'cmake_args' from command line to 'None'
[0.159s] Level 5:colcon.colcon_core.verb:set package 'cdprx' build argument 'cmake_target' from command line to 'None'
[0.159s] Level 5:colcon.colcon_core.verb:set package 'cdprx' build argument 'cmake_target_skip_unavailable' from command line to 'False'
[0.159s] Level 5:colcon.colcon_core.verb:set package 'cdprx' build argument 'cmake_clean_cache' from command line to 'False'
[0.159s] Level 5:colcon.colcon_core.verb:set package 'cdprx' build argument 'cmake_clean_first' from command line to 'False'
[0.159s] Level 5:colcon.colcon_core.verb:set package 'cdprx' build argument 'cmake_force_configure' from command line to 'False'
[0.159s] Level 5:colcon.colcon_core.verb:set package 'cdprx' build argument 'ament_cmake_args' from command line to 'None'
[0.159s] Level 5:colcon.colcon_core.verb:set package 'cdprx' build argument 'catkin_cmake_args' from command line to 'None'
[0.159s] Level 5:colcon.colcon_core.verb:set package 'cdprx' build argument 'catkin_skip_building_tests' from command line to 'False'
[0.159s] DEBUG:colcon.colcon_core.verb:Building package 'cdprx' with the following arguments: {'ament_cmake_args': None, 'build_base': '/home/luke/git/CDPRX/cable_robot_ws/build/cdprx', 'catkin_cmake_args': None, 'catkin_skip_building_tests': False, 'cmake_args': None, 'cmake_clean_cache': False, 'cmake_clean_first': False, 'cmake_force_configure': False, 'cmake_target': None, 'cmake_target_skip_unavailable': False, 'install_base': '/home/luke/git/CDPRX/cable_robot_ws/install/cdprx', 'merge_install': False, 'path': '/home/luke/git/CDPRX/cable_robot_ws/src/cable_robot_control', 'symlink_install': False, 'test_result_base': None}
[0.159s] INFO:colcon.colcon_core.executor:Executing jobs using 'parallel' executor
[0.160s] DEBUG:colcon.colcon_parallel_executor.executor.parallel:run_until_complete
[0.160s] INFO:colcon.colcon_ros.task.ament_cmake.build:Building ROS package in '/home/luke/git/CDPRX/cable_robot_ws/src/cable_robot_description' with build type 'ament_cmake'
[0.160s] INFO:colcon.colcon_cmake.task.cmake.build:Building CMake package in '/home/luke/git/CDPRX/cable_robot_ws/src/cable_robot_description'
[0.161s] INFO:colcon.colcon_core.plugin_system:Skipping extension 'colcon_core.shell.bat': Not used on non-Windows systems
[0.161s] INFO:colcon.colcon_core.shell:Skip shell extension 'powershell' for command environment: Not usable outside of PowerShell
[0.161s] DEBUG:colcon.colcon_core.shell:Skip shell extension 'dsv' for command environment
[0.163s] INFO:colcon.colcon_ros.task.ament_cmake.build:Building ROS package in '/home/luke/git/CDPRX/cable_robot_ws/src/cable_robot_control' with build type 'ament_cmake'
[0.163s] INFO:colcon.colcon_cmake.task.cmake.build:Building CMake package in '/home/luke/git/CDPRX/cable_robot_ws/src/cable_robot_control'
[0.163s] INFO:colcon.colcon_core.shell:Skip shell extension 'powershell' for command environment: Not usable outside of PowerShell
[0.163s] DEBUG:colcon.colcon_core.shell:Skip shell extension 'dsv' for command environment
[0.167s] DEBUG:colcon.colcon_core.event_handler.log_command:Invoking command in '/home/luke/git/CDPRX/cable_robot_ws/build/cable_robot_description': CMAKE_PREFIX_PATH=${CMAKE_PREFIX_PATH}:/home/luke/ros2_ws/install/sjtu_drone_control:/home/luke/ros2_ws/install/sjtu_drone_bringup:/opt/ros/humble /usr/bin/cmake --build /home/luke/git/CDPRX/cable_robot_ws/build/cable_robot_description -- -j24 -l24
[0.168s] DEBUG:colcon.colcon_core.event_handler.log_command:Invoking command in '/home/luke/git/CDPRX/cable_robot_ws/build/cdprx': CMAKE_PREFIX_PATH=${CMAKE_PREFIX_PATH}:/home/luke/ros2_ws/install/sjtu_drone_control:/home/luke/ros2_ws/install/sjtu_drone_bringup:/opt/ros/humble /usr/bin/cmake --build /home/luke/git/CDPRX/cable_robot_ws/build/cdprx -- -j24 -l24
[0.188s] DEBUG:colcon.colcon_core.event_handler.log_command:Invoked command in '/home/luke/git/CDPRX/cable_robot_ws/build/cable_robot_description' returned '0': CMAKE_PREFIX_PATH=${CMAKE_PREFIX_PATH}:/home/luke/ros2_ws/install/sjtu_drone_control:/home/luke/ros2_ws/install/sjtu_drone_bringup:/opt/ros/humble /usr/bin/cmake --build /home/luke/git/CDPRX/cable_robot_ws/build/cable_robot_description -- -j24 -l24
[0.193s] DEBUG:colcon.colcon_core.event_handler.log_command:Invoking command in '/home/luke/git/CDPRX/cable_robot_ws/build/cable_robot_description': CMAKE_PREFIX_PATH=${CMAKE_PREFIX_PATH}:/home/luke/ros2_ws/install/sjtu_drone_control:/home/luke/ros2_ws/install/sjtu_drone_bringup:/opt/ros/humble /usr/bin/cmake --install /home/luke/git/CDPRX/cable_robot_ws/build/cable_robot_description
[0.199s] Level 1:colcon.colcon_core.environment:create_environment_scripts_only(cable_robot_description)
[0.199s] DEBUG:colcon.colcon_core.event_handler.log_command:Invoked command in '/home/luke/git/CDPRX/cable_robot_ws/build/cable_robot_description' returned '0': CMAKE_PREFIX_PATH=${CMAKE_PREFIX_PATH}:/home/luke/ros2_ws/install/sjtu_drone_control:/home/luke/ros2_ws/install/sjtu_drone_bringup:/opt/ros/humble /usr/bin/cmake --install /home/luke/git/CDPRX/cable_robot_ws/build/cable_robot_description
[0.201s] Level 1:colcon.colcon_core.environment:checking '/home/luke/git/CDPRX/cable_robot_ws/install/cable_robot_description' for CMake module files
[0.201s] Level 1:colcon.colcon_core.environment:checking '/home/luke/git/CDPRX/cable_robot_ws/install/cable_robot_description' for CMake config files
[0.201s] Level 1:colcon.colcon_core.shell:create_environment_hook('cable_robot_description', 'cmake_prefix_path')
[0.201s] INFO:colcon.colcon_core.shell:Creating environment hook '/home/luke/git/CDPRX/cable_robot_ws/install/cable_robot_description/share/cable_robot_description/hook/cmake_prefix_path.ps1'
[0.201s] INFO:colcon.colcon_core.shell:Creating environment descriptor '/home/luke/git/CDPRX/cable_robot_ws/install/cable_robot_description/share/cable_robot_description/hook/cmake_prefix_path.dsv'
[0.202s] INFO:colcon.colcon_core.shell:Creating environment hook '/home/luke/git/CDPRX/cable_robot_ws/install/cable_robot_description/share/cable_robot_description/hook/cmake_prefix_path.sh'
[0.202s] Level 1:colcon.colcon_core.environment:checking '/home/luke/git/CDPRX/cable_robot_ws/install/cable_robot_description/bin'
[0.202s] Level 1:colcon.colcon_core.environment:checking '/home/luke/git/CDPRX/cable_robot_ws/install/cable_robot_description/lib/pkgconfig/cable_robot_description.pc'
[0.202s] Level 1:colcon.colcon_core.environment:checking '/home/luke/git/CDPRX/cable_robot_ws/install/cable_robot_description/lib/python3.10/site-packages'
[0.202s] Level 1:colcon.colcon_core.environment:checking '/home/luke/git/CDPRX/cable_robot_ws/install/cable_robot_description/bin'
[0.202s] INFO:colcon.colcon_core.shell:Creating package script '/home/luke/git/CDPRX/cable_robot_ws/install/cable_robot_description/share/cable_robot_description/package.ps1'
[0.203s] INFO:colcon.colcon_core.shell:Creating package descriptor '/home/luke/git/CDPRX/cable_robot_ws/install/cable_robot_description/share/cable_robot_description/package.dsv'
[0.203s] INFO:colcon.colcon_core.shell:Creating package script '/home/luke/git/CDPRX/cable_robot_ws/install/cable_robot_description/share/cable_robot_description/package.sh'
[0.203s] INFO:colcon.colcon_core.shell:Creating package script '/home/luke/git/CDPRX/cable_robot_ws/install/cable_robot_description/share/cable_robot_description/package.bash'
[0.204s] INFO:colcon.colcon_core.shell:Creating package script '/home/luke/git/CDPRX/cable_robot_ws/install/cable_robot_description/share/cable_robot_description/package.zsh'
[0.204s] Level 1:colcon.colcon_core.environment:create_file_with_runtime_dependencies(/home/luke/git/CDPRX/cable_robot_ws/install/cable_robot_description/share/colcon-core/packages/cable_robot_description)
[0.204s] Level 1:colcon.colcon_core.environment:create_environment_scripts_only(cable_robot_description)
[0.204s] Level 1:colcon.colcon_core.environment:checking '/home/luke/git/CDPRX/cable_robot_ws/install/cable_robot_description' for CMake module files
[0.205s] Level 1:colcon.colcon_core.environment:checking '/home/luke/git/CDPRX/cable_robot_ws/install/cable_robot_description' for CMake config files
[0.205s] Level 1:colcon.colcon_core.shell:create_environment_hook('cable_robot_description', 'cmake_prefix_path')
[0.205s] INFO:colcon.colcon_core.shell:Creating environment hook '/home/luke/git/CDPRX/cable_robot_ws/install/cable_robot_description/share/cable_robot_description/hook/cmake_prefix_path.ps1'
[0.205s] INFO:colcon.colcon_core.shell:Creating environment descriptor '/home/luke/git/CDPRX/cable_robot_ws/install/cable_robot_description/share/cable_robot_description/hook/cmake_prefix_path.dsv'
[0.205s] INFO:colcon.colcon_core.shell:Creating environment hook '/home/luke/git/CDPRX/cable_robot_ws/install/cable_robot_description/share/cable_robot_description/hook/cmake_prefix_path.sh'
[0.205s] Level 1:colcon.colcon_core.environment:checking '/home/luke/git/CDPRX/cable_robot_ws/install/cable_robot_description/bin'
[0.205s] Level 1:colcon.colcon_core.environment:checking '/home/luke/git/CDPRX/cable_robot_ws/install/cable_robot_description/lib/pkgconfig/cable_robot_description.pc'
[0.206s] Level 1:colcon.colcon_core.environment:checking '/home/luke/git/CDPRX/cable_robot_ws/install/cable_robot_description/lib/python3.10/site-packages'
[0.206s] Level 1:colcon.colcon_core.environment:checking '/home/luke/git/CDPRX/cable_robot_ws/install/cable_robot_description/bin'
[0.206s] INFO:colcon.colcon_core.shell:Creating package script '/home/luke/git/CDPRX/cable_robot_ws/install/cable_robot_description/share/cable_robot_description/package.ps1'
[0.206s] INFO:colcon.colcon_core.shell:Creating package descriptor '/home/luke/git/CDPRX/cable_robot_ws/install/cable_robot_description/share/cable_robot_description/package.dsv'
[0.206s] INFO:colcon.colcon_core.shell:Creating package script '/home/luke/git/CDPRX/cable_robot_ws/install/cable_robot_description/share/cable_robot_description/package.sh'
[0.206s] INFO:colcon.colcon_core.shell:Creating package script '/home/luke/git/CDPRX/cable_robot_ws/install/cable_robot_description/share/cable_robot_description/package.bash'
[0.207s] INFO:colcon.colcon_core.shell:Creating package script '/home/luke/git/CDPRX/cable_robot_ws/install/cable_robot_description/share/cable_robot_description/package.zsh'
[0.207s] Level 1:colcon.colcon_core.environment:create_file_with_runtime_dependencies(/home/luke/git/CDPRX/cable_robot_ws/install/cable_robot_description/share/colcon-core/packages/cable_robot_description)
[0.508s] DEBUG:colcon.colcon_core.event_handler.log_command:Invoked command in '/home/luke/git/CDPRX/cable_robot_ws/build/cdprx' returned '0': CMAKE_PREFIX_PATH=${CMAKE_PREFIX_PATH}:/home/luke/ros2_ws/install/sjtu_drone_control:/home/luke/ros2_ws/install/sjtu_drone_bringup:/opt/ros/humble /usr/bin/cmake --build /home/luke/git/CDPRX/cable_robot_ws/build/cdprx -- -j24 -l24
[0.510s] DEBUG:colcon.colcon_core.event_handler.log_command:Invoking command in '/home/luke/git/CDPRX/cable_robot_ws/build/cdprx': CMAKE_PREFIX_PATH=${CMAKE_PREFIX_PATH}:/home/luke/ros2_ws/install/sjtu_drone_control:/home/luke/ros2_ws/install/sjtu_drone_bringup:/opt/ros/humble /usr/bin/cmake --install /home/luke/git/CDPRX/cable_robot_ws/build/cdprx
[0.523s] Level 1:colcon.colcon_core.environment:create_environment_scripts_only(cdprx)
[0.523s] Level 1:colcon.colcon_core.environment:checking '/home/luke/git/CDPRX/cable_robot_ws/install/cdprx' for CMake module files
[0.524s] DEBUG:colcon.colcon_core.event_handler.log_command:Invoked command in '/home/luke/git/CDPRX/cable_robot_ws/build/cdprx' returned '0': CMAKE_PREFIX_PATH=${CMAKE_PREFIX_PATH}:/home/luke/ros2_ws/install/sjtu_drone_control:/home/luke/ros2_ws/install/sjtu_drone_bringup:/opt/ros/humble /usr/bin/cmake --install /home/luke/git/CDPRX/cable_robot_ws/build/cdprx
[0.525s] Level 1:colcon.colcon_core.environment:checking '/home/luke/git/CDPRX/cable_robot_ws/install/cdprx' for CMake config files
[0.525s] Level 1:colcon.colcon_core.shell:create_environment_hook('cdprx', 'cmake_prefix_path')
[0.525s] INFO:colcon.colcon_core.shell:Creating environment hook '/home/luke/git/CDPRX/cable_robot_ws/install/cdprx/share/cdprx/hook/cmake_prefix_path.ps1'
[0.526s] INFO:colcon.colcon_core.shell:Creating environment descriptor '/home/luke/git/CDPRX/cable_robot_ws/install/cdprx/share/cdprx/hook/cmake_prefix_path.dsv'
[0.526s] INFO:colcon.colcon_core.shell:Creating environment hook '/home/luke/git/CDPRX/cable_robot_ws/install/cdprx/share/cdprx/hook/cmake_prefix_path.sh'
[0.527s] Level 1:colcon.colcon_core.environment:checking '/home/luke/git/CDPRX/cable_robot_ws/install/cdprx/bin'
[0.527s] Level 1:colcon.colcon_core.environment:checking '/home/luke/git/CDPRX/cable_robot_ws/install/cdprx/lib/pkgconfig/cdprx.pc'
[0.527s] Level 1:colcon.colcon_core.environment:checking '/home/luke/git/CDPRX/cable_robot_ws/install/cdprx/lib/python3.10/site-packages'
[0.527s] Level 1:colcon.colcon_core.environment:checking '/home/luke/git/CDPRX/cable_robot_ws/install/cdprx/bin'
[0.527s] INFO:colcon.colcon_core.shell:Creating package script '/home/luke/git/CDPRX/cable_robot_ws/install/cdprx/share/cdprx/package.ps1'
[0.528s] INFO:colcon.colcon_core.shell:Creating package descriptor '/home/luke/git/CDPRX/cable_robot_ws/install/cdprx/share/cdprx/package.dsv'
[0.528s] INFO:colcon.colcon_core.shell:Creating package script '/home/luke/git/CDPRX/cable_robot_ws/install/cdprx/share/cdprx/package.sh'
[0.528s] INFO:colcon.colcon_core.shell:Creating package script '/home/luke/git/CDPRX/cable_robot_ws/install/cdprx/share/cdprx/package.bash'
[0.529s] INFO:colcon.colcon_core.shell:Creating package script '/home/luke/git/CDPRX/cable_robot_ws/install/cdprx/share/cdprx/package.zsh'
[0.529s] Level 1:colcon.colcon_core.environment:create_file_with_runtime_dependencies(/home/luke/git/CDPRX/cable_robot_ws/install/cdprx/share/colcon-core/packages/cdprx)
[0.529s] Level 1:colcon.colcon_core.environment:create_environment_scripts_only(cdprx)
[0.530s] Level 1:colcon.colcon_core.environment:checking '/home/luke/git/CDPRX/cable_robot_ws/install/cdprx' for CMake module files
[0.530s] Level 1:colcon.colcon_core.environment:checking '/home/luke/git/CDPRX/cable_robot_ws/install/cdprx' for CMake config files
[0.530s] Level 1:colcon.colcon_core.shell:create_environment_hook('cdprx', 'cmake_prefix_path')
[0.530s] INFO:colcon.colcon_core.shell:Creating environment hook '/home/luke/git/CDPRX/cable_robot_ws/install/cdprx/share/cdprx/hook/cmake_prefix_path.ps1'
[0.530s] INFO:colcon.colcon_core.shell:Creating environment descriptor '/home/luke/git/CDPRX/cable_robot_ws/install/cdprx/share/cdprx/hook/cmake_prefix_path.dsv'
[0.531s] INFO:colcon.colcon_core.shell:Creating environment hook '/home/luke/git/CDPRX/cable_robot_ws/install/cdprx/share/cdprx/hook/cmake_prefix_path.sh'
[0.531s] Level 1:colcon.colcon_core.environment:checking '/home/luke/git/CDPRX/cable_robot_ws/install/cdprx/bin'
[0.531s] Level 1:colcon.colcon_core.environment:checking '/home/luke/git/CDPRX/cable_robot_ws/install/cdprx/lib/pkgconfig/cdprx.pc'
[0.531s] Level 1:colcon.colcon_core.environment:checking '/home/luke/git/CDPRX/cable_robot_ws/install/cdprx/lib/python3.10/site-packages'
[0.531s] Level 1:colcon.colcon_core.environment:checking '/home/luke/git/CDPRX/cable_robot_ws/install/cdprx/bin'
[0.531s] INFO:colcon.colcon_core.shell:Creating package script '/home/luke/git/CDPRX/cable_robot_ws/install/cdprx/share/cdprx/package.ps1'
[0.532s] INFO:colcon.colcon_core.shell:Creating package descriptor '/home/luke/git/CDPRX/cable_robot_ws/install/cdprx/share/cdprx/package.dsv'
[0.532s] INFO:colcon.colcon_core.shell:Creating package script '/home/luke/git/CDPRX/cable_robot_ws/install/cdprx/share/cdprx/package.sh'
[0.532s] INFO:colcon.colcon_core.shell:Creating package script '/home/luke/git/CDPRX/cable_robot_ws/install/cdprx/share/cdprx/package.bash'
[0.532s] INFO:colcon.colcon_core.shell:Creating package script '/home/luke/git/CDPRX/cable_robot_ws/install/cdprx/share/cdprx/package.zsh'
[0.532s] Level 1:colcon.colcon_core.environment:create_file_with_runtime_dependencies(/home/luke/git/CDPRX/cable_robot_ws/install/cdprx/share/colcon-core/packages/cdprx)
[0.533s] DEBUG:colcon.colcon_parallel_executor.executor.parallel:closing loop
[0.533s] DEBUG:colcon.colcon_parallel_executor.executor.parallel:loop closed
[0.533s] DEBUG:colcon.colcon_parallel_executor.executor.parallel:run_until_complete finished with '0'
[0.533s] DEBUG:colcon.colcon_core.event_reactor:joining thread
[0.538s] INFO:colcon.colcon_core.plugin_system:Skipping extension 'colcon_notification.desktop_notification.terminal_notifier': Not used on non-Darwin systems
[0.539s] INFO:colcon.colcon_core.plugin_system:Skipping extension 'colcon_notification.desktop_notification.win32': Not used on non-Windows systems
[0.539s] INFO:colcon.colcon_notification.desktop_notification:Sending desktop notification using 'notify2'
[0.550s] DEBUG:colcon.colcon_core.event_reactor:joined thread
[0.550s] INFO:colcon.colcon_core.shell:Creating prefix script '/home/luke/git/CDPRX/cable_robot_ws/install/local_setup.ps1'
[0.551s] INFO:colcon.colcon_core.shell:Creating prefix util module '/home/luke/git/CDPRX/cable_robot_ws/install/_local_setup_util_ps1.py'
[0.553s] INFO:colcon.colcon_core.shell:Creating prefix chain script '/home/luke/git/CDPRX/cable_robot_ws/install/setup.ps1'
[0.554s] INFO:colcon.colcon_core.shell:Creating prefix script '/home/luke/git/CDPRX/cable_robot_ws/install/local_setup.sh'
[0.554s] INFO:colcon.colcon_core.shell:Creating prefix util module '/home/luke/git/CDPRX/cable_robot_ws/install/_local_setup_util_sh.py'
[0.554s] INFO:colcon.colcon_core.shell:Creating prefix chain script '/home/luke/git/CDPRX/cable_robot_ws/install/setup.sh'
[0.555s] INFO:colcon.colcon_core.shell:Creating prefix script '/home/luke/git/CDPRX/cable_robot_ws/install/local_setup.bash'
[0.555s] INFO:colcon.colcon_core.shell:Creating prefix chain script '/home/luke/git/CDPRX/cable_robot_ws/install/setup.bash'
[0.556s] INFO:colcon.colcon_core.shell:Creating prefix script '/home/luke/git/CDPRX/cable_robot_ws/install/local_setup.zsh'
[0.556s] INFO:colcon.colcon_core.shell:Creating prefix chain script '/home/luke/git/CDPRX/cable_robot_ws/install/setup.zsh'
