[1.712s] DEBUG:colcon:Command line arguments: ['/usr/bin/colcon', 'build', '--packages-select', 'cdprx']
[1.712s] DEBUG:colcon:Parsed command line arguments: Namespace(log_base=None, log_level=None, verb_name='build', build_base='build', install_base='install', merge_install=False, symlink_install=False, test_result_base=None, continue_on_error=False, executor='parallel', parallel_workers=12, event_handlers=None, ignore_user_meta=False, metas=['./colcon.meta'], base_paths=['.'], packages_ignore=None, packages_ignore_regex=None, paths=None, packages_up_to=None, packages_up_to_regex=None, packages_above=None, packages_above_and_dependencies=None, packages_above_depth=None, packages_select_by_dep=None, packages_skip_by_dep=None, packages_skip_up_to=None, packages_select_build_failed=False, packages_skip_build_finished=False, packages_select_test_failures=False, packages_skip_test_passed=False, packages_select=['cdprx'], packages_skip=None, packages_select_regex=None, packages_skip_regex=None, packages_start=None, packages_end=None, allow_overriding=[], cmake_args=None, cmake_target=None, cmake_target_skip_unavailable=False, cmake_clean_cache=False, cmake_clean_first=False, cmake_force_configure=False, ament_cmake_args=None, catkin_cmake_args=None, catkin_skip_building_tests=False, verb_parser=<colcon_defaults.argument_parser.defaults.DefaultArgumentsDecorator object at 0x76fc13b12a70>, verb_extension=<colcon_core.verb.build.BuildVerb object at 0x76fc13f553c0>, main=<bound method BuildVerb.main of <colcon_core.verb.build.BuildVerb object at 0x76fc13f553c0>>)
[1.798s] Level 1:colcon.colcon_core.package_discovery:discover_packages(colcon_meta) check parameters
[1.798s] Level 1:colcon.colcon_core.package_discovery:discover_packages(recursive) check parameters
[1.798s] Level 1:colcon.colcon_core.package_discovery:discover_packages(ignore) check parameters
[1.798s] Level 1:colcon.colcon_core.package_discovery:discover_packages(path) check parameters
[1.798s] Level 1:colcon.colcon_core.package_discovery:discover_packages(colcon_meta) discover
[1.798s] Level 1:colcon.colcon_core.package_discovery:discover_packages(recursive) discover
[1.798s] INFO:colcon.colcon_core.package_discovery:Crawling recursively for packages in '/home/luke/git/CDPRX'
[1.798s] Level 1:colcon.colcon_core.package_identification:_identify(.) by extensions ['ignore', 'ignore_ament_install']
[1.799s] Level 1:colcon.colcon_core.package_identification:_identify(.) by extension 'ignore'
[1.799s] Level 1:colcon.colcon_core.package_identification:_identify(.) by extension 'ignore_ament_install'
[1.799s] Level 1:colcon.colcon_core.package_identification:_identify(.) by extensions ['colcon_pkg']
[1.799s] Level 1:colcon.colcon_core.package_identification:_identify(.) by extension 'colcon_pkg'
[1.799s] Level 1:colcon.colcon_core.package_identification:_identify(.) by extensions ['colcon_meta']
[1.799s] Level 1:colcon.colcon_core.package_identification:_identify(.) by extension 'colcon_meta'
[1.799s] Level 1:colcon.colcon_core.package_identification:_identify(.) by extensions ['ros']
[1.799s] Level 1:colcon.colcon_core.package_identification:_identify(.) by extension 'ros'
[1.821s] DEBUG:colcon.colcon_core.package_identification:Package '.' with type 'ros.ament_cmake' and name 'cdprx'
[1.821s] Level 1:colcon.colcon_core.package_discovery:discover_packages(recursive) using defaults
[1.821s] Level 1:colcon.colcon_core.package_discovery:discover_packages(ignore) discover
[1.821s] Level 1:colcon.colcon_core.package_discovery:discover_packages(ignore) using defaults
[1.821s] Level 1:colcon.colcon_core.package_discovery:discover_packages(path) discover
[1.821s] Level 1:colcon.colcon_core.package_discovery:discover_packages(path) using defaults
[1.968s] Level 1:colcon.colcon_core.package_discovery:discover_packages(prefix_path) check parameters
[1.968s] Level 1:colcon.colcon_core.package_discovery:discover_packages(prefix_path) discover
[2.025s] DEBUG:colcon.colcon_installed_package_information.package_discovery:Found 16 installed packages in /home/luke/ros2_ws/install
[2.052s] DEBUG:colcon.colcon_installed_package_information.package_discovery:Found 307 installed packages in /opt/ros/humble
[2.055s] Level 1:colcon.colcon_core.package_discovery:discover_packages(prefix_path) using defaults
[2.225s] Level 5:colcon.colcon_core.verb:set package 'cdprx' build argument 'cmake_args' from command line to 'None'
[2.225s] Level 5:colcon.colcon_core.verb:set package 'cdprx' build argument 'cmake_target' from command line to 'None'
[2.225s] Level 5:colcon.colcon_core.verb:set package 'cdprx' build argument 'cmake_target_skip_unavailable' from command line to 'False'
[2.225s] Level 5:colcon.colcon_core.verb:set package 'cdprx' build argument 'cmake_clean_cache' from command line to 'False'
[2.225s] Level 5:colcon.colcon_core.verb:set package 'cdprx' build argument 'cmake_clean_first' from command line to 'False'
[2.225s] Level 5:colcon.colcon_core.verb:set package 'cdprx' build argument 'cmake_force_configure' from command line to 'False'
[2.225s] Level 5:colcon.colcon_core.verb:set package 'cdprx' build argument 'ament_cmake_args' from command line to 'None'
[2.225s] Level 5:colcon.colcon_core.verb:set package 'cdprx' build argument 'catkin_cmake_args' from command line to 'None'
[2.225s] Level 5:colcon.colcon_core.verb:set package 'cdprx' build argument 'catkin_skip_building_tests' from command line to 'False'
[2.225s] DEBUG:colcon.colcon_core.verb:Building package 'cdprx' with the following arguments: {'ament_cmake_args': None, 'build_base': '/home/luke/git/CDPRX/build/cdprx', 'catkin_cmake_args': None, 'catkin_skip_building_tests': False, 'cmake_args': None, 'cmake_clean_cache': False, 'cmake_clean_first': False, 'cmake_force_configure': False, 'cmake_target': None, 'cmake_target_skip_unavailable': False, 'install_base': '/home/luke/git/CDPRX/install/cdprx', 'merge_install': False, 'path': '/home/luke/git/CDPRX', 'symlink_install': False, 'test_result_base': None}
[2.251s] INFO:colcon.colcon_core.executor:Executing jobs using 'parallel' executor
[2.275s] DEBUG:colcon.colcon_parallel_executor.executor.parallel:run_until_complete
[2.275s] INFO:colcon.colcon_ros.task.ament_cmake.build:Building ROS package in '/home/luke/git/CDPRX' with build type 'ament_cmake'
[2.276s] INFO:colcon.colcon_cmake.task.cmake.build:Building CMake package in '/home/luke/git/CDPRX'
[2.304s] INFO:colcon.colcon_core.plugin_system:Skipping extension 'colcon_core.shell.bat': Not used on non-Windows systems
[2.304s] INFO:colcon.colcon_core.shell:Skip shell extension 'powershell' for command environment: Not usable outside of PowerShell
[2.304s] DEBUG:colcon.colcon_core.shell:Skip shell extension 'dsv' for command environment
[2.422s] DEBUG:colcon.colcon_core.event_handler.log_command:Invoking command in '/home/luke/git/CDPRX/build/cdprx': CMAKE_PREFIX_PATH=${CMAKE_PREFIX_PATH}:/home/luke/ros2_ws/install/sjtu_drone_control:/home/luke/ros2_ws/install/sjtu_drone_bringup:/opt/ros/humble /usr/bin/cmake /home/luke/git/CDPRX -DCMAKE_INSTALL_PREFIX=/home/luke/git/CDPRX/install/cdprx
[4.655s] DEBUG:colcon.colcon_core.event_handler.log_command:Invoked command in '/home/luke/git/CDPRX/build/cdprx' returned '0': CMAKE_PREFIX_PATH=${CMAKE_PREFIX_PATH}:/home/luke/ros2_ws/install/sjtu_drone_control:/home/luke/ros2_ws/install/sjtu_drone_bringup:/opt/ros/humble /usr/bin/cmake /home/luke/git/CDPRX -DCMAKE_INSTALL_PREFIX=/home/luke/git/CDPRX/install/cdprx
[4.657s] DEBUG:colcon.colcon_core.event_handler.log_command:Invoking command in '/home/luke/git/CDPRX/build/cdprx': CMAKE_PREFIX_PATH=${CMAKE_PREFIX_PATH}:/home/luke/ros2_ws/install/sjtu_drone_control:/home/luke/ros2_ws/install/sjtu_drone_bringup:/opt/ros/humble /usr/bin/cmake --build /home/luke/git/CDPRX/build/cdprx -- -j12 -l12
[4.741s] DEBUG:colcon.colcon_core.event_handler.log_command:Invoked command in '/home/luke/git/CDPRX/build/cdprx' returned '0': CMAKE_PREFIX_PATH=${CMAKE_PREFIX_PATH}:/home/luke/ros2_ws/install/sjtu_drone_control:/home/luke/ros2_ws/install/sjtu_drone_bringup:/opt/ros/humble /usr/bin/cmake --build /home/luke/git/CDPRX/build/cdprx -- -j12 -l12
[4.803s] DEBUG:colcon.colcon_core.event_handler.log_command:Invoking command in '/home/luke/git/CDPRX/build/cdprx': CMAKE_PREFIX_PATH=${CMAKE_PREFIX_PATH}:/home/luke/ros2_ws/install/sjtu_drone_control:/home/luke/ros2_ws/install/sjtu_drone_bringup:/opt/ros/humble /usr/bin/cmake --install /home/luke/git/CDPRX/build/cdprx
[4.824s] DEBUG:colcon.colcon_core.event_handler.log_command:Invoked command in '/home/luke/git/CDPRX/build/cdprx' returned '1': CMAKE_PREFIX_PATH=${CMAKE_PREFIX_PATH}:/home/luke/ros2_ws/install/sjtu_drone_control:/home/luke/ros2_ws/install/sjtu_drone_bringup:/opt/ros/humble /usr/bin/cmake --install /home/luke/git/CDPRX/build/cdprx
[4.911s] Level 1:colcon.colcon_core.environment:create_environment_scripts_only(cdprx)
[4.941s] Level 1:colcon.colcon_core.environment:checking '/home/luke/git/CDPRX/install/cdprx' for CMake module files
[4.941s] Level 1:colcon.colcon_core.environment:checking '/home/luke/git/CDPRX/install/cdprx' for CMake config files
[4.941s] Level 1:colcon.colcon_core.environment:checking '/home/luke/git/CDPRX/install/cdprx/bin'
[4.942s] Level 1:colcon.colcon_core.environment:checking '/home/luke/git/CDPRX/install/cdprx/lib/pkgconfig/cdprx.pc'
[4.942s] Level 1:colcon.colcon_core.environment:checking '/home/luke/git/CDPRX/install/cdprx/lib/python3.10/site-packages'
[4.942s] Level 1:colcon.colcon_core.environment:checking '/home/luke/git/CDPRX/install/cdprx/bin'
[4.968s] INFO:colcon.colcon_core.shell:Creating package script '/home/luke/git/CDPRX/install/cdprx/share/cdprx/package.ps1'
[4.969s] INFO:colcon.colcon_core.shell:Creating package descriptor '/home/luke/git/CDPRX/install/cdprx/share/cdprx/package.dsv'
[4.970s] INFO:colcon.colcon_core.shell:Creating package script '/home/luke/git/CDPRX/install/cdprx/share/cdprx/package.sh'
[4.971s] INFO:colcon.colcon_core.shell:Creating package script '/home/luke/git/CDPRX/install/cdprx/share/cdprx/package.bash'
[4.972s] INFO:colcon.colcon_core.shell:Creating package script '/home/luke/git/CDPRX/install/cdprx/share/cdprx/package.zsh'
[4.972s] Level 1:colcon.colcon_core.environment:create_file_with_runtime_dependencies(/home/luke/git/CDPRX/install/cdprx/share/colcon-core/packages/cdprx)
[4.983s] DEBUG:colcon.colcon_parallel_executor.executor.parallel:closing loop
[4.987s] DEBUG:colcon.colcon_parallel_executor.executor.parallel:loop closed
[4.988s] DEBUG:colcon.colcon_parallel_executor.executor.parallel:run_until_complete finished with '1'
[4.988s] DEBUG:colcon.colcon_core.event_reactor:joining thread
[5.023s] INFO:colcon.colcon_core.plugin_system:Skipping extension 'colcon_notification.desktop_notification.terminal_notifier': Not used on non-Darwin systems
[5.024s] INFO:colcon.colcon_core.plugin_system:Skipping extension 'colcon_notification.desktop_notification.win32': Not used on non-Windows systems
[5.024s] INFO:colcon.colcon_notification.desktop_notification:Sending desktop notification using 'notify2'
[5.041s] DEBUG:colcon.colcon_core.event_reactor:joined thread
[5.072s] INFO:colcon.colcon_core.shell:Creating prefix script '/home/luke/git/CDPRX/install/local_setup.ps1'
[5.073s] INFO:colcon.colcon_core.shell:Creating prefix util module '/home/luke/git/CDPRX/install/_local_setup_util_ps1.py'
[5.077s] INFO:colcon.colcon_core.shell:Creating prefix chain script '/home/luke/git/CDPRX/install/setup.ps1'
[5.113s] INFO:colcon.colcon_core.shell:Creating prefix script '/home/luke/git/CDPRX/install/local_setup.sh'
[5.115s] INFO:colcon.colcon_core.shell:Creating prefix util module '/home/luke/git/CDPRX/install/_local_setup_util_sh.py'
[5.117s] INFO:colcon.colcon_core.shell:Creating prefix chain script '/home/luke/git/CDPRX/install/setup.sh'
[5.153s] INFO:colcon.colcon_core.shell:Creating prefix script '/home/luke/git/CDPRX/install/local_setup.bash'
[5.154s] INFO:colcon.colcon_core.shell:Creating prefix chain script '/home/luke/git/CDPRX/install/setup.bash'
[5.188s] INFO:colcon.colcon_core.shell:Creating prefix script '/home/luke/git/CDPRX/install/local_setup.zsh'
[5.190s] INFO:colcon.colcon_core.shell:Creating prefix chain script '/home/luke/git/CDPRX/install/setup.zsh'
