[0.168s] Invoking command in '/home/luke/git/CDPRX/build/cdprx': CMAKE_PREFIX_PATH=${CMAKE_PREFIX_PATH}:/home/luke/ros2_ws/install/sjtu_drone_control:/home/luke/ros2_ws/install/sjtu_drone_bringup:/opt/ros/humble /usr/bin/cmake --build /home/luke/git/CDPRX/build/cdprx -- -j12 -l12
[0.281s] Invoked command in '/home/luke/git/CDPRX/build/cdprx' returned '0': CMAKE_PREFIX_PATH=${CMAKE_PREFIX_PATH}:/home/luke/ros2_ws/install/sjtu_drone_control:/home/luke/ros2_ws/install/sjtu_drone_bringup:/opt/ros/humble /usr/bin/cmake --build /home/luke/git/CDPRX/build/cdprx -- -j12 -l12
[0.366s] Invoking command in '/home/luke/git/CDPRX/build/cdprx': CMAKE_PREFIX_PATH=${CMAKE_PREFIX_PATH}:/home/luke/ros2_ws/install/sjtu_drone_control:/home/luke/ros2_ws/install/sjtu_drone_bringup:/opt/ros/humble /usr/bin/cmake --install /home/luke/git/CDPRX/build/cdprx
[0.377s] -- Install configuration: ""
[0.377s] -- Up-to-date: /home/luke/git/CDPRX/install/cdprx/share/cdprx/config
[0.377s] -- Up-to-date: /home/luke/git/CDPRX/install/cdprx/share/cdprx/config/rviz
[0.377s] -- Up-to-date: /home/luke/git/CDPRX/install/cdprx/share/cdprx/config/rviz/urdf_test.rviz
[0.378s] -- Up-to-date: /home/luke/git/CDPRX/install/cdprx/share/cdprx/launch
[0.378s] -- Up-to-date: /home/luke/git/CDPRX/install/cdprx/share/cdprx/launch/test_view.launch.py
[0.378s] -- Up-to-date: /home/luke/git/CDPRX/install/cdprx/share/cdprx/launch/test.launch.py
[0.378s] -- Up-to-date: /home/luke/git/CDPRX/install/cdprx/share/cdprx/urdf
[0.379s] -- Up-to-date: /home/luke/git/CDPRX/install/cdprx/share/cdprx/urdf/components
[0.379s] -- Up-to-date: /home/luke/git/CDPRX/install/cdprx/share/cdprx/urdf/components/cable.urdf.xacro
[0.379s] -- Up-to-date: /home/luke/git/CDPRX/install/cdprx/share/cdprx/urdf/components/framePillar.urdf.xacro
[0.379s] -- Installing: /home/luke/git/CDPRX/install/cdprx/share/cdprx/urdf/components/test_robot.urdf.xacro
[0.379s] -- Up-to-date: /home/luke/git/CDPRX/install/cdprx/share/cdprx/urdf/components/winch.urdf.xacro
[0.379s] -- Up-to-date: /home/luke/git/CDPRX/install/cdprx/share/cdprx/urdf/components/frame.urdf.xacro
[0.379s] -- Up-to-date: /home/luke/git/CDPRX/install/cdprx/share/cdprx/urdf/cdpr.urdf.xacro
[0.379s] -- Up-to-date: /home/luke/git/CDPRX/install/cdprx/share/cdprx/urdf/properties
[0.379s] -- Up-to-date: /home/luke/git/CDPRX/install/cdprx/share/cdprx/urdf/properties/archive
[0.380s] -- Up-to-date: /home/luke/git/CDPRX/install/cdprx/share/cdprx/urdf/properties/archive/dimensions.xacro
[0.380s] -- Up-to-date: /home/luke/git/CDPRX/install/cdprx/share/cdprx/urdf/properties/archive/joint_limits.xacro
[0.380s] -- Up-to-date: /home/luke/git/CDPRX/install/cdprx/share/cdprx/urdf/properties/archive/pillarProps.xacro
[0.380s] -- Up-to-date: /home/luke/git/CDPRX/install/cdprx/share/cdprx/urdf/properties/archive/physical.xacro
[0.380s] -- Up-to-date: /home/luke/git/CDPRX/install/cdprx/share/cdprx/urdf/testPillar.urdf.xacro
[0.380s] -- Up-to-date: /home/luke/git/CDPRX/install/cdprx/share/ament_index/resource_index/package_run_dependencies/cdprx
[0.380s] -- Up-to-date: /home/luke/git/CDPRX/install/cdprx/share/ament_index/resource_index/parent_prefix_path/cdprx
[0.380s] -- Up-to-date: /home/luke/git/CDPRX/install/cdprx/share/cdprx/environment/ament_prefix_path.sh
[0.380s] -- Up-to-date: /home/luke/git/CDPRX/install/cdprx/share/cdprx/environment/ament_prefix_path.dsv
[0.381s] -- Up-to-date: /home/luke/git/CDPRX/install/cdprx/share/cdprx/environment/path.sh
[0.381s] -- Up-to-date: /home/luke/git/CDPRX/install/cdprx/share/cdprx/environment/path.dsv
[0.381s] -- Up-to-date: /home/luke/git/CDPRX/install/cdprx/share/cdprx/local_setup.bash
[0.381s] -- Up-to-date: /home/luke/git/CDPRX/install/cdprx/share/cdprx/local_setup.sh
[0.381s] -- Up-to-date: /home/luke/git/CDPRX/install/cdprx/share/cdprx/local_setup.zsh
[0.381s] -- Up-to-date: /home/luke/git/CDPRX/install/cdprx/share/cdprx/local_setup.dsv
[0.381s] -- Installing: /home/luke/git/CDPRX/install/cdprx/share/cdprx/package.dsv
[0.381s] -- Up-to-date: /home/luke/git/CDPRX/install/cdprx/share/ament_index/resource_index/packages/cdprx
[0.382s] -- Up-to-date: /home/luke/git/CDPRX/install/cdprx/share/cdprx/cmake/cdprxConfig.cmake
[0.382s] -- Up-to-date: /home/luke/git/CDPRX/install/cdprx/share/cdprx/cmake/cdprxConfig-version.cmake
[0.382s] -- Up-to-date: /home/luke/git/CDPRX/install/cdprx/share/cdprx/package.xml
[0.395s] Invoked command in '/home/luke/git/CDPRX/build/cdprx' returned '0': CMAKE_PREFIX_PATH=${CMAKE_PREFIX_PATH}:/home/luke/ros2_ws/install/sjtu_drone_control:/home/luke/ros2_ws/install/sjtu_drone_bringup:/opt/ros/humble /usr/bin/cmake --install /home/luke/git/CDPRX/build/cdprx
