[1.820s] DEBUG:colcon:Command line arguments: ['/usr/bin/colcon', 'build', '--packages-select', 'cdprx']
[1.821s] DEBUG:colcon:Parsed command line arguments: Namespace(log_base=None, log_level=None, verb_name='build', build_base='build', install_base='install', merge_install=False, symlink_install=False, test_result_base=None, continue_on_error=False, executor='parallel', parallel_workers=12, event_handlers=None, ignore_user_meta=False, metas=['./colcon.meta'], base_paths=['.'], packages_ignore=None, packages_ignore_regex=None, paths=None, packages_up_to=None, packages_up_to_regex=None, packages_above=None, packages_above_and_dependencies=None, packages_above_depth=None, packages_select_by_dep=None, packages_skip_by_dep=None, packages_skip_up_to=None, packages_select_build_failed=False, packages_skip_build_finished=False, packages_select_test_failures=False, packages_skip_test_passed=False, packages_select=['cdprx'], packages_skip=None, packages_select_regex=None, packages_skip_regex=None, packages_start=None, packages_end=None, allow_overriding=[], cmake_args=None, cmake_target=None, cmake_target_skip_unavailable=False, cmake_clean_cache=False, cmake_clean_first=False, cmake_force_configure=False, ament_cmake_args=None, catkin_cmake_args=None, catkin_skip_building_tests=False, verb_parser=<colcon_defaults.argument_parser.defaults.DefaultArgumentsDecorator object at 0x792ad6c16aa0>, verb_extension=<colcon_core.verb.build.BuildVerb object at 0x792ad70313c0>, main=<bound method BuildVerb.main of <colcon_core.verb.build.BuildVerb object at 0x792ad70313c0>>)
[1.902s] Level 1:colcon.colcon_core.package_discovery:discover_packages(colcon_meta) check parameters
[1.903s] Level 1:colcon.colcon_core.package_discovery:discover_packages(recursive) check parameters
[1.903s] Level 1:colcon.colcon_core.package_discovery:discover_packages(ignore) check parameters
[1.903s] Level 1:colcon.colcon_core.package_discovery:discover_packages(path) check parameters
[1.903s] Level 1:colcon.colcon_core.package_discovery:discover_packages(colcon_meta) discover
[1.903s] Level 1:colcon.colcon_core.package_discovery:discover_packages(recursive) discover
[1.903s] INFO:colcon.colcon_core.package_discovery:Crawling recursively for packages in '/home/luke/git/CDPRX'
[1.903s] Level 1:colcon.colcon_core.package_identification:_identify(.) by extensions ['ignore', 'ignore_ament_install']
[1.903s] Level 1:colcon.colcon_core.package_identification:_identify(.) by extension 'ignore'
[1.903s] Level 1:colcon.colcon_core.package_identification:_identify(.) by extension 'ignore_ament_install'
[1.903s] Level 1:colcon.colcon_core.package_identification:_identify(.) by extensions ['colcon_pkg']
[1.903s] Level 1:colcon.colcon_core.package_identification:_identify(.) by extension 'colcon_pkg'
[1.903s] Level 1:colcon.colcon_core.package_identification:_identify(.) by extensions ['colcon_meta']
[1.903s] Level 1:colcon.colcon_core.package_identification:_identify(.) by extension 'colcon_meta'
[1.903s] Level 1:colcon.colcon_core.package_identification:_identify(.) by extensions ['ros']
[1.903s] Level 1:colcon.colcon_core.package_identification:_identify(.) by extension 'ros'
[1.934s] DEBUG:colcon.colcon_core.package_identification:Package '.' with type 'ros.ament_cmake' and name 'cdprx'
[1.935s] Level 1:colcon.colcon_core.package_discovery:discover_packages(recursive) using defaults
[1.935s] Level 1:colcon.colcon_core.package_discovery:discover_packages(ignore) discover
[1.935s] Level 1:colcon.colcon_core.package_discovery:discover_packages(ignore) using defaults
[1.935s] Level 1:colcon.colcon_core.package_discovery:discover_packages(path) discover
[1.935s] Level 1:colcon.colcon_core.package_discovery:discover_packages(path) using defaults
[2.097s] Level 1:colcon.colcon_core.package_discovery:discover_packages(prefix_path) check parameters
[2.097s] Level 1:colcon.colcon_core.package_discovery:discover_packages(prefix_path) discover
[2.153s] DEBUG:colcon.colcon_installed_package_information.package_discovery:Found 2 installed packages in /home/luke/git/CDPRX/install
[2.179s] DEBUG:colcon.colcon_installed_package_information.package_discovery:Found 16 installed packages in /home/luke/ros2_ws/install
[2.207s] DEBUG:colcon.colcon_installed_package_information.package_discovery:Found 307 installed packages in /opt/ros/humble
[2.210s] Level 1:colcon.colcon_core.package_discovery:discover_packages(prefix_path) using defaults
[2.400s] Level 5:colcon.colcon_core.verb:set package 'cdprx' build argument 'cmake_args' from command line to 'None'
[2.401s] Level 5:colcon.colcon_core.verb:set package 'cdprx' build argument 'cmake_target' from command line to 'None'
[2.401s] Level 5:colcon.colcon_core.verb:set package 'cdprx' build argument 'cmake_target_skip_unavailable' from command line to 'False'
[2.401s] Level 5:colcon.colcon_core.verb:set package 'cdprx' build argument 'cmake_clean_cache' from command line to 'False'
[2.401s] Level 5:colcon.colcon_core.verb:set package 'cdprx' build argument 'cmake_clean_first' from command line to 'False'
[2.401s] Level 5:colcon.colcon_core.verb:set package 'cdprx' build argument 'cmake_force_configure' from command line to 'False'
[2.402s] Level 5:colcon.colcon_core.verb:set package 'cdprx' build argument 'ament_cmake_args' from command line to 'None'
[2.402s] Level 5:colcon.colcon_core.verb:set package 'cdprx' build argument 'catkin_cmake_args' from command line to 'None'
[2.402s] Level 5:colcon.colcon_core.verb:set package 'cdprx' build argument 'catkin_skip_building_tests' from command line to 'False'
[2.402s] DEBUG:colcon.colcon_core.verb:Building package 'cdprx' with the following arguments: {'ament_cmake_args': None, 'build_base': '/home/luke/git/CDPRX/build/cdprx', 'catkin_cmake_args': None, 'catkin_skip_building_tests': False, 'cmake_args': None, 'cmake_clean_cache': False, 'cmake_clean_first': False, 'cmake_force_configure': False, 'cmake_target': None, 'cmake_target_skip_unavailable': False, 'install_base': '/home/luke/git/CDPRX/install/cdprx', 'merge_install': False, 'path': '/home/luke/git/CDPRX', 'symlink_install': False, 'test_result_base': None}
[2.432s] INFO:colcon.colcon_core.executor:Executing jobs using 'parallel' executor
[2.462s] DEBUG:colcon.colcon_parallel_executor.executor.parallel:run_until_complete
[2.463s] INFO:colcon.colcon_ros.task.ament_cmake.build:Building ROS package in '/home/luke/git/CDPRX' with build type 'ament_cmake'
[2.463s] INFO:colcon.colcon_cmake.task.cmake.build:Building CMake package in '/home/luke/git/CDPRX'
[2.493s] INFO:colcon.colcon_core.plugin_system:Skipping extension 'colcon_core.shell.bat': Not used on non-Windows systems
[2.494s] INFO:colcon.colcon_core.shell:Skip shell extension 'powershell' for command environment: Not usable outside of PowerShell
[2.494s] DEBUG:colcon.colcon_core.shell:Skip shell extension 'dsv' for command environment
[2.646s] DEBUG:colcon.colcon_core.event_handler.log_command:Invoking command in '/home/luke/git/CDPRX/build/cdprx': CMAKE_PREFIX_PATH=${CMAKE_PREFIX_PATH}:/home/luke/ros2_ws/install/sjtu_drone_control:/home/luke/ros2_ws/install/sjtu_drone_bringup:/opt/ros/humble /usr/bin/cmake --build /home/luke/git/CDPRX/build/cdprx -- -j12 -l12
[2.761s] DEBUG:colcon.colcon_core.event_handler.log_command:Invoked command in '/home/luke/git/CDPRX/build/cdprx' returned '0': CMAKE_PREFIX_PATH=${CMAKE_PREFIX_PATH}:/home/luke/ros2_ws/install/sjtu_drone_control:/home/luke/ros2_ws/install/sjtu_drone_bringup:/opt/ros/humble /usr/bin/cmake --build /home/luke/git/CDPRX/build/cdprx -- -j12 -l12
[2.830s] DEBUG:colcon.colcon_core.event_handler.log_command:Invoking command in '/home/luke/git/CDPRX/build/cdprx': CMAKE_PREFIX_PATH=${CMAKE_PREFIX_PATH}:/home/luke/ros2_ws/install/sjtu_drone_control:/home/luke/ros2_ws/install/sjtu_drone_bringup:/opt/ros/humble /usr/bin/cmake --install /home/luke/git/CDPRX/build/cdprx
[2.851s] Level 1:colcon.colcon_core.environment:create_environment_scripts_only(cdprx)
[2.852s] DEBUG:colcon.colcon_core.event_handler.log_command:Invoked command in '/home/luke/git/CDPRX/build/cdprx' returned '0': CMAKE_PREFIX_PATH=${CMAKE_PREFIX_PATH}:/home/luke/ros2_ws/install/sjtu_drone_control:/home/luke/ros2_ws/install/sjtu_drone_bringup:/opt/ros/humble /usr/bin/cmake --install /home/luke/git/CDPRX/build/cdprx
[2.889s] Level 1:colcon.colcon_core.environment:checking '/home/luke/git/CDPRX/install/cdprx' for CMake module files
[2.890s] Level 1:colcon.colcon_core.environment:checking '/home/luke/git/CDPRX/install/cdprx' for CMake config files
[2.891s] Level 1:colcon.colcon_core.shell:create_environment_hook('cdprx', 'cmake_prefix_path')
[2.916s] INFO:colcon.colcon_core.shell:Creating environment hook '/home/luke/git/CDPRX/install/cdprx/share/cdprx/hook/cmake_prefix_path.ps1'
[2.917s] INFO:colcon.colcon_core.shell:Creating environment descriptor '/home/luke/git/CDPRX/install/cdprx/share/cdprx/hook/cmake_prefix_path.dsv'
[2.918s] INFO:colcon.colcon_core.shell:Creating environment hook '/home/luke/git/CDPRX/install/cdprx/share/cdprx/hook/cmake_prefix_path.sh'
[2.921s] Level 1:colcon.colcon_core.environment:checking '/home/luke/git/CDPRX/install/cdprx/bin'
[2.921s] Level 1:colcon.colcon_core.environment:checking '/home/luke/git/CDPRX/install/cdprx/lib/pkgconfig/cdprx.pc'
[2.921s] Level 1:colcon.colcon_core.environment:checking '/home/luke/git/CDPRX/install/cdprx/lib/python3.10/site-packages'
[2.922s] Level 1:colcon.colcon_core.environment:checking '/home/luke/git/CDPRX/install/cdprx/bin'
[2.948s] INFO:colcon.colcon_core.shell:Creating package script '/home/luke/git/CDPRX/install/cdprx/share/cdprx/package.ps1'
[2.950s] INFO:colcon.colcon_core.shell:Creating package descriptor '/home/luke/git/CDPRX/install/cdprx/share/cdprx/package.dsv'
[2.951s] INFO:colcon.colcon_core.shell:Creating package script '/home/luke/git/CDPRX/install/cdprx/share/cdprx/package.sh'
[2.953s] INFO:colcon.colcon_core.shell:Creating package script '/home/luke/git/CDPRX/install/cdprx/share/cdprx/package.bash'
[2.954s] INFO:colcon.colcon_core.shell:Creating package script '/home/luke/git/CDPRX/install/cdprx/share/cdprx/package.zsh'
[2.955s] Level 1:colcon.colcon_core.environment:create_file_with_runtime_dependencies(/home/luke/git/CDPRX/install/cdprx/share/colcon-core/packages/cdprx)
[3.023s] Level 1:colcon.colcon_core.environment:create_environment_scripts_only(cdprx)
[3.054s] Level 1:colcon.colcon_core.environment:checking '/home/luke/git/CDPRX/install/cdprx' for CMake module files
[3.054s] Level 1:colcon.colcon_core.environment:checking '/home/luke/git/CDPRX/install/cdprx' for CMake config files
[3.054s] Level 1:colcon.colcon_core.shell:create_environment_hook('cdprx', 'cmake_prefix_path')
[3.083s] INFO:colcon.colcon_core.shell:Creating environment hook '/home/luke/git/CDPRX/install/cdprx/share/cdprx/hook/cmake_prefix_path.ps1'
[3.084s] INFO:colcon.colcon_core.shell:Creating environment descriptor '/home/luke/git/CDPRX/install/cdprx/share/cdprx/hook/cmake_prefix_path.dsv'
[3.084s] INFO:colcon.colcon_core.shell:Creating environment hook '/home/luke/git/CDPRX/install/cdprx/share/cdprx/hook/cmake_prefix_path.sh'
[3.085s] Level 1:colcon.colcon_core.environment:checking '/home/luke/git/CDPRX/install/cdprx/bin'
[3.086s] Level 1:colcon.colcon_core.environment:checking '/home/luke/git/CDPRX/install/cdprx/lib/pkgconfig/cdprx.pc'
[3.086s] Level 1:colcon.colcon_core.environment:checking '/home/luke/git/CDPRX/install/cdprx/lib/python3.10/site-packages'
[3.086s] Level 1:colcon.colcon_core.environment:checking '/home/luke/git/CDPRX/install/cdprx/bin'
[3.113s] INFO:colcon.colcon_core.shell:Creating package script '/home/luke/git/CDPRX/install/cdprx/share/cdprx/package.ps1'
[3.114s] INFO:colcon.colcon_core.shell:Creating package descriptor '/home/luke/git/CDPRX/install/cdprx/share/cdprx/package.dsv'
[3.114s] INFO:colcon.colcon_core.shell:Creating package script '/home/luke/git/CDPRX/install/cdprx/share/cdprx/package.sh'
[3.114s] INFO:colcon.colcon_core.shell:Creating package script '/home/luke/git/CDPRX/install/cdprx/share/cdprx/package.bash'
[3.115s] INFO:colcon.colcon_core.shell:Creating package script '/home/luke/git/CDPRX/install/cdprx/share/cdprx/package.zsh'
[3.115s] Level 1:colcon.colcon_core.environment:create_file_with_runtime_dependencies(/home/luke/git/CDPRX/install/cdprx/share/colcon-core/packages/cdprx)
[3.116s] DEBUG:colcon.colcon_parallel_executor.executor.parallel:closing loop
[3.116s] DEBUG:colcon.colcon_parallel_executor.executor.parallel:loop closed
[3.116s] DEBUG:colcon.colcon_parallel_executor.executor.parallel:run_until_complete finished with '0'
[3.116s] DEBUG:colcon.colcon_core.event_reactor:joining thread
[3.150s] INFO:colcon.colcon_core.plugin_system:Skipping extension 'colcon_notification.desktop_notification.terminal_notifier': Not used on non-Darwin systems
[3.150s] INFO:colcon.colcon_core.plugin_system:Skipping extension 'colcon_notification.desktop_notification.win32': Not used on non-Windows systems
[3.150s] INFO:colcon.colcon_notification.desktop_notification:Sending desktop notification using 'notify2'
[3.176s] DEBUG:colcon.colcon_core.event_reactor:joined thread
[3.207s] INFO:colcon.colcon_core.shell:Creating prefix script '/home/luke/git/CDPRX/install/local_setup.ps1'
[3.209s] INFO:colcon.colcon_core.shell:Creating prefix util module '/home/luke/git/CDPRX/install/_local_setup_util_ps1.py'
[3.213s] INFO:colcon.colcon_core.shell:Creating prefix chain script '/home/luke/git/CDPRX/install/setup.ps1'
[3.252s] INFO:colcon.colcon_core.shell:Creating prefix script '/home/luke/git/CDPRX/install/local_setup.sh'
[3.253s] INFO:colcon.colcon_core.shell:Creating prefix util module '/home/luke/git/CDPRX/install/_local_setup_util_sh.py'
[3.253s] INFO:colcon.colcon_core.shell:Creating prefix chain script '/home/luke/git/CDPRX/install/setup.sh'
[3.286s] INFO:colcon.colcon_core.shell:Creating prefix script '/home/luke/git/CDPRX/install/local_setup.bash'
[3.288s] INFO:colcon.colcon_core.shell:Creating prefix chain script '/home/luke/git/CDPRX/install/setup.bash'
[3.315s] INFO:colcon.colcon_core.shell:Creating prefix script '/home/luke/git/CDPRX/install/local_setup.zsh'
[3.317s] INFO:colcon.colcon_core.shell:Creating prefix chain script '/home/luke/git/CDPRX/install/setup.zsh'
